<?xml version="1.0" encoding="UTF-8" ?>
<testsuite tests="7" failures="0" name="org.openmrs.htmlformentry.element.ConditionElementTest" time="0.722" errors="0" skipped="0">
  <properties>
[...]
</properties>
  <testcase classname="org.openmrs.htmlformentry.element.ConditionElementTest" name="handleSubmission_shouldCreateInactiveCondition" time="0.412"/>
  <testcase classname="org.openmrs.htmlformentry.element.ConditionElementTest" name="handleSubmission_shouldCreateNewCondition" time="0.001"/>
  <testcase classname="org.openmrs.htmlformentry.element.ConditionElementTest" name="validateSubmission_shouldFailValidationWhenConditionIsNotGivenAndIsRequired" time="0.004"/>
  <testcase classname="org.openmrs.htmlformentry.element.ConditionElementTest" name="handleSubmission_shouldNotAttemptSavingWhenNoConditionWasGivenAndIsNotRequired" time="0.001"/>
  <testcase classname="org.openmrs.htmlformentry.element.ConditionElementTest" name="validateSubmission_shouldFailValidationWhenOnsetDateIsGreaterThanEnddate" time="0.001"/>
  <testcase classname="org.openmrs.htmlformentry.element.ConditionElementTest" name="handleSubmission_shouldNotCreateConditionInViewMode" time="0.001"/>
  <testcase classname="org.openmrs.htmlformentry.element.ConditionElementTest" name="handleSubmission_shouldSupportNoneCodedConceptValues" time="0.001"/>
</testsuite>