<?xml version="1.0" encoding="UTF-8"?>
<testsuite xmlns:xsi="http://www.w3.org/2001/XMLSchema-instance" xsi:noNamespaceSchemaLocation="https://maven.apache.org/surefire/maven-surefire-plugin/xsd/surefire-test-report.xsd" version="3.0.2" name="org.openmrs.module.htmlformentry.MetadataSharingExportTest" time="0.277" tests="1" errors="0" skipped="0" failures="0">
  <properties>
[...]
</properties>
  <testcase name="testExportWithEncounterRoleAndProvider" classname="org.openmrs.module.htmlformentry.MetadataSharingExportTest" time="0.276">
    <system-out><![CDATA[INFO - HtmlFormEntryActivator.started(52) |2026-06-19 08:48:23,987| Started HTML Form Entry Module
DEBUG - HtmlFormExporter.stripLocalAttributesFromXml(242) |2026-06-19 08:48:23,990| Handling dependencies for tag obs
DEBUG - HtmlFormExporter.stripLocalAttributesFromXml(251) |2026-06-19 08:48:23,991| stripping substitution pattern: <obs(?:\s|\s[^>]*\s)(conceptId=".*?")
DEBUG - HtmlFormExporter.stripLocalAttributesFromXml(251) |2026-06-19 08:48:23,991| stripping substitution pattern: <obs(?:\s|\s[^>]*\s)(conceptIds=".*?")
DEBUG - HtmlFormExporter.stripLocalAttributesFromXml(251) |2026-06-19 08:48:23,991| stripping substitution pattern: <obs(?:\s|\s[^>]*\s)(answerConceptId=".*?")
DEBUG - HtmlFormExporter.stripLocalAttributesFromXml(251) |2026-06-19 08:48:23,991| stripping substitution pattern: <obs(?:\s|\s[^>]*\s)(answerDrugId=".*?")
DEBUG - HtmlFormExporter.stripLocalAttributesFromXml(251) |2026-06-19 08:48:23,991| stripping substitution pattern: <obs(?:\s|\s[^>]*\s)(answerConceptIds=".*?")
DEBUG - HtmlFormExporter.stripLocalAttributesFromXml(251) |2026-06-19 08:48:23,992| stripping substitution pattern: <obs(?:\s|\s[^>]*\s)(answerLocationTags=".*?")
DEBUG - HtmlFormExporter.stripLocalAttributesFromXml(242) |2026-06-19 08:48:23,992| Handling dependencies for tag controls
DEBUG - HtmlFormExporter.stripLocalAttributesFromXml(242) |2026-06-19 08:48:23,992| Handling dependencies for tag when
DEBUG - HtmlFormExporter.stripLocalAttributesFromXml(242) |2026-06-19 08:48:23,992| Handling dependencies for tag encounterProviderAndRole
DEBUG - HtmlFormExporter.stripLocalAttributesFromXml(251) |2026-06-19 08:48:23,992| stripping substitution pattern: <encounterProviderAndRole(?:\s|\s[^>]*\s)(default=".*?")
DEBUG - HtmlFormExporter.stripLocalAttributesFromXml(251) |2026-06-19 08:48:23,992| stripping substitution pattern: <encounterProviderAndRole(?:\s|\s[^>]*\s)(encounterRole=".*?")
DEBUG - HtmlFormExporter.stripLocalAttributesFromXml(251) |2026-06-19 08:48:23,993| stripping substitution pattern: <encounterProviderAndRole(?:\s|\s[^>]*\s)(required=".*?")
DEBUG - HtmlFormExporter.stripLocalAttributesFromXml(242) |2026-06-19 08:48:23,993| Handling dependencies for tag obsgroup
DEBUG - HtmlFormExporter.stripLocalAttributesFromXml(251) |2026-06-19 08:48:23,993| stripping substitution pattern: <obsgroup(?:\s|\s[^>]*\s)(groupingConceptId=".*?")
DEBUG - HtmlFormExporter.stripLocalAttributesFromXml(242) |2026-06-19 08:48:23,993| Handling dependencies for tag encounterDate
DEBUG - HtmlFormExporter.stripLocalAttributesFromXml(242) |2026-06-19 08:48:23,993| Handling dependencies for tag encounterProvider
DEBUG - HtmlFormExporter.stripLocalAttributesFromXml(251) |2026-06-19 08:48:23,993| stripping substitution pattern: <encounterProvider(?:\s|\s[^>]*\s)(default=".*?")
DEBUG - HtmlFormExporter.stripLocalAttributesFromXml(251) |2026-06-19 08:48:23,994| stripping substitution pattern: <encounterProvider(?:\s|\s[^>]*\s)(role=".*?")
DEBUG - HtmlFormExporter.stripLocalAttributesFromXml(251) |2026-06-19 08:48:23,994| stripping substitution pattern: <encounterProvider(?:\s|\s[^>]*\s)(required=".*?")
DEBUG - HtmlFormExporter.stripLocalAttributesFromXml(242) |2026-06-19 08:48:23,994| Handling dependencies for tag encounterLocation
DEBUG - HtmlFormExporter.stripLocalAttributesFromXml(251) |2026-06-19 08:48:23,994| stripping substitution pattern: <encounterLocation(?:\s|\s[^>]*\s)(order=".*?")
DEBUG - HtmlFormExporter.stripLocalAttributesFromXml(251) |2026-06-19 08:48:23,994| stripping substitution pattern: <encounterLocation(?:\s|\s[^>]*\s)(default=".*?")
DEBUG - HtmlFormExporter.stripLocalAttributesFromXml(251) |2026-06-19 08:48:23,994| stripping substitution pattern: <encounterLocation(?:\s|\s[^>]*\s)(tags=".*?")
DEBUG - HtmlFormExporter.stripLocalAttributesFromXml(251) |2026-06-19 08:48:23,994| stripping substitution pattern: <encounterLocation(?:\s|\s[^>]*\s)(required=".*?")
DEBUG - HtmlFormExporter.stripLocalAttributesFromXml(242) |2026-06-19 08:48:23,995| Handling dependencies for tag encounterVoided
DEBUG - HtmlFormExporter.stripLocalAttributesFromXml(242) |2026-06-19 08:48:23,995| Handling dependencies for tag enrollInProgram
DEBUG - HtmlFormExporter.stripLocalAttributesFromXml(251) |2026-06-19 08:48:23,995| stripping substitution pattern: <enrollInProgram(?:\s|\s[^>]*\s)(programId=".*?")
DEBUG - HtmlFormExporter.stripLocalAttributesFromXml(251) |2026-06-19 08:48:23,995| stripping substitution pattern: <enrollInProgram(?:\s|\s[^>]*\s)(stateIds=".*?")
DEBUG - HtmlFormExporter.stripLocalAttributesFromXml(242) |2026-06-19 08:48:23,995| Handling dependencies for tag completeProgram
DEBUG - HtmlFormExporter.stripLocalAttributesFromXml(251) |2026-06-19 08:48:23,995| stripping substitution pattern: <completeProgram(?:\s|\s[^>]*\s)(programId=".*?")
DEBUG - HtmlFormExporter.stripLocalAttributesFromXml(242) |2026-06-19 08:48:23,996| Handling dependencies for tag section
DEBUG - HtmlFormExporter.stripLocalAttributesFromXml(242) |2026-06-19 08:48:23,996| Handling dependencies for tag lookup
DEBUG - HtmlFormExporter.stripLocalAttributesFromXml(242) |2026-06-19 08:48:23,996| Handling dependencies for tag submit
DEBUG - HtmlFormExporter.stripLocalAttributesFromXml(242) |2026-06-19 08:48:23,996| Handling dependencies for tag patient
DEBUG - HtmlFormExporter.stripLocalAttributesFromXml(251) |2026-06-19 08:48:23,996| stripping substitution pattern: <patient(?:\s|\s[^>]*\s)(identifierTypeId=".*?")
DEBUG - HtmlFormExporter.stripLocalAttributesFromXml(242) |2026-06-19 08:48:23,996| Handling dependencies for tag drugOrder
DEBUG - HtmlFormExporter.stripLocalAttributesFromXml(251) |2026-06-19 08:48:23,997| stripping substitution pattern: <drugOrder(?:\s|\s[^>]*\s)(drugNames=".*?")
DEBUG - HtmlFormExporter.stripLocalAttributesFromXml(251) |2026-06-19 08:48:23,997| stripping substitution pattern: <drugOrder(?:\s|\s[^>]*\s)(discontinuedReasonConceptId=".*?")
DEBUG - HtmlFormExporter.stripLocalAttributesFromXml(251) |2026-06-19 08:48:23,997| stripping substitution pattern: <drugOrder(?:\s|\s[^>]*\s)(discontinueReasonAnswers=".*?")
DEBUG - HtmlFormExporter.stripLocalAttributesFromXml(242) |2026-06-19 08:48:23,997| Handling dependencies for tag relationship
DEBUG - HtmlFormExporter.stripLocalAttributesFromXml(251) |2026-06-19 08:48:23,997| stripping substitution pattern: <relationship(?:\s|\s[^>]*\s)(type=".*?")
DEBUG - HtmlFormExporter.stripLocalAttributesFromXml(242) |2026-06-19 08:48:23,997| Handling dependencies for tag workflowState
DEBUG - HtmlFormExporter.stripLocalAttributesFromXml(251) |2026-06-19 08:48:23,998| stripping substitution pattern: <workflowState(?:\s|\s[^>]*\s)(workflowId=".*?")
DEBUG - HtmlFormExporter.stripLocalAttributesFromXml(251) |2026-06-19 08:48:23,998| stripping substitution pattern: <workflowState(?:\s|\s[^>]*\s)(stateIds=".*?")
DEBUG - HtmlFormExporter.stripLocalAttributesFromXml(251) |2026-06-19 08:48:23,998| stripping substitution pattern: <workflowState(?:\s|\s[^>]*\s)(stateId=".*?")
DEBUG - HtmlFormExporter.stripLocalAttributesFromXml(242) |2026-06-19 08:48:23,998| Handling dependencies for tag standardRegimen
DEBUG - HtmlFormExporter.stripLocalAttributesFromXml(251) |2026-06-19 08:48:23,998| stripping substitution pattern: <standardRegimen(?:\s|\s[^>]*\s)(discontinuedReasonConceptId=".*?")
DEBUG - HtmlFormExporter.stripLocalAttributesFromXml(251) |2026-06-19 08:48:23,998| stripping substitution pattern: <standardRegimen(?:\s|\s[^>]*\s)(discontinueReasonAnswers=".*?")
DEBUG - HtmlFormExporter.stripLocalAttributesFromXml(251) |2026-06-19 08:48:23,999| stripping substitution pattern: <standardRegimen(?:\s|\s[^>]*\s)(regimenCodes=".*?")
DEBUG - HtmlFormExporter.stripLocalAttributesFromXml(242) |2026-06-19 08:48:23,999| Handling dependencies for tag encounterType
DEBUG - HtmlFormExporter.stripLocalAttributesFromXml(251) |2026-06-19 08:48:23,999| stripping substitution pattern: <encounterType(?:\s|\s[^>]*\s)(types=".*?")
DEBUG - HtmlFormExporter.stripLocalAttributesFromXml(251) |2026-06-19 08:48:23,999| stripping substitution pattern: <encounterType(?:\s|\s[^>]*\s)(default=".*?")
DEBUG - HtmlFormExporter.stripLocalAttributesFromXml(242) |2026-06-19 08:48:23,999| Handling dependencies for tag exitFromCare
DEBUG - HtmlFormExporter.stripLocalAttributesFromXml(242) |2026-06-19 08:48:23,999| Handling dependencies for tag ifMode
DEBUG - HtmlFormExporter.stripLocalAttributesFromXml(242) |2026-06-19 08:48:24,000| Handling dependencies for tag includeIf
DEBUG - HtmlFormExporter.stripLocalAttributesFromXml(242) |2026-06-19 08:48:24,000| Handling dependencies for tag excludeIf
DEBUG - HtmlFormExporter.stripLocalAttributesFromXml(242) |2026-06-19 08:48:24,000| Handling dependencies for tag redirectOnSave
DEBUG - HtmlFormExporter.stripLocalAttributesFromXml(242) |2026-06-19 08:48:24,000| Handling dependencies for tag postSubmissionAction
DEBUG - HtmlFormExporter.stripLocalAttributesFromXml(242) |2026-06-19 08:48:24,000| Handling dependencies for tag markPatientDead
DEBUG - HtmlFormExporter.stripLocalAttributesFromXml(251) |2026-06-19 08:48:24,000| stripping substitution pattern: <markPatientDead(?:\s|\s[^>]*\s)(causeOfDeathFromObs=".*?")
DEBUG - HtmlFormExporter.stripLocalAttributesFromXml(242) |2026-06-19 08:48:24,001| Handling dependencies for tag immunization
DEBUG - HtmlFormExporter.stripLocalAttributesFromXml(242) |2026-06-19 08:48:24,001| Handling dependencies for tag obsreference
DEBUG - HtmlFormExporter.stripLocalAttributesFromXml(251) |2026-06-19 08:48:24,001| stripping substitution pattern: <obsreference(?:\s|\s[^>]*\s)(conceptId=".*?")
DEBUG - HtmlFormExporter.stripLocalAttributesFromXml(251) |2026-06-19 08:48:24,001| stripping substitution pattern: <obsreference(?:\s|\s[^>]*\s)(conceptIds=".*?")
DEBUG - HtmlFormExporter.stripLocalAttributesFromXml(251) |2026-06-19 08:48:24,001| stripping substitution pattern: <obsreference(?:\s|\s[^>]*\s)(answerConceptId=".*?")
DEBUG - HtmlFormExporter.stripLocalAttributesFromXml(251) |2026-06-19 08:48:24,001| stripping substitution pattern: <obsreference(?:\s|\s[^>]*\s)(answerDrugId=".*?")
DEBUG - HtmlFormExporter.stripLocalAttributesFromXml(251) |2026-06-19 08:48:24,001| stripping substitution pattern: <obsreference(?:\s|\s[^>]*\s)(answerConceptIds=".*?")
DEBUG - HtmlFormExporter.stripLocalAttributesFromXml(251) |2026-06-19 08:48:24,001| stripping substitution pattern: <obsreference(?:\s|\s[^>]*\s)(answerLocationTags=".*?")
DEBUG - HtmlFormExporter.stripLocalAttributesFromXml(242) |2026-06-19 08:48:24,002| Handling dependencies for tag condition
DEBUG - HtmlFormSubstitutionUtils.performSubstitution(70) |2026-06-19 08:48:24,004| Handling substitutions for tag obs
DEBUG - HtmlFormSubstitutionUtils.performSubstitution(82) |2026-06-19 08:48:24,004| substitution pattern: <obs(?:\s|\s[^>]*\s)conceptId
DEBUG - HtmlFormSubstitutionUtils.performSubstitution(82) |2026-06-19 08:48:24,004| substitution pattern: <obs(?:\s|\s[^>]*\s)conceptIds
DEBUG - HtmlFormSubstitutionUtils.performSubstitution(82) |2026-06-19 08:48:24,005| substitution pattern: <obs(?:\s|\s[^>]*\s)answerConceptId
DEBUG - HtmlFormSubstitutionUtils.performSubstitution(82) |2026-06-19 08:48:24,005| substitution pattern: <obs(?:\s|\s[^>]*\s)answerDrugId
DEBUG - HtmlFormSubstitutionUtils.performSubstitution(82) |2026-06-19 08:48:24,005| substitution pattern: <obs(?:\s|\s[^>]*\s)answerConceptIds
DEBUG - HtmlFormSubstitutionUtils.performSubstitution(82) |2026-06-19 08:48:24,005| substitution pattern: <obs(?:\s|\s[^>]*\s)answerLocationTags
DEBUG - HtmlFormSubstitutionUtils.performSubstitution(70) |2026-06-19 08:48:24,006| Handling substitutions for tag controls
DEBUG - HtmlFormSubstitutionUtils.performSubstitution(70) |2026-06-19 08:48:24,006| Handling substitutions for tag when
DEBUG - HtmlFormSubstitutionUtils.performSubstitution(70) |2026-06-19 08:48:24,006| Handling substitutions for tag encounterProviderAndRole
DEBUG - HtmlFormSubstitutionUtils.performSubstitution(82) |2026-06-19 08:48:24,006| substitution pattern: <encounterProviderAndRole(?:\s|\s[^>]*\s)default
DEBUG - HtmlFormSubstitutionUtils.performSubstitution(82) |2026-06-19 08:48:24,008| substitution pattern: <encounterProviderAndRole(?:\s|\s[^>]*\s)encounterRole
DEBUG - HtmlFormSubstitutionUtils.performSubstitution(82) |2026-06-19 08:48:24,010| substitution pattern: <encounterProviderAndRole(?:\s|\s[^>]*\s)required
DEBUG - HtmlFormSubstitutionUtils.performSubstitution(70) |2026-06-19 08:48:24,010| Handling substitutions for tag obsgroup
DEBUG - HtmlFormSubstitutionUtils.performSubstitution(82) |2026-06-19 08:48:24,010| substitution pattern: <obsgroup(?:\s|\s[^>]*\s)groupingConceptId
DEBUG - HtmlFormSubstitutionUtils.performSubstitution(70) |2026-06-19 08:48:24,010| Handling substitutions for tag encounterDate
DEBUG - HtmlFormSubstitutionUtils.performSubstitution(70) |2026-06-19 08:48:24,010| Handling substitutions for tag encounterProvider
DEBUG - HtmlFormSubstitutionUtils.performSubstitution(82) |2026-06-19 08:48:24,011| substitution pattern: <encounterProvider(?:\s|\s[^>]*\s)default
DEBUG - HtmlFormSubstitutionUtils.performSubstitution(82) |2026-06-19 08:48:24,011| substitution pattern: <encounterProvider(?:\s|\s[^>]*\s)role
DEBUG - HtmlFormSubstitutionUtils.performSubstitution(82) |2026-06-19 08:48:24,011| substitution pattern: <encounterProvider(?:\s|\s[^>]*\s)required
DEBUG - HtmlFormSubstitutionUtils.performSubstitution(70) |2026-06-19 08:48:24,011| Handling substitutions for tag encounterLocation
DEBUG - HtmlFormSubstitutionUtils.performSubstitution(82) |2026-06-19 08:48:24,011| substitution pattern: <encounterLocation(?:\s|\s[^>]*\s)order
DEBUG - HtmlFormSubstitutionUtils.performSubstitution(82) |2026-06-19 08:48:24,012| substitution pattern: <encounterLocation(?:\s|\s[^>]*\s)default
DEBUG - HtmlFormSubstitutionUtils.performSubstitution(82) |2026-06-19 08:48:24,012| substitution pattern: <encounterLocation(?:\s|\s[^>]*\s)tags
DEBUG - HtmlFormSubstitutionUtils.performSubstitution(82) |2026-06-19 08:48:24,012| substitution pattern: <encounterLocation(?:\s|\s[^>]*\s)required
DEBUG - HtmlFormSubstitutionUtils.performSubstitution(70) |2026-06-19 08:48:24,012| Handling substitutions for tag encounterVoided
DEBUG - HtmlFormSubstitutionUtils.performSubstitution(70) |2026-06-19 08:48:24,012| Handling substitutions for tag enrollInProgram
DEBUG - HtmlFormSubstitutionUtils.performSubstitution(82) |2026-06-19 08:48:24,012| substitution pattern: <enrollInProgram(?:\s|\s[^>]*\s)programId
DEBUG - HtmlFormSubstitutionUtils.performSubstitution(82) |2026-06-19 08:48:24,013| substitution pattern: <enrollInProgram(?:\s|\s[^>]*\s)stateIds
DEBUG - HtmlFormSubstitutionUtils.performSubstitution(70) |2026-06-19 08:48:24,013| Handling substitutions for tag completeProgram
DEBUG - HtmlFormSubstitutionUtils.performSubstitution(82) |2026-06-19 08:48:24,013| substitution pattern: <completeProgram(?:\s|\s[^>]*\s)programId
DEBUG - HtmlFormSubstitutionUtils.performSubstitution(70) |2026-06-19 08:48:24,013| Handling substitutions for tag section
DEBUG - HtmlFormSubstitutionUtils.performSubstitution(70) |2026-06-19 08:48:24,013| Handling substitutions for tag lookup
DEBUG - HtmlFormSubstitutionUtils.performSubstitution(70) |2026-06-19 08:48:24,013| Handling substitutions for tag submit
DEBUG - HtmlFormSubstitutionUtils.performSubstitution(70) |2026-06-19 08:48:24,014| Handling substitutions for tag patient
DEBUG - HtmlFormSubstitutionUtils.performSubstitution(82) |2026-06-19 08:48:24,014| substitution pattern: <patient(?:\s|\s[^>]*\s)identifierTypeId
DEBUG - HtmlFormSubstitutionUtils.performSubstitution(70) |2026-06-19 08:48:24,014| Handling substitutions for tag drugOrder
DEBUG - HtmlFormSubstitutionUtils.performSubstitution(82) |2026-06-19 08:48:24,014| substitution pattern: <drugOrder(?:\s|\s[^>]*\s)drugNames
DEBUG - HtmlFormSubstitutionUtils.performSubstitution(82) |2026-06-19 08:48:24,014| substitution pattern: <drugOrder(?:\s|\s[^>]*\s)discontinuedReasonConceptId
DEBUG - HtmlFormSubstitutionUtils.performSubstitution(82) |2026-06-19 08:48:24,014| substitution pattern: <drugOrder(?:\s|\s[^>]*\s)discontinueReasonAnswers
DEBUG - HtmlFormSubstitutionUtils.performSubstitution(70) |2026-06-19 08:48:24,015| Handling substitutions for tag relationship
DEBUG - HtmlFormSubstitutionUtils.performSubstitution(82) |2026-06-19 08:48:24,015| substitution pattern: <relationship(?:\s|\s[^>]*\s)type
DEBUG - HtmlFormSubstitutionUtils.performSubstitution(70) |2026-06-19 08:48:24,015| Handling substitutions for tag workflowState
DEBUG - HtmlFormSubstitutionUtils.performSubstitution(82) |2026-06-19 08:48:24,015| substitution pattern: <workflowState(?:\s|\s[^>]*\s)workflowId
DEBUG - HtmlFormSubstitutionUtils.performSubstitution(82) |2026-06-19 08:48:24,015| substitution pattern: <workflowState(?:\s|\s[^>]*\s)stateIds
DEBUG - HtmlFormSubstitutionUtils.performSubstitution(82) |2026-06-19 08:48:24,015| substitution pattern: <workflowState(?:\s|\s[^>]*\s)stateId
DEBUG - HtmlFormSubstitutionUtils.performSubstitution(70) |2026-06-19 08:48:24,016| Handling substitutions for tag standardRegimen
DEBUG - HtmlFormSubstitutionUtils.performSubstitution(82) |2026-06-19 08:48:24,016| substitution pattern: <standardRegimen(?:\s|\s[^>]*\s)discontinuedReasonConceptId
DEBUG - HtmlFormSubstitutionUtils.performSubstitution(82) |2026-06-19 08:48:24,016| substitution pattern: <standardRegimen(?:\s|\s[^>]*\s)discontinueReasonAnswers
DEBUG - HtmlFormSubstitutionUtils.performSubstitution(82) |2026-06-19 08:48:24,016| substitution pattern: <standardRegimen(?:\s|\s[^>]*\s)regimenCodes
DEBUG - HtmlFormSubstitutionUtils.performSubstitution(70) |2026-06-19 08:48:24,016| Handling substitutions for tag encounterType
DEBUG - HtmlFormSubstitutionUtils.performSubstitution(82) |2026-06-19 08:48:24,016| substitution pattern: <encounterType(?:\s|\s[^>]*\s)types
DEBUG - HtmlFormSubstitutionUtils.performSubstitution(82) |2026-06-19 08:48:24,017| substitution pattern: <encounterType(?:\s|\s[^>]*\s)default
DEBUG - HtmlFormSubstitutionUtils.performSubstitution(70) |2026-06-19 08:48:24,017| Handling substitutions for tag exitFromCare
DEBUG - HtmlFormSubstitutionUtils.performSubstitution(70) |2026-06-19 08:48:24,017| Handling substitutions for tag ifMode
DEBUG - HtmlFormSubstitutionUtils.performSubstitution(70) |2026-06-19 08:48:24,017| Handling substitutions for tag includeIf
DEBUG - HtmlFormSubstitutionUtils.performSubstitution(70) |2026-06-19 08:48:24,017| Handling substitutions for tag excludeIf
DEBUG - HtmlFormSubstitutionUtils.performSubstitution(70) |2026-06-19 08:48:24,017| Handling substitutions for tag redirectOnSave
DEBUG - HtmlFormSubstitutionUtils.performSubstitution(70) |2026-06-19 08:48:24,018| Handling substitutions for tag postSubmissionAction
DEBUG - HtmlFormSubstitutionUtils.performSubstitution(70) |2026-06-19 08:48:24,018| Handling substitutions for tag markPatientDead
DEBUG - HtmlFormSubstitutionUtils.performSubstitution(82) |2026-06-19 08:48:24,018| substitution pattern: <markPatientDead(?:\s|\s[^>]*\s)causeOfDeathFromObs
DEBUG - HtmlFormSubstitutionUtils.performSubstitution(70) |2026-06-19 08:48:24,018| Handling substitutions for tag immunization
DEBUG - HtmlFormSubstitutionUtils.performSubstitution(70) |2026-06-19 08:48:24,018| Handling substitutions for tag obsreference
DEBUG - HtmlFormSubstitutionUtils.performSubstitution(82) |2026-06-19 08:48:24,018| substitution pattern: <obsreference(?:\s|\s[^>]*\s)conceptId
DEBUG - HtmlFormSubstitutionUtils.performSubstitution(82) |2026-06-19 08:48:24,018| substitution pattern: <obsreference(?:\s|\s[^>]*\s)conceptIds
DEBUG - HtmlFormSubstitutionUtils.performSubstitution(82) |2026-06-19 08:48:24,019| substitution pattern: <obsreference(?:\s|\s[^>]*\s)answerConceptId
DEBUG - HtmlFormSubstitutionUtils.performSubstitution(82) |2026-06-19 08:48:24,019| substitution pattern: <obsreference(?:\s|\s[^>]*\s)answerDrugId
DEBUG - HtmlFormSubstitutionUtils.performSubstitution(82) |2026-06-19 08:48:24,019| substitution pattern: <obsreference(?:\s|\s[^>]*\s)answerConceptIds
DEBUG - HtmlFormSubstitutionUtils.performSubstitution(82) |2026-06-19 08:48:24,019| substitution pattern: <obsreference(?:\s|\s[^>]*\s)answerLocationTags
DEBUG - HtmlFormSubstitutionUtils.performSubstitution(70) |2026-06-19 08:48:24,019| Handling substitutions for tag condition
DEBUG - HtmlFormSubstitutionUtils.performSubstitution(70) |2026-06-19 08:48:24,020| Handling substitutions for tag obs
DEBUG - HtmlFormSubstitutionUtils.performSubstitution(82) |2026-06-19 08:48:24,020| substitution pattern: <obs(?:\s|\s[^>]*\s)conceptId
DEBUG - HtmlFormSubstitutionUtils.performSubstitution(82) |2026-06-19 08:48:24,021| substitution pattern: <obs(?:\s|\s[^>]*\s)conceptIds
DEBUG - HtmlFormSubstitutionUtils.performSubstitution(82) |2026-06-19 08:48:24,021| substitution pattern: <obs(?:\s|\s[^>]*\s)answerConceptId
DEBUG - HtmlFormSubstitutionUtils.performSubstitution(82) |2026-06-19 08:48:24,021| substitution pattern: <obs(?:\s|\s[^>]*\s)answerDrugId
DEBUG - HtmlFormSubstitutionUtils.performSubstitution(82) |2026-06-19 08:48:24,021| substitution pattern: <obs(?:\s|\s[^>]*\s)answerConceptIds
DEBUG - HtmlFormSubstitutionUtils.performSubstitution(82) |2026-06-19 08:48:24,021| substitution pattern: <obs(?:\s|\s[^>]*\s)answerLocationTags
DEBUG - HtmlFormSubstitutionUtils.performSubstitution(70) |2026-06-19 08:48:24,021| Handling substitutions for tag controls
DEBUG - HtmlFormSubstitutionUtils.performSubstitution(70) |2026-06-19 08:48:24,022| Handling substitutions for tag when
DEBUG - HtmlFormSubstitutionUtils.performSubstitution(70) |2026-06-19 08:48:24,022| Handling substitutions for tag encounterProviderAndRole
DEBUG - HtmlFormSubstitutionUtils.performSubstitution(82) |2026-06-19 08:48:24,022| substitution pattern: <encounterProviderAndRole(?:\s|\s[^>]*\s)default
DEBUG - HtmlFormSubstitutionUtils.performSubstitution(82) |2026-06-19 08:48:24,022| substitution pattern: <encounterProviderAndRole(?:\s|\s[^>]*\s)encounterRole
DEBUG - HtmlFormSubstitutionUtils.performSubstitution(82) |2026-06-19 08:48:24,022| substitution pattern: <encounterProviderAndRole(?:\s|\s[^>]*\s)required
DEBUG - HtmlFormSubstitutionUtils.performSubstitution(70) |2026-06-19 08:48:24,023| Handling substitutions for tag obsgroup
DEBUG - HtmlFormSubstitutionUtils.performSubstitution(82) |2026-06-19 08:48:24,023| substitution pattern: <obsgroup(?:\s|\s[^>]*\s)groupingConceptId
DEBUG - HtmlFormSubstitutionUtils.performSubstitution(70) |2026-06-19 08:48:24,023| Handling substitutions for tag encounterDate
DEBUG - HtmlFormSubstitutionUtils.performSubstitution(70) |2026-06-19 08:48:24,023| Handling substitutions for tag encounterProvider
DEBUG - HtmlFormSubstitutionUtils.performSubstitution(82) |2026-06-19 08:48:24,023| substitution pattern: <encounterProvider(?:\s|\s[^>]*\s)default
DEBUG - HtmlFormSubstitutionUtils.performSubstitution(82) |2026-06-19 08:48:24,023| substitution pattern: <encounterProvider(?:\s|\s[^>]*\s)role
DEBUG - HtmlFormSubstitutionUtils.performSubstitution(82) |2026-06-19 08:48:24,024| substitution pattern: <encounterProvider(?:\s|\s[^>]*\s)required
DEBUG - HtmlFormSubstitutionUtils.performSubstitution(70) |2026-06-19 08:48:24,024| Handling substitutions for tag encounterLocation
DEBUG - HtmlFormSubstitutionUtils.performSubstitution(82) |2026-06-19 08:48:24,024| substitution pattern: <encounterLocation(?:\s|\s[^>]*\s)order
DEBUG - HtmlFormSubstitutionUtils.performSubstitution(82) |2026-06-19 08:48:24,024| substitution pattern: <encounterLocation(?:\s|\s[^>]*\s)default
DEBUG - HtmlFormSubstitutionUtils.performSubstitution(82) |2026-06-19 08:48:24,024| substitution pattern: <encounterLocation(?:\s|\s[^>]*\s)tags
DEBUG - HtmlFormSubstitutionUtils.performSubstitution(82) |2026-06-19 08:48:24,024| substitution pattern: <encounterLocation(?:\s|\s[^>]*\s)required
DEBUG - HtmlFormSubstitutionUtils.performSubstitution(70) |2026-06-19 08:48:24,025| Handling substitutions for tag encounterVoided
DEBUG - HtmlFormSubstitutionUtils.performSubstitution(70) |2026-06-19 08:48:24,025| Handling substitutions for tag enrollInProgram
DEBUG - HtmlFormSubstitutionUtils.performSubstitution(82) |2026-06-19 08:48:24,025| substitution pattern: <enrollInProgram(?:\s|\s[^>]*\s)programId
DEBUG - HtmlFormSubstitutionUtils.performSubstitution(82) |2026-06-19 08:48:24,025| substitution pattern: <enrollInProgram(?:\s|\s[^>]*\s)stateIds
DEBUG - HtmlFormSubstitutionUtils.performSubstitution(70) |2026-06-19 08:48:24,025| Handling substitutions for tag completeProgram
DEBUG - HtmlFormSubstitutionUtils.performSubstitution(82) |2026-06-19 08:48:24,025| substitution pattern: <completeProgram(?:\s|\s[^>]*\s)programId
DEBUG - HtmlFormSubstitutionUtils.performSubstitution(70) |2026-06-19 08:48:24,025| Handling substitutions for tag section
DEBUG - HtmlFormSubstitutionUtils.performSubstitution(70) |2026-06-19 08:48:24,026| Handling substitutions for tag lookup
DEBUG - HtmlFormSubstitutionUtils.performSubstitution(70) |2026-06-19 08:48:24,026| Handling substitutions for tag submit
DEBUG - HtmlFormSubstitutionUtils.performSubstitution(70) |2026-06-19 08:48:24,026| Handling substitutions for tag patient
DEBUG - HtmlFormSubstitutionUtils.performSubstitution(82) |2026-06-19 08:48:24,026| substitution pattern: <patient(?:\s|\s[^>]*\s)identifierTypeId
DEBUG - HtmlFormSubstitutionUtils.performSubstitution(70) |2026-06-19 08:48:24,026| Handling substitutions for tag drugOrder
DEBUG - HtmlFormSubstitutionUtils.performSubstitution(82) |2026-06-19 08:48:24,026| substitution pattern: <drugOrder(?:\s|\s[^>]*\s)drugNames
DEBUG - HtmlFormSubstitutionUtils.performSubstitution(82) |2026-06-19 08:48:24,026| substitution pattern: <drugOrder(?:\s|\s[^>]*\s)discontinuedReasonConceptId
DEBUG - HtmlFormSubstitutionUtils.performSubstitution(82) |2026-06-19 08:48:24,026| substitution pattern: <drugOrder(?:\s|\s[^>]*\s)discontinueReasonAnswers
DEBUG - HtmlFormSubstitutionUtils.performSubstitution(70) |2026-06-19 08:48:24,026| Handling substitutions for tag relationship
DEBUG - HtmlFormSubstitutionUtils.performSubstitution(82) |2026-06-19 08:48:24,027| substitution pattern: <relationship(?:\s|\s[^>]*\s)type
DEBUG - HtmlFormSubstitutionUtils.performSubstitution(70) |2026-06-19 08:48:24,027| Handling substitutions for tag workflowState
DEBUG - HtmlFormSubstitutionUtils.performSubstitution(82) |2026-06-19 08:48:24,027| substitution pattern: <workflowState(?:\s|\s[^>]*\s)workflowId
DEBUG - HtmlFormSubstitutionUtils.performSubstitution(82) |2026-06-19 08:48:24,027| substitution pattern: <workflowState(?:\s|\s[^>]*\s)stateIds
DEBUG - HtmlFormSubstitutionUtils.performSubstitution(82) |2026-06-19 08:48:24,027| substitution pattern: <workflowState(?:\s|\s[^>]*\s)stateId
DEBUG - HtmlFormSubstitutionUtils.performSubstitution(70) |2026-06-19 08:48:24,027| Handling substitutions for tag standardRegimen
DEBUG - HtmlFormSubstitutionUtils.performSubstitution(82) |2026-06-19 08:48:24,028| substitution pattern: <standardRegimen(?:\s|\s[^>]*\s)discontinuedReasonConceptId
DEBUG - HtmlFormSubstitutionUtils.performSubstitution(82) |2026-06-19 08:48:24,028| substitution pattern: <standardRegimen(?:\s|\s[^>]*\s)discontinueReasonAnswers
DEBUG - HtmlFormSubstitutionUtils.performSubstitution(82) |2026-06-19 08:48:24,028| substitution pattern: <standardRegimen(?:\s|\s[^>]*\s)regimenCodes
DEBUG - HtmlFormSubstitutionUtils.performSubstitution(70) |2026-06-19 08:48:24,028| Handling substitutions for tag encounterType
DEBUG - HtmlFormSubstitutionUtils.performSubstitution(82) |2026-06-19 08:48:24,028| substitution pattern: <encounterType(?:\s|\s[^>]*\s)types
DEBUG - HtmlFormSubstitutionUtils.performSubstitution(82) |2026-06-19 08:48:24,028| substitution pattern: <encounterType(?:\s|\s[^>]*\s)default
DEBUG - HtmlFormSubstitutionUtils.performSubstitution(70) |2026-06-19 08:48:24,029| Handling substitutions for tag exitFromCare
DEBUG - HtmlFormSubstitutionUtils.performSubstitution(70) |2026-06-19 08:48:24,029| Handling substitutions for tag ifMode
DEBUG - HtmlFormSubstitutionUtils.performSubstitution(70) |2026-06-19 08:48:24,029| Handling substitutions for tag includeIf
DEBUG - HtmlFormSubstitutionUtils.performSubstitution(70) |2026-06-19 08:48:24,029| Handling substitutions for tag excludeIf
DEBUG - HtmlFormSubstitutionUtils.performSubstitution(70) |2026-06-19 08:48:24,029| Handling substitutions for tag redirectOnSave
DEBUG - HtmlFormSubstitutionUtils.performSubstitution(70) |2026-06-19 08:48:24,029| Handling substitutions for tag postSubmissionAction
DEBUG - HtmlFormSubstitutionUtils.performSubstitution(70) |2026-06-19 08:48:24,029| Handling substitutions for tag markPatientDead
DEBUG - HtmlFormSubstitutionUtils.performSubstitution(82) |2026-06-19 08:48:24,030| substitution pattern: <markPatientDead(?:\s|\s[^>]*\s)causeOfDeathFromObs
DEBUG - HtmlFormSubstitutionUtils.performSubstitution(70) |2026-06-19 08:48:24,030| Handling substitutions for tag immunization
DEBUG - HtmlFormSubstitutionUtils.performSubstitution(70) |2026-06-19 08:48:24,030| Handling substitutions for tag obsreference
DEBUG - HtmlFormSubstitutionUtils.performSubstitution(82) |2026-06-19 08:48:24,030| substitution pattern: <obsreference(?:\s|\s[^>]*\s)conceptId
DEBUG - HtmlFormSubstitutionUtils.performSubstitution(82) |2026-06-19 08:48:24,030| substitution pattern: <obsreference(?:\s|\s[^>]*\s)conceptIds
DEBUG - HtmlFormSubstitutionUtils.performSubstitution(82) |2026-06-19 08:48:24,031| substitution pattern: <obsreference(?:\s|\s[^>]*\s)answerConceptId
DEBUG - HtmlFormSubstitutionUtils.performSubstitution(82) |2026-06-19 08:48:24,031| substitution pattern: <obsreference(?:\s|\s[^>]*\s)answerDrugId
DEBUG - HtmlFormSubstitutionUtils.performSubstitution(82) |2026-06-19 08:48:24,031| substitution pattern: <obsreference(?:\s|\s[^>]*\s)answerConceptIds
DEBUG - HtmlFormSubstitutionUtils.performSubstitution(82) |2026-06-19 08:48:24,031| substitution pattern: <obsreference(?:\s|\s[^>]*\s)answerLocationTags
DEBUG - HtmlFormSubstitutionUtils.performSubstitution(70) |2026-06-19 08:48:24,031| Handling substitutions for tag condition
DEBUG - HtmlFormExporter.calculateDependencies(106) |2026-06-19 08:48:24,037| Handling dependencies for tag obs
DEBUG - HtmlFormExporter.calculateDependencies(118) |2026-06-19 08:48:24,037| dependency substitution pattern: <obs(?:\s|\s[^>]*\s)conceptId="(.*?)"
DEBUG - HtmlFormExporter.calculateDependencies(118) |2026-06-19 08:48:24,037| dependency substitution pattern: <obs(?:\s|\s[^>]*\s)conceptIds="(.*?)"
DEBUG - HtmlFormExporter.calculateDependencies(118) |2026-06-19 08:48:24,037| dependency substitution pattern: <obs(?:\s|\s[^>]*\s)answerConceptId="(.*?)"
DEBUG - HtmlFormExporter.calculateDependencies(118) |2026-06-19 08:48:24,037| dependency substitution pattern: <obs(?:\s|\s[^>]*\s)answerDrugId="(.*?)"
DEBUG - HtmlFormExporter.calculateDependencies(118) |2026-06-19 08:48:24,037| dependency substitution pattern: <obs(?:\s|\s[^>]*\s)answerConceptIds="(.*?)"
DEBUG - HtmlFormExporter.calculateDependencies(118) |2026-06-19 08:48:24,038| dependency substitution pattern: <obs(?:\s|\s[^>]*\s)answerLocationTags="(.*?)"
DEBUG - HtmlFormExporter.calculateDependencies(106) |2026-06-19 08:48:24,038| Handling dependencies for tag controls
DEBUG - HtmlFormExporter.calculateDependencies(106) |2026-06-19 08:48:24,038| Handling dependencies for tag when
DEBUG - HtmlFormExporter.calculateDependencies(106) |2026-06-19 08:48:24,038| Handling dependencies for tag encounterProviderAndRole
DEBUG - HtmlFormExporter.calculateDependencies(118) |2026-06-19 08:48:24,038| dependency substitution pattern: <encounterProviderAndRole(?:\s|\s[^>]*\s)default="(.*?)"
DEBUG - HtmlFormExporter.calculateDependencies(118) |2026-06-19 08:48:24,040| dependency substitution pattern: <encounterProviderAndRole(?:\s|\s[^>]*\s)encounterRole="(.*?)"
DEBUG - HtmlFormExporter.calculateDependencies(118) |2026-06-19 08:48:24,041| dependency substitution pattern: <encounterProviderAndRole(?:\s|\s[^>]*\s)required="(.*?)"
DEBUG - HtmlFormExporter.calculateDependencies(106) |2026-06-19 08:48:24,042| Handling dependencies for tag obsgroup
DEBUG - HtmlFormExporter.calculateDependencies(118) |2026-06-19 08:48:24,042| dependency substitution pattern: <obsgroup(?:\s|\s[^>]*\s)groupingConceptId="(.*?)"
DEBUG - HtmlFormExporter.calculateDependencies(106) |2026-06-19 08:48:24,042| Handling dependencies for tag encounterDate
DEBUG - HtmlFormExporter.calculateDependencies(106) |2026-06-19 08:48:24,042| Handling dependencies for tag encounterProvider
DEBUG - HtmlFormExporter.calculateDependencies(118) |2026-06-19 08:48:24,042| dependency substitution pattern: <encounterProvider(?:\s|\s[^>]*\s)default="(.*?)"
DEBUG - HtmlFormExporter.calculateDependencies(118) |2026-06-19 08:48:24,042| dependency substitution pattern: <encounterProvider(?:\s|\s[^>]*\s)role="(.*?)"
DEBUG - HtmlFormExporter.calculateDependencies(118) |2026-06-19 08:48:24,043| dependency substitution pattern: <encounterProvider(?:\s|\s[^>]*\s)required="(.*?)"
DEBUG - HtmlFormExporter.calculateDependencies(106) |2026-06-19 08:48:24,043| Handling dependencies for tag encounterLocation
DEBUG - HtmlFormExporter.calculateDependencies(118) |2026-06-19 08:48:24,043| dependency substitution pattern: <encounterLocation(?:\s|\s[^>]*\s)order="(.*?)"
DEBUG - HtmlFormExporter.calculateDependencies(118) |2026-06-19 08:48:24,043| dependency substitution pattern: <encounterLocation(?:\s|\s[^>]*\s)default="(.*?)"
DEBUG - HtmlFormExporter.calculateDependencies(118) |2026-06-19 08:48:24,043| dependency substitution pattern: <encounterLocation(?:\s|\s[^>]*\s)tags="(.*?)"
DEBUG - HtmlFormExporter.calculateDependencies(118) |2026-06-19 08:48:24,043| dependency substitution pattern: <encounterLocation(?:\s|\s[^>]*\s)required="(.*?)"
DEBUG - HtmlFormExporter.calculateDependencies(106) |2026-06-19 08:48:24,043| Handling dependencies for tag encounterVoided
DEBUG - HtmlFormExporter.calculateDependencies(106) |2026-06-19 08:48:24,044| Handling dependencies for tag enrollInProgram
DEBUG - HtmlFormExporter.calculateDependencies(118) |2026-06-19 08:48:24,044| dependency substitution pattern: <enrollInProgram(?:\s|\s[^>]*\s)programId="(.*?)"
DEBUG - HtmlFormExporter.calculateDependencies(118) |2026-06-19 08:48:24,044| dependency substitution pattern: <enrollInProgram(?:\s|\s[^>]*\s)stateIds="(.*?)"
DEBUG - HtmlFormExporter.calculateDependencies(106) |2026-06-19 08:48:24,044| Handling dependencies for tag completeProgram
DEBUG - HtmlFormExporter.calculateDependencies(118) |2026-06-19 08:48:24,044| dependency substitution pattern: <completeProgram(?:\s|\s[^>]*\s)programId="(.*?)"
DEBUG - HtmlFormExporter.calculateDependencies(106) |2026-06-19 08:48:24,044| Handling dependencies for tag section
DEBUG - HtmlFormExporter.calculateDependencies(106) |2026-06-19 08:48:24,044| Handling dependencies for tag lookup
DEBUG - HtmlFormExporter.calculateDependencies(106) |2026-06-19 08:48:24,045| Handling dependencies for tag submit
DEBUG - HtmlFormExporter.calculateDependencies(106) |2026-06-19 08:48:24,045| Handling dependencies for tag patient
DEBUG - HtmlFormExporter.calculateDependencies(118) |2026-06-19 08:48:24,045| dependency substitution pattern: <patient(?:\s|\s[^>]*\s)identifierTypeId="(.*?)"
DEBUG - HtmlFormExporter.calculateDependencies(106) |2026-06-19 08:48:24,045| Handling dependencies for tag drugOrder
DEBUG - HtmlFormExporter.calculateDependencies(118) |2026-06-19 08:48:24,045| dependency substitution pattern: <drugOrder(?:\s|\s[^>]*\s)drugNames="(.*?)"
DEBUG - HtmlFormExporter.calculateDependencies(118) |2026-06-19 08:48:24,045| dependency substitution pattern: <drugOrder(?:\s|\s[^>]*\s)discontinuedReasonConceptId="(.*?)"
DEBUG - HtmlFormExporter.calculateDependencies(118) |2026-06-19 08:48:24,045| dependency substitution pattern: <drugOrder(?:\s|\s[^>]*\s)discontinueReasonAnswers="(.*?)"
DEBUG - HtmlFormExporter.calculateDependencies(106) |2026-06-19 08:48:24,046| Handling dependencies for tag relationship
DEBUG - HtmlFormExporter.calculateDependencies(118) |2026-06-19 08:48:24,046| dependency substitution pattern: <relationship(?:\s|\s[^>]*\s)type="(.*?)"
DEBUG - HtmlFormExporter.calculateDependencies(106) |2026-06-19 08:48:24,046| Handling dependencies for tag workflowState
DEBUG - HtmlFormExporter.calculateDependencies(118) |2026-06-19 08:48:24,046| dependency substitution pattern: <workflowState(?:\s|\s[^>]*\s)workflowId="(.*?)"
DEBUG - HtmlFormExporter.calculateDependencies(118) |2026-06-19 08:48:24,046| dependency substitution pattern: <workflowState(?:\s|\s[^>]*\s)stateIds="(.*?)"
DEBUG - HtmlFormExporter.calculateDependencies(118) |2026-06-19 08:48:24,046| dependency substitution pattern: <workflowState(?:\s|\s[^>]*\s)stateId="(.*?)"
DEBUG - HtmlFormExporter.calculateDependencies(106) |2026-06-19 08:48:24,046| Handling dependencies for tag standardRegimen
DEBUG - HtmlFormExporter.calculateDependencies(118) |2026-06-19 08:48:24,046| dependency substitution pattern: <standardRegimen(?:\s|\s[^>]*\s)discontinuedReasonConceptId="(.*?)"
DEBUG - HtmlFormExporter.calculateDependencies(118) |2026-06-19 08:48:24,047| dependency substitution pattern: <standardRegimen(?:\s|\s[^>]*\s)discontinueReasonAnswers="(.*?)"
DEBUG - HtmlFormExporter.calculateDependencies(118) |2026-06-19 08:48:24,047| dependency substitution pattern: <standardRegimen(?:\s|\s[^>]*\s)regimenCodes="(.*?)"
DEBUG - HtmlFormExporter.calculateDependencies(106) |2026-06-19 08:48:24,047| Handling dependencies for tag encounterType
DEBUG - HtmlFormExporter.calculateDependencies(118) |2026-06-19 08:48:24,047| dependency substitution pattern: <encounterType(?:\s|\s[^>]*\s)types="(.*?)"
DEBUG - HtmlFormExporter.calculateDependencies(118) |2026-06-19 08:48:24,047| dependency substitution pattern: <encounterType(?:\s|\s[^>]*\s)default="(.*?)"
DEBUG - HtmlFormExporter.calculateDependencies(106) |2026-06-19 08:48:24,047| Handling dependencies for tag exitFromCare
DEBUG - HtmlFormExporter.calculateDependencies(106) |2026-06-19 08:48:24,047| Handling dependencies for tag ifMode
DEBUG - HtmlFormExporter.calculateDependencies(106) |2026-06-19 08:48:24,048| Handling dependencies for tag includeIf
DEBUG - HtmlFormExporter.calculateDependencies(106) |2026-06-19 08:48:24,048| Handling dependencies for tag excludeIf
DEBUG - HtmlFormExporter.calculateDependencies(106) |2026-06-19 08:48:24,048| Handling dependencies for tag redirectOnSave
DEBUG - HtmlFormExporter.calculateDependencies(106) |2026-06-19 08:48:24,048| Handling dependencies for tag postSubmissionAction
DEBUG - HtmlFormExporter.calculateDependencies(106) |2026-06-19 08:48:24,048| Handling dependencies for tag markPatientDead
DEBUG - HtmlFormExporter.calculateDependencies(118) |2026-06-19 08:48:24,048| dependency substitution pattern: <markPatientDead(?:\s|\s[^>]*\s)causeOfDeathFromObs="(.*?)"
DEBUG - HtmlFormExporter.calculateDependencies(106) |2026-06-19 08:48:24,048| Handling dependencies for tag immunization
DEBUG - HtmlFormExporter.calculateDependencies(106) |2026-06-19 08:48:24,048| Handling dependencies for tag obsreference
DEBUG - HtmlFormExporter.calculateDependencies(118) |2026-06-19 08:48:24,049| dependency substitution pattern: <obsreference(?:\s|\s[^>]*\s)conceptId="(.*?)"
DEBUG - HtmlFormExporter.calculateDependencies(118) |2026-06-19 08:48:24,049| dependency substitution pattern: <obsreference(?:\s|\s[^>]*\s)conceptIds="(.*?)"
DEBUG - HtmlFormExporter.calculateDependencies(118) |2026-06-19 08:48:24,049| dependency substitution pattern: <obsreference(?:\s|\s[^>]*\s)answerConceptId="(.*?)"
DEBUG - HtmlFormExporter.calculateDependencies(118) |2026-06-19 08:48:24,049| dependency substitution pattern: <obsreference(?:\s|\s[^>]*\s)answerDrugId="(.*?)"
DEBUG - HtmlFormExporter.calculateDependencies(118) |2026-06-19 08:48:24,049| dependency substitution pattern: <obsreference(?:\s|\s[^>]*\s)answerConceptIds="(.*?)"
DEBUG - HtmlFormExporter.calculateDependencies(118) |2026-06-19 08:48:24,049| dependency substitution pattern: <obsreference(?:\s|\s[^>]*\s)answerLocationTags="(.*?)"
DEBUG - HtmlFormExporter.calculateDependencies(106) |2026-06-19 08:48:24,049| Handling dependencies for tag condition
]]></system-out>
  </testcase>
</testsuite>