<?xml version="1.0" encoding="UTF-8"?>
<testsuite xmlns:xsi="http://www.w3.org/2001/XMLSchema-instance" xsi:noNamespaceSchemaLocation="https://maven.apache.org/surefire/maven-surefire-plugin/xsd/surefire-test-report.xsd" version="3.0.2" name="org.openmrs.module.htmlformentry.HtmlFormTest" time="0.846" tests="3" errors="0" skipped="0" failures="0">
  <properties>
[...]
</properties>
  <testcase name="onSave_shouldShouldReplaceNames" classname="org.openmrs.module.htmlformentry.HtmlFormTest" time="0.294">
    <system-out><![CDATA[DEBUG - HtmlFormExporter.stripLocalAttributesFromXml(242) |2026-06-19 08:50:29,053| Handling dependencies for tag obs
DEBUG - HtmlFormExporter.stripLocalAttributesFromXml(251) |2026-06-19 08:50:29,053| stripping substitution pattern: <obs(?:\s|\s[^>]*\s)(conceptId=".*?")
DEBUG - HtmlFormExporter.stripLocalAttributesFromXml(251) |2026-06-19 08:50:29,054| stripping substitution pattern: <obs(?:\s|\s[^>]*\s)(conceptIds=".*?")
DEBUG - HtmlFormExporter.stripLocalAttributesFromXml(251) |2026-06-19 08:50:29,054| stripping substitution pattern: <obs(?:\s|\s[^>]*\s)(answerConceptId=".*?")
DEBUG - HtmlFormExporter.stripLocalAttributesFromXml(251) |2026-06-19 08:50:29,054| stripping substitution pattern: <obs(?:\s|\s[^>]*\s)(answerDrugId=".*?")
DEBUG - HtmlFormExporter.stripLocalAttributesFromXml(251) |2026-06-19 08:50:29,054| stripping substitution pattern: <obs(?:\s|\s[^>]*\s)(answerConceptIds=".*?")
DEBUG - HtmlFormExporter.stripLocalAttributesFromXml(251) |2026-06-19 08:50:29,054| stripping substitution pattern: <obs(?:\s|\s[^>]*\s)(answerLocationTags=".*?")
DEBUG - HtmlFormExporter.stripLocalAttributesFromXml(242) |2026-06-19 08:50:29,054| Handling dependencies for tag controls
DEBUG - HtmlFormExporter.stripLocalAttributesFromXml(242) |2026-06-19 08:50:29,054| Handling dependencies for tag when
DEBUG - HtmlFormExporter.stripLocalAttributesFromXml(242) |2026-06-19 08:50:29,054| Handling dependencies for tag encounterProviderAndRole
DEBUG - HtmlFormExporter.stripLocalAttributesFromXml(251) |2026-06-19 08:50:29,054| stripping substitution pattern: <encounterProviderAndRole(?:\s|\s[^>]*\s)(default=".*?")
DEBUG - HtmlFormExporter.stripLocalAttributesFromXml(251) |2026-06-19 08:50:29,054| stripping substitution pattern: <encounterProviderAndRole(?:\s|\s[^>]*\s)(encounterRole=".*?")
DEBUG - HtmlFormExporter.stripLocalAttributesFromXml(251) |2026-06-19 08:50:29,054| stripping substitution pattern: <encounterProviderAndRole(?:\s|\s[^>]*\s)(required=".*?")
DEBUG - HtmlFormExporter.stripLocalAttributesFromXml(242) |2026-06-19 08:50:29,054| Handling dependencies for tag obsgroup
DEBUG - HtmlFormExporter.stripLocalAttributesFromXml(251) |2026-06-19 08:50:29,054| stripping substitution pattern: <obsgroup(?:\s|\s[^>]*\s)(groupingConceptId=".*?")
DEBUG - HtmlFormExporter.stripLocalAttributesFromXml(242) |2026-06-19 08:50:29,054| Handling dependencies for tag encounterDate
DEBUG - HtmlFormExporter.stripLocalAttributesFromXml(242) |2026-06-19 08:50:29,054| Handling dependencies for tag encounterProvider
DEBUG - HtmlFormExporter.stripLocalAttributesFromXml(251) |2026-06-19 08:50:29,054| stripping substitution pattern: <encounterProvider(?:\s|\s[^>]*\s)(default=".*?")
DEBUG - HtmlFormExporter.stripLocalAttributesFromXml(251) |2026-06-19 08:50:29,054| stripping substitution pattern: <encounterProvider(?:\s|\s[^>]*\s)(role=".*?")
DEBUG - HtmlFormExporter.stripLocalAttributesFromXml(251) |2026-06-19 08:50:29,055| stripping substitution pattern: <encounterProvider(?:\s|\s[^>]*\s)(required=".*?")
DEBUG - HtmlFormExporter.stripLocalAttributesFromXml(242) |2026-06-19 08:50:29,055| Handling dependencies for tag encounterLocation
DEBUG - HtmlFormExporter.stripLocalAttributesFromXml(251) |2026-06-19 08:50:29,055| stripping substitution pattern: <encounterLocation(?:\s|\s[^>]*\s)(order=".*?")
DEBUG - HtmlFormExporter.stripLocalAttributesFromXml(251) |2026-06-19 08:50:29,055| stripping substitution pattern: <encounterLocation(?:\s|\s[^>]*\s)(default=".*?")
DEBUG - HtmlFormExporter.stripLocalAttributesFromXml(251) |2026-06-19 08:50:29,055| stripping substitution pattern: <encounterLocation(?:\s|\s[^>]*\s)(tags=".*?")
DEBUG - HtmlFormExporter.stripLocalAttributesFromXml(251) |2026-06-19 08:50:29,055| stripping substitution pattern: <encounterLocation(?:\s|\s[^>]*\s)(required=".*?")
DEBUG - HtmlFormExporter.stripLocalAttributesFromXml(242) |2026-06-19 08:50:29,055| Handling dependencies for tag encounterVoided
DEBUG - HtmlFormExporter.stripLocalAttributesFromXml(242) |2026-06-19 08:50:29,055| Handling dependencies for tag enrollInProgram
DEBUG - HtmlFormExporter.stripLocalAttributesFromXml(251) |2026-06-19 08:50:29,055| stripping substitution pattern: <enrollInProgram(?:\s|\s[^>]*\s)(programId=".*?")
DEBUG - HtmlFormExporter.stripLocalAttributesFromXml(251) |2026-06-19 08:50:29,055| stripping substitution pattern: <enrollInProgram(?:\s|\s[^>]*\s)(stateIds=".*?")
DEBUG - HtmlFormExporter.stripLocalAttributesFromXml(242) |2026-06-19 08:50:29,055| Handling dependencies for tag completeProgram
DEBUG - HtmlFormExporter.stripLocalAttributesFromXml(251) |2026-06-19 08:50:29,055| stripping substitution pattern: <completeProgram(?:\s|\s[^>]*\s)(programId=".*?")
DEBUG - HtmlFormExporter.stripLocalAttributesFromXml(242) |2026-06-19 08:50:29,055| Handling dependencies for tag section
DEBUG - HtmlFormExporter.stripLocalAttributesFromXml(242) |2026-06-19 08:50:29,055| Handling dependencies for tag lookup
DEBUG - HtmlFormExporter.stripLocalAttributesFromXml(242) |2026-06-19 08:50:29,055| Handling dependencies for tag submit
DEBUG - HtmlFormExporter.stripLocalAttributesFromXml(242) |2026-06-19 08:50:29,055| Handling dependencies for tag patient
DEBUG - HtmlFormExporter.stripLocalAttributesFromXml(251) |2026-06-19 08:50:29,055| stripping substitution pattern: <patient(?:\s|\s[^>]*\s)(identifierTypeId=".*?")
DEBUG - HtmlFormExporter.stripLocalAttributesFromXml(242) |2026-06-19 08:50:29,055| Handling dependencies for tag drugOrder
DEBUG - HtmlFormExporter.stripLocalAttributesFromXml(251) |2026-06-19 08:50:29,055| stripping substitution pattern: <drugOrder(?:\s|\s[^>]*\s)(drugNames=".*?")
DEBUG - HtmlFormExporter.stripLocalAttributesFromXml(251) |2026-06-19 08:50:29,056| stripping substitution pattern: <drugOrder(?:\s|\s[^>]*\s)(discontinuedReasonConceptId=".*?")
DEBUG - HtmlFormExporter.stripLocalAttributesFromXml(251) |2026-06-19 08:50:29,056| stripping substitution pattern: <drugOrder(?:\s|\s[^>]*\s)(discontinueReasonAnswers=".*?")
DEBUG - HtmlFormExporter.stripLocalAttributesFromXml(242) |2026-06-19 08:50:29,056| Handling dependencies for tag relationship
DEBUG - HtmlFormExporter.stripLocalAttributesFromXml(251) |2026-06-19 08:50:29,056| stripping substitution pattern: <relationship(?:\s|\s[^>]*\s)(type=".*?")
DEBUG - HtmlFormExporter.stripLocalAttributesFromXml(242) |2026-06-19 08:50:29,056| Handling dependencies for tag workflowState
DEBUG - HtmlFormExporter.stripLocalAttributesFromXml(251) |2026-06-19 08:50:29,056| stripping substitution pattern: <workflowState(?:\s|\s[^>]*\s)(workflowId=".*?")
DEBUG - HtmlFormExporter.stripLocalAttributesFromXml(251) |2026-06-19 08:50:29,056| stripping substitution pattern: <workflowState(?:\s|\s[^>]*\s)(stateIds=".*?")
DEBUG - HtmlFormExporter.stripLocalAttributesFromXml(251) |2026-06-19 08:50:29,056| stripping substitution pattern: <workflowState(?:\s|\s[^>]*\s)(stateId=".*?")
DEBUG - HtmlFormExporter.stripLocalAttributesFromXml(242) |2026-06-19 08:50:29,056| Handling dependencies for tag standardRegimen
DEBUG - HtmlFormExporter.stripLocalAttributesFromXml(251) |2026-06-19 08:50:29,056| stripping substitution pattern: <standardRegimen(?:\s|\s[^>]*\s)(discontinuedReasonConceptId=".*?")
DEBUG - HtmlFormExporter.stripLocalAttributesFromXml(251) |2026-06-19 08:50:29,056| stripping substitution pattern: <standardRegimen(?:\s|\s[^>]*\s)(discontinueReasonAnswers=".*?")
DEBUG - HtmlFormExporter.stripLocalAttributesFromXml(251) |2026-06-19 08:50:29,056| stripping substitution pattern: <standardRegimen(?:\s|\s[^>]*\s)(regimenCodes=".*?")
DEBUG - HtmlFormExporter.stripLocalAttributesFromXml(242) |2026-06-19 08:50:29,056| Handling dependencies for tag encounterType
DEBUG - HtmlFormExporter.stripLocalAttributesFromXml(251) |2026-06-19 08:50:29,056| stripping substitution pattern: <encounterType(?:\s|\s[^>]*\s)(types=".*?")
DEBUG - HtmlFormExporter.stripLocalAttributesFromXml(251) |2026-06-19 08:50:29,056| stripping substitution pattern: <encounterType(?:\s|\s[^>]*\s)(default=".*?")
DEBUG - HtmlFormExporter.stripLocalAttributesFromXml(242) |2026-06-19 08:50:29,056| Handling dependencies for tag exitFromCare
DEBUG - HtmlFormExporter.stripLocalAttributesFromXml(242) |2026-06-19 08:50:29,056| Handling dependencies for tag ifMode
DEBUG - HtmlFormExporter.stripLocalAttributesFromXml(242) |2026-06-19 08:50:29,056| Handling dependencies for tag includeIf
DEBUG - HtmlFormExporter.stripLocalAttributesFromXml(242) |2026-06-19 08:50:29,057| Handling dependencies for tag excludeIf
DEBUG - HtmlFormExporter.stripLocalAttributesFromXml(242) |2026-06-19 08:50:29,057| Handling dependencies for tag redirectOnSave
DEBUG - HtmlFormExporter.stripLocalAttributesFromXml(242) |2026-06-19 08:50:29,057| Handling dependencies for tag postSubmissionAction
DEBUG - HtmlFormExporter.stripLocalAttributesFromXml(242) |2026-06-19 08:50:29,057| Handling dependencies for tag markPatientDead
DEBUG - HtmlFormExporter.stripLocalAttributesFromXml(251) |2026-06-19 08:50:29,057| stripping substitution pattern: <markPatientDead(?:\s|\s[^>]*\s)(causeOfDeathFromObs=".*?")
DEBUG - HtmlFormExporter.stripLocalAttributesFromXml(242) |2026-06-19 08:50:29,057| Handling dependencies for tag immunization
DEBUG - HtmlFormExporter.stripLocalAttributesFromXml(242) |2026-06-19 08:50:29,057| Handling dependencies for tag obsreference
DEBUG - HtmlFormExporter.stripLocalAttributesFromXml(251) |2026-06-19 08:50:29,057| stripping substitution pattern: <obsreference(?:\s|\s[^>]*\s)(conceptId=".*?")
DEBUG - HtmlFormExporter.stripLocalAttributesFromXml(251) |2026-06-19 08:50:29,057| stripping substitution pattern: <obsreference(?:\s|\s[^>]*\s)(conceptIds=".*?")
DEBUG - HtmlFormExporter.stripLocalAttributesFromXml(251) |2026-06-19 08:50:29,057| stripping substitution pattern: <obsreference(?:\s|\s[^>]*\s)(answerConceptId=".*?")
DEBUG - HtmlFormExporter.stripLocalAttributesFromXml(251) |2026-06-19 08:50:29,057| stripping substitution pattern: <obsreference(?:\s|\s[^>]*\s)(answerDrugId=".*?")
DEBUG - HtmlFormExporter.stripLocalAttributesFromXml(251) |2026-06-19 08:50:29,057| stripping substitution pattern: <obsreference(?:\s|\s[^>]*\s)(answerConceptIds=".*?")
DEBUG - HtmlFormExporter.stripLocalAttributesFromXml(251) |2026-06-19 08:50:29,057| stripping substitution pattern: <obsreference(?:\s|\s[^>]*\s)(answerLocationTags=".*?")
DEBUG - HtmlFormExporter.stripLocalAttributesFromXml(242) |2026-06-19 08:50:29,057| Handling dependencies for tag condition
DEBUG - HtmlFormSubstitutionUtils.performSubstitution(70) |2026-06-19 08:50:29,057| Handling substitutions for tag obs
DEBUG - HtmlFormSubstitutionUtils.performSubstitution(82) |2026-06-19 08:50:29,057| substitution pattern: <obs(?:\s|\s[^>]*\s)conceptId
DEBUG - HtmlFormSubstitutionUtils.performSubstitution(82) |2026-06-19 08:50:29,059| substitution pattern: <obs(?:\s|\s[^>]*\s)conceptIds
DEBUG - HtmlFormSubstitutionUtils.performSubstitution(82) |2026-06-19 08:50:29,059| substitution pattern: <obs(?:\s|\s[^>]*\s)answerConceptId
DEBUG - HtmlFormSubstitutionUtils.performSubstitution(82) |2026-06-19 08:50:29,059| substitution pattern: <obs(?:\s|\s[^>]*\s)answerDrugId
DEBUG - HtmlFormSubstitutionUtils.performSubstitution(82) |2026-06-19 08:50:29,059| substitution pattern: <obs(?:\s|\s[^>]*\s)answerConceptIds
DEBUG - HtmlFormSubstitutionUtils.performSubstitution(82) |2026-06-19 08:50:29,060| substitution pattern: <obs(?:\s|\s[^>]*\s)answerLocationTags
DEBUG - HtmlFormSubstitutionUtils.performSubstitution(70) |2026-06-19 08:50:29,060| Handling substitutions for tag controls
DEBUG - HtmlFormSubstitutionUtils.performSubstitution(70) |2026-06-19 08:50:29,060| Handling substitutions for tag when
DEBUG - HtmlFormSubstitutionUtils.performSubstitution(70) |2026-06-19 08:50:29,060| Handling substitutions for tag encounterProviderAndRole
DEBUG - HtmlFormSubstitutionUtils.performSubstitution(82) |2026-06-19 08:50:29,060| substitution pattern: <encounterProviderAndRole(?:\s|\s[^>]*\s)default
DEBUG - HtmlFormSubstitutionUtils.performSubstitution(82) |2026-06-19 08:50:29,060| substitution pattern: <encounterProviderAndRole(?:\s|\s[^>]*\s)encounterRole
DEBUG - HtmlFormSubstitutionUtils.performSubstitution(82) |2026-06-19 08:50:29,060| substitution pattern: <encounterProviderAndRole(?:\s|\s[^>]*\s)required
DEBUG - HtmlFormSubstitutionUtils.performSubstitution(70) |2026-06-19 08:50:29,060| Handling substitutions for tag obsgroup
DEBUG - HtmlFormSubstitutionUtils.performSubstitution(82) |2026-06-19 08:50:29,061| substitution pattern: <obsgroup(?:\s|\s[^>]*\s)groupingConceptId
DEBUG - HtmlFormSubstitutionUtils.performSubstitution(70) |2026-06-19 08:50:29,061| Handling substitutions for tag encounterDate
DEBUG - HtmlFormSubstitutionUtils.performSubstitution(70) |2026-06-19 08:50:29,061| Handling substitutions for tag encounterProvider
DEBUG - HtmlFormSubstitutionUtils.performSubstitution(82) |2026-06-19 08:50:29,061| substitution pattern: <encounterProvider(?:\s|\s[^>]*\s)default
DEBUG - HtmlFormSubstitutionUtils.performSubstitution(82) |2026-06-19 08:50:29,061| substitution pattern: <encounterProvider(?:\s|\s[^>]*\s)role
DEBUG - HtmlFormSubstitutionUtils.performSubstitution(82) |2026-06-19 08:50:29,061| substitution pattern: <encounterProvider(?:\s|\s[^>]*\s)required
DEBUG - HtmlFormSubstitutionUtils.performSubstitution(70) |2026-06-19 08:50:29,061| Handling substitutions for tag encounterLocation
DEBUG - HtmlFormSubstitutionUtils.performSubstitution(82) |2026-06-19 08:50:29,061| substitution pattern: <encounterLocation(?:\s|\s[^>]*\s)order
DEBUG - HtmlFormSubstitutionUtils.performSubstitution(82) |2026-06-19 08:50:29,062| substitution pattern: <encounterLocation(?:\s|\s[^>]*\s)default
DEBUG - HtmlFormSubstitutionUtils.performSubstitution(82) |2026-06-19 08:50:29,062| substitution pattern: <encounterLocation(?:\s|\s[^>]*\s)tags
DEBUG - HtmlFormSubstitutionUtils.performSubstitution(82) |2026-06-19 08:50:29,063| substitution pattern: <encounterLocation(?:\s|\s[^>]*\s)required
DEBUG - HtmlFormSubstitutionUtils.performSubstitution(70) |2026-06-19 08:50:29,063| Handling substitutions for tag encounterVoided
DEBUG - HtmlFormSubstitutionUtils.performSubstitution(70) |2026-06-19 08:50:29,063| Handling substitutions for tag enrollInProgram
DEBUG - HtmlFormSubstitutionUtils.performSubstitution(82) |2026-06-19 08:50:29,063| substitution pattern: <enrollInProgram(?:\s|\s[^>]*\s)programId
DEBUG - HtmlFormSubstitutionUtils.performSubstitution(82) |2026-06-19 08:50:29,064| substitution pattern: <enrollInProgram(?:\s|\s[^>]*\s)stateIds
DEBUG - HtmlFormSubstitutionUtils.performSubstitution(70) |2026-06-19 08:50:29,064| Handling substitutions for tag completeProgram
DEBUG - HtmlFormSubstitutionUtils.performSubstitution(82) |2026-06-19 08:50:29,065| substitution pattern: <completeProgram(?:\s|\s[^>]*\s)programId
DEBUG - HtmlFormSubstitutionUtils.performSubstitution(70) |2026-06-19 08:50:29,065| Handling substitutions for tag section
DEBUG - HtmlFormSubstitutionUtils.performSubstitution(70) |2026-06-19 08:50:29,065| Handling substitutions for tag lookup
DEBUG - HtmlFormSubstitutionUtils.performSubstitution(70) |2026-06-19 08:50:29,065| Handling substitutions for tag submit
DEBUG - HtmlFormSubstitutionUtils.performSubstitution(70) |2026-06-19 08:50:29,065| Handling substitutions for tag patient
DEBUG - HtmlFormSubstitutionUtils.performSubstitution(82) |2026-06-19 08:50:29,065| substitution pattern: <patient(?:\s|\s[^>]*\s)identifierTypeId
DEBUG - HtmlFormSubstitutionUtils.performSubstitution(70) |2026-06-19 08:50:29,065| Handling substitutions for tag drugOrder
DEBUG - HtmlFormSubstitutionUtils.performSubstitution(82) |2026-06-19 08:50:29,065| substitution pattern: <drugOrder(?:\s|\s[^>]*\s)drugNames
DEBUG - HtmlFormSubstitutionUtils.performSubstitution(82) |2026-06-19 08:50:29,066| substitution pattern: <drugOrder(?:\s|\s[^>]*\s)discontinuedReasonConceptId
DEBUG - HtmlFormSubstitutionUtils.performSubstitution(82) |2026-06-19 08:50:29,066| substitution pattern: <drugOrder(?:\s|\s[^>]*\s)discontinueReasonAnswers
DEBUG - HtmlFormSubstitutionUtils.performSubstitution(70) |2026-06-19 08:50:29,067| Handling substitutions for tag relationship
DEBUG - HtmlFormSubstitutionUtils.performSubstitution(82) |2026-06-19 08:50:29,067| substitution pattern: <relationship(?:\s|\s[^>]*\s)type
DEBUG - HtmlFormSubstitutionUtils.performSubstitution(70) |2026-06-19 08:50:29,067| Handling substitutions for tag workflowState
DEBUG - HtmlFormSubstitutionUtils.performSubstitution(82) |2026-06-19 08:50:29,067| substitution pattern: <workflowState(?:\s|\s[^>]*\s)workflowId
DEBUG - HtmlFormSubstitutionUtils.performSubstitution(82) |2026-06-19 08:50:29,067| substitution pattern: <workflowState(?:\s|\s[^>]*\s)stateIds
DEBUG - HtmlFormSubstitutionUtils.performSubstitution(82) |2026-06-19 08:50:29,068| substitution pattern: <workflowState(?:\s|\s[^>]*\s)stateId
DEBUG - HtmlFormSubstitutionUtils.performSubstitution(70) |2026-06-19 08:50:29,069| Handling substitutions for tag standardRegimen
DEBUG - HtmlFormSubstitutionUtils.performSubstitution(82) |2026-06-19 08:50:29,069| substitution pattern: <standardRegimen(?:\s|\s[^>]*\s)discontinuedReasonConceptId
DEBUG - HtmlFormSubstitutionUtils.performSubstitution(82) |2026-06-19 08:50:29,069| substitution pattern: <standardRegimen(?:\s|\s[^>]*\s)discontinueReasonAnswers
DEBUG - HtmlFormSubstitutionUtils.performSubstitution(82) |2026-06-19 08:50:29,069| substitution pattern: <standardRegimen(?:\s|\s[^>]*\s)regimenCodes
DEBUG - HtmlFormSubstitutionUtils.performSubstitution(70) |2026-06-19 08:50:29,069| Handling substitutions for tag encounterType
DEBUG - HtmlFormSubstitutionUtils.performSubstitution(82) |2026-06-19 08:50:29,069| substitution pattern: <encounterType(?:\s|\s[^>]*\s)types
DEBUG - HtmlFormSubstitutionUtils.performSubstitution(82) |2026-06-19 08:50:29,069| substitution pattern: <encounterType(?:\s|\s[^>]*\s)default
DEBUG - HtmlFormSubstitutionUtils.performSubstitution(70) |2026-06-19 08:50:29,069| Handling substitutions for tag exitFromCare
DEBUG - HtmlFormSubstitutionUtils.performSubstitution(70) |2026-06-19 08:50:29,069| Handling substitutions for tag ifMode
DEBUG - HtmlFormSubstitutionUtils.performSubstitution(70) |2026-06-19 08:50:29,069| Handling substitutions for tag includeIf
DEBUG - HtmlFormSubstitutionUtils.performSubstitution(70) |2026-06-19 08:50:29,069| Handling substitutions for tag excludeIf
DEBUG - HtmlFormSubstitutionUtils.performSubstitution(70) |2026-06-19 08:50:29,070| Handling substitutions for tag redirectOnSave
DEBUG - HtmlFormSubstitutionUtils.performSubstitution(70) |2026-06-19 08:50:29,070| Handling substitutions for tag postSubmissionAction
DEBUG - HtmlFormSubstitutionUtils.performSubstitution(70) |2026-06-19 08:50:29,070| Handling substitutions for tag markPatientDead
DEBUG - HtmlFormSubstitutionUtils.performSubstitution(82) |2026-06-19 08:50:29,070| substitution pattern: <markPatientDead(?:\s|\s[^>]*\s)causeOfDeathFromObs
DEBUG - HtmlFormSubstitutionUtils.performSubstitution(70) |2026-06-19 08:50:29,070| Handling substitutions for tag immunization
DEBUG - HtmlFormSubstitutionUtils.performSubstitution(70) |2026-06-19 08:50:29,070| Handling substitutions for tag obsreference
DEBUG - HtmlFormSubstitutionUtils.performSubstitution(82) |2026-06-19 08:50:29,070| substitution pattern: <obsreference(?:\s|\s[^>]*\s)conceptId
DEBUG - HtmlFormSubstitutionUtils.performSubstitution(82) |2026-06-19 08:50:29,070| substitution pattern: <obsreference(?:\s|\s[^>]*\s)conceptIds
DEBUG - HtmlFormSubstitutionUtils.performSubstitution(82) |2026-06-19 08:50:29,070| substitution pattern: <obsreference(?:\s|\s[^>]*\s)answerConceptId
DEBUG - HtmlFormSubstitutionUtils.performSubstitution(82) |2026-06-19 08:50:29,070| substitution pattern: <obsreference(?:\s|\s[^>]*\s)answerDrugId
DEBUG - HtmlFormSubstitutionUtils.performSubstitution(82) |2026-06-19 08:50:29,070| substitution pattern: <obsreference(?:\s|\s[^>]*\s)answerConceptIds
DEBUG - HtmlFormSubstitutionUtils.performSubstitution(82) |2026-06-19 08:50:29,070| substitution pattern: <obsreference(?:\s|\s[^>]*\s)answerLocationTags
DEBUG - HtmlFormSubstitutionUtils.performSubstitution(70) |2026-06-19 08:50:29,070| Handling substitutions for tag condition
DEBUG - HtmlFormSubstitutionUtils.performSubstitution(70) |2026-06-19 08:50:29,071| Handling substitutions for tag obs
DEBUG - HtmlFormSubstitutionUtils.performSubstitution(82) |2026-06-19 08:50:29,071| substitution pattern: <obs(?:\s|\s[^>]*\s)conceptId
DEBUG - HtmlFormSubstitutionUtils.performSubstitution(82) |2026-06-19 08:50:29,071| substitution pattern: <obs(?:\s|\s[^>]*\s)conceptIds
DEBUG - HtmlFormSubstitutionUtils.performSubstitution(82) |2026-06-19 08:50:29,071| substitution pattern: <obs(?:\s|\s[^>]*\s)answerConceptId
DEBUG - HtmlFormSubstitutionUtils.performSubstitution(82) |2026-06-19 08:50:29,071| substitution pattern: <obs(?:\s|\s[^>]*\s)answerDrugId
DEBUG - HtmlFormSubstitutionUtils.performSubstitution(82) |2026-06-19 08:50:29,071| substitution pattern: <obs(?:\s|\s[^>]*\s)answerConceptIds
DEBUG - HtmlFormSubstitutionUtils.performSubstitution(82) |2026-06-19 08:50:29,071| substitution pattern: <obs(?:\s|\s[^>]*\s)answerLocationTags
DEBUG - HtmlFormSubstitutionUtils.performSubstitution(70) |2026-06-19 08:50:29,071| Handling substitutions for tag controls
DEBUG - HtmlFormSubstitutionUtils.performSubstitution(70) |2026-06-19 08:50:29,071| Handling substitutions for tag when
DEBUG - HtmlFormSubstitutionUtils.performSubstitution(70) |2026-06-19 08:50:29,071| Handling substitutions for tag encounterProviderAndRole
DEBUG - HtmlFormSubstitutionUtils.performSubstitution(82) |2026-06-19 08:50:29,071| substitution pattern: <encounterProviderAndRole(?:\s|\s[^>]*\s)default
DEBUG - HtmlFormSubstitutionUtils.performSubstitution(82) |2026-06-19 08:50:29,071| substitution pattern: <encounterProviderAndRole(?:\s|\s[^>]*\s)encounterRole
DEBUG - HtmlFormSubstitutionUtils.performSubstitution(82) |2026-06-19 08:50:29,072| substitution pattern: <encounterProviderAndRole(?:\s|\s[^>]*\s)required
DEBUG - HtmlFormSubstitutionUtils.performSubstitution(70) |2026-06-19 08:50:29,072| Handling substitutions for tag obsgroup
DEBUG - HtmlFormSubstitutionUtils.performSubstitution(82) |2026-06-19 08:50:29,072| substitution pattern: <obsgroup(?:\s|\s[^>]*\s)groupingConceptId
DEBUG - HtmlFormSubstitutionUtils.performSubstitution(70) |2026-06-19 08:50:29,072| Handling substitutions for tag encounterDate
DEBUG - HtmlFormSubstitutionUtils.performSubstitution(70) |2026-06-19 08:50:29,072| Handling substitutions for tag encounterProvider
DEBUG - HtmlFormSubstitutionUtils.performSubstitution(82) |2026-06-19 08:50:29,072| substitution pattern: <encounterProvider(?:\s|\s[^>]*\s)default
DEBUG - HtmlFormSubstitutionUtils.performSubstitution(82) |2026-06-19 08:50:29,072| substitution pattern: <encounterProvider(?:\s|\s[^>]*\s)role
DEBUG - HtmlFormSubstitutionUtils.performSubstitution(82) |2026-06-19 08:50:29,072| substitution pattern: <encounterProvider(?:\s|\s[^>]*\s)required
DEBUG - HtmlFormSubstitutionUtils.performSubstitution(70) |2026-06-19 08:50:29,072| Handling substitutions for tag encounterLocation
DEBUG - HtmlFormSubstitutionUtils.performSubstitution(82) |2026-06-19 08:50:29,072| substitution pattern: <encounterLocation(?:\s|\s[^>]*\s)order
DEBUG - HtmlFormSubstitutionUtils.performSubstitution(82) |2026-06-19 08:50:29,072| substitution pattern: <encounterLocation(?:\s|\s[^>]*\s)default
DEBUG - HtmlFormSubstitutionUtils.performSubstitution(82) |2026-06-19 08:50:29,072| substitution pattern: <encounterLocation(?:\s|\s[^>]*\s)tags
DEBUG - HtmlFormSubstitutionUtils.performSubstitution(82) |2026-06-19 08:50:29,072| substitution pattern: <encounterLocation(?:\s|\s[^>]*\s)required
DEBUG - HtmlFormSubstitutionUtils.performSubstitution(70) |2026-06-19 08:50:29,073| Handling substitutions for tag encounterVoided
DEBUG - HtmlFormSubstitutionUtils.performSubstitution(70) |2026-06-19 08:50:29,073| Handling substitutions for tag enrollInProgram
DEBUG - HtmlFormSubstitutionUtils.performSubstitution(82) |2026-06-19 08:50:29,073| substitution pattern: <enrollInProgram(?:\s|\s[^>]*\s)programId
DEBUG - HtmlFormSubstitutionUtils.performSubstitution(82) |2026-06-19 08:50:29,077| substitution pattern: <enrollInProgram(?:\s|\s[^>]*\s)stateIds
DEBUG - HtmlFormSubstitutionUtils.performSubstitution(70) |2026-06-19 08:50:29,077| Handling substitutions for tag completeProgram
DEBUG - HtmlFormSubstitutionUtils.performSubstitution(82) |2026-06-19 08:50:29,077| substitution pattern: <completeProgram(?:\s|\s[^>]*\s)programId
DEBUG - HtmlFormSubstitutionUtils.performSubstitution(70) |2026-06-19 08:50:29,077| Handling substitutions for tag section
DEBUG - HtmlFormSubstitutionUtils.performSubstitution(70) |2026-06-19 08:50:29,077| Handling substitutions for tag lookup
DEBUG - HtmlFormSubstitutionUtils.performSubstitution(70) |2026-06-19 08:50:29,077| Handling substitutions for tag submit
DEBUG - HtmlFormSubstitutionUtils.performSubstitution(70) |2026-06-19 08:50:29,077| Handling substitutions for tag patient
DEBUG - HtmlFormSubstitutionUtils.performSubstitution(82) |2026-06-19 08:50:29,077| substitution pattern: <patient(?:\s|\s[^>]*\s)identifierTypeId
DEBUG - HtmlFormSubstitutionUtils.performSubstitution(70) |2026-06-19 08:50:29,077| Handling substitutions for tag drugOrder
DEBUG - HtmlFormSubstitutionUtils.performSubstitution(82) |2026-06-19 08:50:29,077| substitution pattern: <drugOrder(?:\s|\s[^>]*\s)drugNames
DEBUG - HtmlFormSubstitutionUtils.performSubstitution(82) |2026-06-19 08:50:29,077| substitution pattern: <drugOrder(?:\s|\s[^>]*\s)discontinuedReasonConceptId
DEBUG - HtmlFormSubstitutionUtils.performSubstitution(82) |2026-06-19 08:50:29,077| substitution pattern: <drugOrder(?:\s|\s[^>]*\s)discontinueReasonAnswers
DEBUG - HtmlFormSubstitutionUtils.performSubstitution(70) |2026-06-19 08:50:29,078| Handling substitutions for tag relationship
DEBUG - HtmlFormSubstitutionUtils.performSubstitution(82) |2026-06-19 08:50:29,078| substitution pattern: <relationship(?:\s|\s[^>]*\s)type
DEBUG - HtmlFormSubstitutionUtils.performSubstitution(70) |2026-06-19 08:50:29,078| Handling substitutions for tag workflowState
DEBUG - HtmlFormSubstitutionUtils.performSubstitution(82) |2026-06-19 08:50:29,078| substitution pattern: <workflowState(?:\s|\s[^>]*\s)workflowId
DEBUG - HtmlFormSubstitutionUtils.performSubstitution(82) |2026-06-19 08:50:29,078| substitution pattern: <workflowState(?:\s|\s[^>]*\s)stateIds
DEBUG - HtmlFormSubstitutionUtils.performSubstitution(82) |2026-06-19 08:50:29,078| substitution pattern: <workflowState(?:\s|\s[^>]*\s)stateId
DEBUG - HtmlFormSubstitutionUtils.performSubstitution(70) |2026-06-19 08:50:29,078| Handling substitutions for tag standardRegimen
DEBUG - HtmlFormSubstitutionUtils.performSubstitution(82) |2026-06-19 08:50:29,078| substitution pattern: <standardRegimen(?:\s|\s[^>]*\s)discontinuedReasonConceptId
DEBUG - HtmlFormSubstitutionUtils.performSubstitution(82) |2026-06-19 08:50:29,078| substitution pattern: <standardRegimen(?:\s|\s[^>]*\s)discontinueReasonAnswers
DEBUG - HtmlFormSubstitutionUtils.performSubstitution(82) |2026-06-19 08:50:29,078| substitution pattern: <standardRegimen(?:\s|\s[^>]*\s)regimenCodes
DEBUG - HtmlFormSubstitutionUtils.performSubstitution(70) |2026-06-19 08:50:29,079| Handling substitutions for tag encounterType
DEBUG - HtmlFormSubstitutionUtils.performSubstitution(82) |2026-06-19 08:50:29,079| substitution pattern: <encounterType(?:\s|\s[^>]*\s)types
DEBUG - HtmlFormSubstitutionUtils.performSubstitution(82) |2026-06-19 08:50:29,079| substitution pattern: <encounterType(?:\s|\s[^>]*\s)default
DEBUG - HtmlFormSubstitutionUtils.performSubstitution(70) |2026-06-19 08:50:29,079| Handling substitutions for tag exitFromCare
DEBUG - HtmlFormSubstitutionUtils.performSubstitution(70) |2026-06-19 08:50:29,079| Handling substitutions for tag ifMode
DEBUG - HtmlFormSubstitutionUtils.performSubstitution(70) |2026-06-19 08:50:29,079| Handling substitutions for tag includeIf
DEBUG - HtmlFormSubstitutionUtils.performSubstitution(70) |2026-06-19 08:50:29,079| Handling substitutions for tag excludeIf
DEBUG - HtmlFormSubstitutionUtils.performSubstitution(70) |2026-06-19 08:50:29,079| Handling substitutions for tag redirectOnSave
DEBUG - HtmlFormSubstitutionUtils.performSubstitution(70) |2026-06-19 08:50:29,079| Handling substitutions for tag postSubmissionAction
DEBUG - HtmlFormSubstitutionUtils.performSubstitution(70) |2026-06-19 08:50:29,079| Handling substitutions for tag markPatientDead
DEBUG - HtmlFormSubstitutionUtils.performSubstitution(82) |2026-06-19 08:50:29,079| substitution pattern: <markPatientDead(?:\s|\s[^>]*\s)causeOfDeathFromObs
DEBUG - HtmlFormSubstitutionUtils.performSubstitution(70) |2026-06-19 08:50:29,079| Handling substitutions for tag immunization
DEBUG - HtmlFormSubstitutionUtils.performSubstitution(70) |2026-06-19 08:50:29,079| Handling substitutions for tag obsreference
DEBUG - HtmlFormSubstitutionUtils.performSubstitution(82) |2026-06-19 08:50:29,079| substitution pattern: <obsreference(?:\s|\s[^>]*\s)conceptId
DEBUG - HtmlFormSubstitutionUtils.performSubstitution(82) |2026-06-19 08:50:29,079| substitution pattern: <obsreference(?:\s|\s[^>]*\s)conceptIds
DEBUG - HtmlFormSubstitutionUtils.performSubstitution(82) |2026-06-19 08:50:29,080| substitution pattern: <obsreference(?:\s|\s[^>]*\s)answerConceptId
DEBUG - HtmlFormSubstitutionUtils.performSubstitution(82) |2026-06-19 08:50:29,080| substitution pattern: <obsreference(?:\s|\s[^>]*\s)answerDrugId
DEBUG - HtmlFormSubstitutionUtils.performSubstitution(82) |2026-06-19 08:50:29,080| substitution pattern: <obsreference(?:\s|\s[^>]*\s)answerConceptIds
DEBUG - HtmlFormSubstitutionUtils.performSubstitution(82) |2026-06-19 08:50:29,080| substitution pattern: <obsreference(?:\s|\s[^>]*\s)answerLocationTags
DEBUG - HtmlFormSubstitutionUtils.performSubstitution(70) |2026-06-19 08:50:29,080| Handling substitutions for tag condition
DEBUG - HtmlFormExporter.calculateDependencies(106) |2026-06-19 08:50:29,083| Handling dependencies for tag obs
DEBUG - HtmlFormExporter.calculateDependencies(118) |2026-06-19 08:50:29,083| dependency substitution pattern: <obs(?:\s|\s[^>]*\s)conceptId="(.*?)"
DEBUG - HtmlFormExporter.calculateDependencies(118) |2026-06-19 08:50:29,085| dependency substitution pattern: <obs(?:\s|\s[^>]*\s)conceptIds="(.*?)"
DEBUG - HtmlFormExporter.calculateDependencies(118) |2026-06-19 08:50:29,086| dependency substitution pattern: <obs(?:\s|\s[^>]*\s)answerConceptId="(.*?)"
DEBUG - HtmlFormExporter.calculateDependencies(118) |2026-06-19 08:50:29,086| dependency substitution pattern: <obs(?:\s|\s[^>]*\s)answerDrugId="(.*?)"
DEBUG - HtmlFormExporter.calculateDependencies(118) |2026-06-19 08:50:29,087| dependency substitution pattern: <obs(?:\s|\s[^>]*\s)answerConceptIds="(.*?)"
DEBUG - HtmlFormExporter.calculateDependencies(118) |2026-06-19 08:50:29,089| dependency substitution pattern: <obs(?:\s|\s[^>]*\s)answerLocationTags="(.*?)"
DEBUG - HtmlFormExporter.calculateDependencies(106) |2026-06-19 08:50:29,089| Handling dependencies for tag controls
DEBUG - HtmlFormExporter.calculateDependencies(106) |2026-06-19 08:50:29,089| Handling dependencies for tag when
DEBUG - HtmlFormExporter.calculateDependencies(106) |2026-06-19 08:50:29,089| Handling dependencies for tag encounterProviderAndRole
DEBUG - HtmlFormExporter.calculateDependencies(118) |2026-06-19 08:50:29,090| dependency substitution pattern: <encounterProviderAndRole(?:\s|\s[^>]*\s)default="(.*?)"
DEBUG - HtmlFormExporter.calculateDependencies(118) |2026-06-19 08:50:29,090| dependency substitution pattern: <encounterProviderAndRole(?:\s|\s[^>]*\s)encounterRole="(.*?)"
DEBUG - HtmlFormExporter.calculateDependencies(118) |2026-06-19 08:50:29,090| dependency substitution pattern: <encounterProviderAndRole(?:\s|\s[^>]*\s)required="(.*?)"
DEBUG - HtmlFormExporter.calculateDependencies(106) |2026-06-19 08:50:29,090| Handling dependencies for tag obsgroup
DEBUG - HtmlFormExporter.calculateDependencies(118) |2026-06-19 08:50:29,090| dependency substitution pattern: <obsgroup(?:\s|\s[^>]*\s)groupingConceptId="(.*?)"
DEBUG - HtmlFormExporter.calculateDependencies(106) |2026-06-19 08:50:29,091| Handling dependencies for tag encounterDate
DEBUG - HtmlFormExporter.calculateDependencies(106) |2026-06-19 08:50:29,091| Handling dependencies for tag encounterProvider
DEBUG - HtmlFormExporter.calculateDependencies(118) |2026-06-19 08:50:29,091| dependency substitution pattern: <encounterProvider(?:\s|\s[^>]*\s)default="(.*?)"
DEBUG - HtmlFormExporter.calculateDependencies(118) |2026-06-19 08:50:29,091| dependency substitution pattern: <encounterProvider(?:\s|\s[^>]*\s)role="(.*?)"
ERROR - HibernateHtmlFormEntryDAO.getItemByName(143) |2026-06-19 08:50:29,091| Error fetching item by name:org.hibernate.QueryException: could not resolve property: name of: org.openmrs.Role
ERROR - HibernateHtmlFormEntryDAO.getItemByName(143) |2026-06-19 08:50:29,092| Error fetching item by name:org.hibernate.QueryException: could not resolve property: name of: org.openmrs.Role
DEBUG - HtmlFormExporter.calculateDependencies(118) |2026-06-19 08:50:29,093| dependency substitution pattern: <encounterProvider(?:\s|\s[^>]*\s)required="(.*?)"
DEBUG - HtmlFormExporter.calculateDependencies(106) |2026-06-19 08:50:29,093| Handling dependencies for tag encounterLocation
DEBUG - HtmlFormExporter.calculateDependencies(118) |2026-06-19 08:50:29,093| dependency substitution pattern: <encounterLocation(?:\s|\s[^>]*\s)order="(.*?)"
DEBUG - HtmlFormExporter.calculateDependencies(118) |2026-06-19 08:50:29,097| dependency substitution pattern: <encounterLocation(?:\s|\s[^>]*\s)default="(.*?)"
DEBUG - HtmlFormExporter.calculateDependencies(118) |2026-06-19 08:50:29,098| dependency substitution pattern: <encounterLocation(?:\s|\s[^>]*\s)tags="(.*?)"
DEBUG - HtmlFormExporter.calculateDependencies(118) |2026-06-19 08:50:29,100| dependency substitution pattern: <encounterLocation(?:\s|\s[^>]*\s)required="(.*?)"
DEBUG - HtmlFormExporter.calculateDependencies(106) |2026-06-19 08:50:29,100| Handling dependencies for tag encounterVoided
DEBUG - HtmlFormExporter.calculateDependencies(106) |2026-06-19 08:50:29,100| Handling dependencies for tag enrollInProgram
DEBUG - HtmlFormExporter.calculateDependencies(118) |2026-06-19 08:50:29,100| dependency substitution pattern: <enrollInProgram(?:\s|\s[^>]*\s)programId="(.*?)"
DEBUG - HtmlFormExporter.calculateDependencies(118) |2026-06-19 08:50:29,102| dependency substitution pattern: <enrollInProgram(?:\s|\s[^>]*\s)stateIds="(.*?)"
DEBUG - HtmlFormExporter.calculateDependencies(106) |2026-06-19 08:50:29,105| Handling dependencies for tag completeProgram
DEBUG - HtmlFormExporter.calculateDependencies(118) |2026-06-19 08:50:29,105| dependency substitution pattern: <completeProgram(?:\s|\s[^>]*\s)programId="(.*?)"
DEBUG - HtmlFormExporter.calculateDependencies(106) |2026-06-19 08:50:29,105| Handling dependencies for tag section
DEBUG - HtmlFormExporter.calculateDependencies(106) |2026-06-19 08:50:29,105| Handling dependencies for tag lookup
DEBUG - HtmlFormExporter.calculateDependencies(106) |2026-06-19 08:50:29,105| Handling dependencies for tag submit
DEBUG - HtmlFormExporter.calculateDependencies(106) |2026-06-19 08:50:29,105| Handling dependencies for tag patient
DEBUG - HtmlFormExporter.calculateDependencies(118) |2026-06-19 08:50:29,105| dependency substitution pattern: <patient(?:\s|\s[^>]*\s)identifierTypeId="(.*?)"
DEBUG - HtmlFormExporter.calculateDependencies(106) |2026-06-19 08:50:29,107| Handling dependencies for tag drugOrder
DEBUG - HtmlFormExporter.calculateDependencies(118) |2026-06-19 08:50:29,107| dependency substitution pattern: <drugOrder(?:\s|\s[^>]*\s)drugNames="(.*?)"
DEBUG - HtmlFormExporter.calculateDependencies(118) |2026-06-19 08:50:29,109| dependency substitution pattern: <drugOrder(?:\s|\s[^>]*\s)discontinuedReasonConceptId="(.*?)"
DEBUG - HtmlFormExporter.calculateDependencies(118) |2026-06-19 08:50:29,110| dependency substitution pattern: <drugOrder(?:\s|\s[^>]*\s)discontinueReasonAnswers="(.*?)"
DEBUG - HtmlFormExporter.calculateDependencies(106) |2026-06-19 08:50:29,111| Handling dependencies for tag relationship
DEBUG - HtmlFormExporter.calculateDependencies(118) |2026-06-19 08:50:29,111| dependency substitution pattern: <relationship(?:\s|\s[^>]*\s)type="(.*?)"
DEBUG - HtmlFormExporter.calculateDependencies(106) |2026-06-19 08:50:29,111| Handling dependencies for tag workflowState
DEBUG - HtmlFormExporter.calculateDependencies(118) |2026-06-19 08:50:29,111| dependency substitution pattern: <workflowState(?:\s|\s[^>]*\s)workflowId="(.*?)"
ERROR - HibernateHtmlFormEntryDAO.getItemByName(143) |2026-06-19 08:50:29,113| Error fetching item by name:org.hibernate.QueryException: could not resolve property: name of: org.openmrs.ProgramWorkflow
DEBUG - HtmlFormExporter.calculateDependencies(118) |2026-06-19 08:50:29,115| dependency substitution pattern: <workflowState(?:\s|\s[^>]*\s)stateIds="(.*?)"
ERROR - HibernateHtmlFormEntryDAO.getItemByName(143) |2026-06-19 08:50:29,117| Error fetching item by name:org.hibernate.QueryException: could not resolve property: name of: org.openmrs.ProgramWorkflowState
DEBUG - HtmlFormExporter.calculateDependencies(118) |2026-06-19 08:50:29,117| dependency substitution pattern: <workflowState(?:\s|\s[^>]*\s)stateId="(.*?)"
DEBUG - HtmlFormExporter.calculateDependencies(106) |2026-06-19 08:50:29,118| Handling dependencies for tag standardRegimen
DEBUG - HtmlFormExporter.calculateDependencies(118) |2026-06-19 08:50:29,118| dependency substitution pattern: <standardRegimen(?:\s|\s[^>]*\s)discontinuedReasonConceptId="(.*?)"
DEBUG - HtmlFormExporter.calculateDependencies(118) |2026-06-19 08:50:29,118| dependency substitution pattern: <standardRegimen(?:\s|\s[^>]*\s)discontinueReasonAnswers="(.*?)"
DEBUG - HtmlFormExporter.calculateDependencies(118) |2026-06-19 08:50:29,118| dependency substitution pattern: <standardRegimen(?:\s|\s[^>]*\s)regimenCodes="(.*?)"
DEBUG - HtmlFormExporter.calculateDependencies(106) |2026-06-19 08:50:29,118| Handling dependencies for tag encounterType
DEBUG - HtmlFormExporter.calculateDependencies(118) |2026-06-19 08:50:29,118| dependency substitution pattern: <encounterType(?:\s|\s[^>]*\s)types="(.*?)"
DEBUG - HtmlFormExporter.calculateDependencies(118) |2026-06-19 08:50:29,118| dependency substitution pattern: <encounterType(?:\s|\s[^>]*\s)default="(.*?)"
DEBUG - HtmlFormExporter.calculateDependencies(106) |2026-06-19 08:50:29,119| Handling dependencies for tag exitFromCare
DEBUG - HtmlFormExporter.calculateDependencies(106) |2026-06-19 08:50:29,119| Handling dependencies for tag ifMode
DEBUG - HtmlFormExporter.calculateDependencies(106) |2026-06-19 08:50:29,119| Handling dependencies for tag includeIf
DEBUG - HtmlFormExporter.calculateDependencies(106) |2026-06-19 08:50:29,119| Handling dependencies for tag excludeIf
DEBUG - HtmlFormExporter.calculateDependencies(106) |2026-06-19 08:50:29,119| Handling dependencies for tag redirectOnSave
DEBUG - HtmlFormExporter.calculateDependencies(106) |2026-06-19 08:50:29,119| Handling dependencies for tag postSubmissionAction
DEBUG - HtmlFormExporter.calculateDependencies(106) |2026-06-19 08:50:29,119| Handling dependencies for tag markPatientDead
DEBUG - HtmlFormExporter.calculateDependencies(118) |2026-06-19 08:50:29,119| dependency substitution pattern: <markPatientDead(?:\s|\s[^>]*\s)causeOfDeathFromObs="(.*?)"
DEBUG - HtmlFormExporter.calculateDependencies(106) |2026-06-19 08:50:29,119| Handling dependencies for tag immunization
DEBUG - HtmlFormExporter.calculateDependencies(106) |2026-06-19 08:50:29,119| Handling dependencies for tag obsreference
DEBUG - HtmlFormExporter.calculateDependencies(118) |2026-06-19 08:50:29,119| dependency substitution pattern: <obsreference(?:\s|\s[^>]*\s)conceptId="(.*?)"
DEBUG - HtmlFormExporter.calculateDependencies(118) |2026-06-19 08:50:29,119| dependency substitution pattern: <obsreference(?:\s|\s[^>]*\s)conceptIds="(.*?)"
DEBUG - HtmlFormExporter.calculateDependencies(118) |2026-06-19 08:50:29,119| dependency substitution pattern: <obsreference(?:\s|\s[^>]*\s)answerConceptId="(.*?)"
DEBUG - HtmlFormExporter.calculateDependencies(118) |2026-06-19 08:50:29,119| dependency substitution pattern: <obsreference(?:\s|\s[^>]*\s)answerDrugId="(.*?)"
DEBUG - HtmlFormExporter.calculateDependencies(118) |2026-06-19 08:50:29,120| dependency substitution pattern: <obsreference(?:\s|\s[^>]*\s)answerConceptIds="(.*?)"
DEBUG - HtmlFormExporter.calculateDependencies(118) |2026-06-19 08:50:29,120| dependency substitution pattern: <obsreference(?:\s|\s[^>]*\s)answerLocationTags="(.*?)"
DEBUG - HtmlFormExporter.calculateDependencies(106) |2026-06-19 08:50:29,120| Handling dependencies for tag condition
DEBUG - HtmlFormSubstitutionUtils.performSubstitution(70) |2026-06-19 08:50:29,122| Handling substitutions for tag obs
DEBUG - HtmlFormSubstitutionUtils.performSubstitution(82) |2026-06-19 08:50:29,122| substitution pattern: <obs(?:\s|\s[^>]*\s)conceptId
DEBUG - HtmlFormSubstitutionUtils.performSubstitution(82) |2026-06-19 08:50:29,123| substitution pattern: <obs(?:\s|\s[^>]*\s)conceptIds
DEBUG - HtmlFormSubstitutionUtils.performSubstitution(82) |2026-06-19 08:50:29,123| substitution pattern: <obs(?:\s|\s[^>]*\s)answerConceptId
DEBUG - HtmlFormSubstitutionUtils.performSubstitution(82) |2026-06-19 08:50:29,123| substitution pattern: <obs(?:\s|\s[^>]*\s)answerDrugId
DEBUG - HtmlFormSubstitutionUtils.performSubstitution(82) |2026-06-19 08:50:29,123| substitution pattern: <obs(?:\s|\s[^>]*\s)answerConceptIds
DEBUG - HtmlFormSubstitutionUtils.performSubstitution(82) |2026-06-19 08:50:29,123| substitution pattern: <obs(?:\s|\s[^>]*\s)answerLocationTags
DEBUG - HtmlFormSubstitutionUtils.performSubstitution(70) |2026-06-19 08:50:29,123| Handling substitutions for tag controls
DEBUG - HtmlFormSubstitutionUtils.performSubstitution(70) |2026-06-19 08:50:29,124| Handling substitutions for tag when
DEBUG - HtmlFormSubstitutionUtils.performSubstitution(70) |2026-06-19 08:50:29,124| Handling substitutions for tag encounterProviderAndRole
DEBUG - HtmlFormSubstitutionUtils.performSubstitution(82) |2026-06-19 08:50:29,124| substitution pattern: <encounterProviderAndRole(?:\s|\s[^>]*\s)default
DEBUG - HtmlFormSubstitutionUtils.performSubstitution(82) |2026-06-19 08:50:29,124| substitution pattern: <encounterProviderAndRole(?:\s|\s[^>]*\s)encounterRole
DEBUG - HtmlFormSubstitutionUtils.performSubstitution(82) |2026-06-19 08:50:29,124| substitution pattern: <encounterProviderAndRole(?:\s|\s[^>]*\s)required
DEBUG - HtmlFormSubstitutionUtils.performSubstitution(70) |2026-06-19 08:50:29,124| Handling substitutions for tag obsgroup
DEBUG - HtmlFormSubstitutionUtils.performSubstitution(82) |2026-06-19 08:50:29,124| substitution pattern: <obsgroup(?:\s|\s[^>]*\s)groupingConceptId
DEBUG - HtmlFormSubstitutionUtils.performSubstitution(70) |2026-06-19 08:50:29,124| Handling substitutions for tag encounterDate
DEBUG - HtmlFormSubstitutionUtils.performSubstitution(70) |2026-06-19 08:50:29,124| Handling substitutions for tag encounterProvider
DEBUG - HtmlFormSubstitutionUtils.performSubstitution(82) |2026-06-19 08:50:29,124| substitution pattern: <encounterProvider(?:\s|\s[^>]*\s)default
DEBUG - HtmlFormSubstitutionUtils.performSubstitution(82) |2026-06-19 08:50:29,124| substitution pattern: <encounterProvider(?:\s|\s[^>]*\s)role
DEBUG - HtmlFormSubstitutionUtils.performSubstitution(82) |2026-06-19 08:50:29,124| substitution pattern: <encounterProvider(?:\s|\s[^>]*\s)required
DEBUG - HtmlFormSubstitutionUtils.performSubstitution(70) |2026-06-19 08:50:29,124| Handling substitutions for tag encounterLocation
DEBUG - HtmlFormSubstitutionUtils.performSubstitution(82) |2026-06-19 08:50:29,125| substitution pattern: <encounterLocation(?:\s|\s[^>]*\s)order
DEBUG - HtmlFormSubstitutionUtils.performSubstitution(82) |2026-06-19 08:50:29,125| substitution pattern: <encounterLocation(?:\s|\s[^>]*\s)default
DEBUG - HtmlFormSubstitutionUtils.performSubstitution(82) |2026-06-19 08:50:29,125| substitution pattern: <encounterLocation(?:\s|\s[^>]*\s)tags
DEBUG - HtmlFormSubstitutionUtils.performSubstitution(82) |2026-06-19 08:50:29,125| substitution pattern: <encounterLocation(?:\s|\s[^>]*\s)required
DEBUG - HtmlFormSubstitutionUtils.performSubstitution(70) |2026-06-19 08:50:29,125| Handling substitutions for tag encounterVoided
DEBUG - HtmlFormSubstitutionUtils.performSubstitution(70) |2026-06-19 08:50:29,125| Handling substitutions for tag enrollInProgram
DEBUG - HtmlFormSubstitutionUtils.performSubstitution(82) |2026-06-19 08:50:29,125| substitution pattern: <enrollInProgram(?:\s|\s[^>]*\s)programId
DEBUG - HtmlFormSubstitutionUtils.performSubstitution(82) |2026-06-19 08:50:29,125| substitution pattern: <enrollInProgram(?:\s|\s[^>]*\s)stateIds
DEBUG - HtmlFormSubstitutionUtils.performSubstitution(70) |2026-06-19 08:50:29,125| Handling substitutions for tag completeProgram
DEBUG - HtmlFormSubstitutionUtils.performSubstitution(82) |2026-06-19 08:50:29,125| substitution pattern: <completeProgram(?:\s|\s[^>]*\s)programId
DEBUG - HtmlFormSubstitutionUtils.performSubstitution(70) |2026-06-19 08:50:29,125| Handling substitutions for tag section
DEBUG - HtmlFormSubstitutionUtils.performSubstitution(70) |2026-06-19 08:50:29,125| Handling substitutions for tag lookup
DEBUG - HtmlFormSubstitutionUtils.performSubstitution(70) |2026-06-19 08:50:29,126| Handling substitutions for tag submit
DEBUG - HtmlFormSubstitutionUtils.performSubstitution(70) |2026-06-19 08:50:29,126| Handling substitutions for tag patient
DEBUG - HtmlFormSubstitutionUtils.performSubstitution(82) |2026-06-19 08:50:29,126| substitution pattern: <patient(?:\s|\s[^>]*\s)identifierTypeId
DEBUG - HtmlFormSubstitutionUtils.performSubstitution(70) |2026-06-19 08:50:29,126| Handling substitutions for tag drugOrder
DEBUG - HtmlFormSubstitutionUtils.performSubstitution(82) |2026-06-19 08:50:29,126| substitution pattern: <drugOrder(?:\s|\s[^>]*\s)drugNames
DEBUG - HtmlFormSubstitutionUtils.performSubstitution(82) |2026-06-19 08:50:29,126| substitution pattern: <drugOrder(?:\s|\s[^>]*\s)discontinuedReasonConceptId
DEBUG - HtmlFormSubstitutionUtils.performSubstitution(82) |2026-06-19 08:50:29,126| substitution pattern: <drugOrder(?:\s|\s[^>]*\s)discontinueReasonAnswers
DEBUG - HtmlFormSubstitutionUtils.performSubstitution(70) |2026-06-19 08:50:29,126| Handling substitutions for tag relationship
DEBUG - HtmlFormSubstitutionUtils.performSubstitution(82) |2026-06-19 08:50:29,126| substitution pattern: <relationship(?:\s|\s[^>]*\s)type
DEBUG - HtmlFormSubstitutionUtils.performSubstitution(70) |2026-06-19 08:50:29,126| Handling substitutions for tag workflowState
DEBUG - HtmlFormSubstitutionUtils.performSubstitution(82) |2026-06-19 08:50:29,126| substitution pattern: <workflowState(?:\s|\s[^>]*\s)workflowId
DEBUG - HtmlFormSubstitutionUtils.performSubstitution(82) |2026-06-19 08:50:29,126| substitution pattern: <workflowState(?:\s|\s[^>]*\s)stateIds
DEBUG - HtmlFormSubstitutionUtils.performSubstitution(82) |2026-06-19 08:50:29,127| substitution pattern: <workflowState(?:\s|\s[^>]*\s)stateId
DEBUG - HtmlFormSubstitutionUtils.performSubstitution(70) |2026-06-19 08:50:29,127| Handling substitutions for tag standardRegimen
DEBUG - HtmlFormSubstitutionUtils.performSubstitution(82) |2026-06-19 08:50:29,127| substitution pattern: <standardRegimen(?:\s|\s[^>]*\s)discontinuedReasonConceptId
DEBUG - HtmlFormSubstitutionUtils.performSubstitution(82) |2026-06-19 08:50:29,127| substitution pattern: <standardRegimen(?:\s|\s[^>]*\s)discontinueReasonAnswers
DEBUG - HtmlFormSubstitutionUtils.performSubstitution(82) |2026-06-19 08:50:29,127| substitution pattern: <standardRegimen(?:\s|\s[^>]*\s)regimenCodes
DEBUG - HtmlFormSubstitutionUtils.performSubstitution(70) |2026-06-19 08:50:29,127| Handling substitutions for tag encounterType
DEBUG - HtmlFormSubstitutionUtils.performSubstitution(82) |2026-06-19 08:50:29,127| substitution pattern: <encounterType(?:\s|\s[^>]*\s)types
DEBUG - HtmlFormSubstitutionUtils.performSubstitution(82) |2026-06-19 08:50:29,127| substitution pattern: <encounterType(?:\s|\s[^>]*\s)default
DEBUG - HtmlFormSubstitutionUtils.performSubstitution(70) |2026-06-19 08:50:29,127| Handling substitutions for tag exitFromCare
DEBUG - HtmlFormSubstitutionUtils.performSubstitution(70) |2026-06-19 08:50:29,127| Handling substitutions for tag ifMode
DEBUG - HtmlFormSubstitutionUtils.performSubstitution(70) |2026-06-19 08:50:29,127| Handling substitutions for tag includeIf
DEBUG - HtmlFormSubstitutionUtils.performSubstitution(70) |2026-06-19 08:50:29,127| Handling substitutions for tag excludeIf
DEBUG - HtmlFormSubstitutionUtils.performSubstitution(70) |2026-06-19 08:50:29,127| Handling substitutions for tag redirectOnSave
DEBUG - HtmlFormSubstitutionUtils.performSubstitution(70) |2026-06-19 08:50:29,127| Handling substitutions for tag postSubmissionAction
DEBUG - HtmlFormSubstitutionUtils.performSubstitution(70) |2026-06-19 08:50:29,127| Handling substitutions for tag markPatientDead
DEBUG - HtmlFormSubstitutionUtils.performSubstitution(82) |2026-06-19 08:50:29,128| substitution pattern: <markPatientDead(?:\s|\s[^>]*\s)causeOfDeathFromObs
DEBUG - HtmlFormSubstitutionUtils.performSubstitution(70) |2026-06-19 08:50:29,128| Handling substitutions for tag immunization
DEBUG - HtmlFormSubstitutionUtils.performSubstitution(70) |2026-06-19 08:50:29,128| Handling substitutions for tag obsreference
DEBUG - HtmlFormSubstitutionUtils.performSubstitution(82) |2026-06-19 08:50:29,128| substitution pattern: <obsreference(?:\s|\s[^>]*\s)conceptId
DEBUG - HtmlFormSubstitutionUtils.performSubstitution(82) |2026-06-19 08:50:29,128| substitution pattern: <obsreference(?:\s|\s[^>]*\s)conceptIds
DEBUG - HtmlFormSubstitutionUtils.performSubstitution(82) |2026-06-19 08:50:29,128| substitution pattern: <obsreference(?:\s|\s[^>]*\s)answerConceptId
DEBUG - HtmlFormSubstitutionUtils.performSubstitution(82) |2026-06-19 08:50:29,128| substitution pattern: <obsreference(?:\s|\s[^>]*\s)answerDrugId
DEBUG - HtmlFormSubstitutionUtils.performSubstitution(82) |2026-06-19 08:50:29,128| substitution pattern: <obsreference(?:\s|\s[^>]*\s)answerConceptIds
DEBUG - HtmlFormSubstitutionUtils.performSubstitution(82) |2026-06-19 08:50:29,128| substitution pattern: <obsreference(?:\s|\s[^>]*\s)answerLocationTags
DEBUG - HtmlFormSubstitutionUtils.performSubstitution(70) |2026-06-19 08:50:29,128| Handling substitutions for tag condition
]]></system-out>
  </testcase>
  <testcase name="onSave_shouldShouldReplaceUuids" classname="org.openmrs.module.htmlformentry.HtmlFormTest" time="0.275">
    <system-out><![CDATA[DEBUG - HtmlFormExporter.stripLocalAttributesFromXml(242) |2026-06-19 08:50:29,348| Handling dependencies for tag obs
DEBUG - HtmlFormExporter.stripLocalAttributesFromXml(251) |2026-06-19 08:50:29,348| stripping substitution pattern: <obs(?:\s|\s[^>]*\s)(conceptId=".*?")
DEBUG - HtmlFormExporter.stripLocalAttributesFromXml(251) |2026-06-19 08:50:29,348| stripping substitution pattern: <obs(?:\s|\s[^>]*\s)(conceptIds=".*?")
DEBUG - HtmlFormExporter.stripLocalAttributesFromXml(251) |2026-06-19 08:50:29,348| stripping substitution pattern: <obs(?:\s|\s[^>]*\s)(answerConceptId=".*?")
DEBUG - HtmlFormExporter.stripLocalAttributesFromXml(251) |2026-06-19 08:50:29,348| stripping substitution pattern: <obs(?:\s|\s[^>]*\s)(answerDrugId=".*?")
DEBUG - HtmlFormExporter.stripLocalAttributesFromXml(251) |2026-06-19 08:50:29,348| stripping substitution pattern: <obs(?:\s|\s[^>]*\s)(answerConceptIds=".*?")
DEBUG - HtmlFormExporter.stripLocalAttributesFromXml(251) |2026-06-19 08:50:29,348| stripping substitution pattern: <obs(?:\s|\s[^>]*\s)(answerLocationTags=".*?")
DEBUG - HtmlFormExporter.stripLocalAttributesFromXml(242) |2026-06-19 08:50:29,348| Handling dependencies for tag controls
DEBUG - HtmlFormExporter.stripLocalAttributesFromXml(242) |2026-06-19 08:50:29,348| Handling dependencies for tag when
DEBUG - HtmlFormExporter.stripLocalAttributesFromXml(242) |2026-06-19 08:50:29,348| Handling dependencies for tag encounterProviderAndRole
DEBUG - HtmlFormExporter.stripLocalAttributesFromXml(251) |2026-06-19 08:50:29,348| stripping substitution pattern: <encounterProviderAndRole(?:\s|\s[^>]*\s)(default=".*?")
DEBUG - HtmlFormExporter.stripLocalAttributesFromXml(251) |2026-06-19 08:50:29,348| stripping substitution pattern: <encounterProviderAndRole(?:\s|\s[^>]*\s)(encounterRole=".*?")
DEBUG - HtmlFormExporter.stripLocalAttributesFromXml(251) |2026-06-19 08:50:29,348| stripping substitution pattern: <encounterProviderAndRole(?:\s|\s[^>]*\s)(required=".*?")
DEBUG - HtmlFormExporter.stripLocalAttributesFromXml(242) |2026-06-19 08:50:29,348| Handling dependencies for tag obsgroup
DEBUG - HtmlFormExporter.stripLocalAttributesFromXml(251) |2026-06-19 08:50:29,348| stripping substitution pattern: <obsgroup(?:\s|\s[^>]*\s)(groupingConceptId=".*?")
DEBUG - HtmlFormExporter.stripLocalAttributesFromXml(242) |2026-06-19 08:50:29,349| Handling dependencies for tag encounterDate
DEBUG - HtmlFormExporter.stripLocalAttributesFromXml(242) |2026-06-19 08:50:29,349| Handling dependencies for tag encounterProvider
DEBUG - HtmlFormExporter.stripLocalAttributesFromXml(251) |2026-06-19 08:50:29,349| stripping substitution pattern: <encounterProvider(?:\s|\s[^>]*\s)(default=".*?")
DEBUG - HtmlFormExporter.stripLocalAttributesFromXml(251) |2026-06-19 08:50:29,349| stripping substitution pattern: <encounterProvider(?:\s|\s[^>]*\s)(role=".*?")
DEBUG - HtmlFormExporter.stripLocalAttributesFromXml(251) |2026-06-19 08:50:29,349| stripping substitution pattern: <encounterProvider(?:\s|\s[^>]*\s)(required=".*?")
DEBUG - HtmlFormExporter.stripLocalAttributesFromXml(242) |2026-06-19 08:50:29,349| Handling dependencies for tag encounterLocation
DEBUG - HtmlFormExporter.stripLocalAttributesFromXml(251) |2026-06-19 08:50:29,349| stripping substitution pattern: <encounterLocation(?:\s|\s[^>]*\s)(order=".*?")
DEBUG - HtmlFormExporter.stripLocalAttributesFromXml(251) |2026-06-19 08:50:29,349| stripping substitution pattern: <encounterLocation(?:\s|\s[^>]*\s)(default=".*?")
DEBUG - HtmlFormExporter.stripLocalAttributesFromXml(251) |2026-06-19 08:50:29,349| stripping substitution pattern: <encounterLocation(?:\s|\s[^>]*\s)(tags=".*?")
DEBUG - HtmlFormExporter.stripLocalAttributesFromXml(251) |2026-06-19 08:50:29,349| stripping substitution pattern: <encounterLocation(?:\s|\s[^>]*\s)(required=".*?")
DEBUG - HtmlFormExporter.stripLocalAttributesFromXml(242) |2026-06-19 08:50:29,349| Handling dependencies for tag encounterVoided
DEBUG - HtmlFormExporter.stripLocalAttributesFromXml(242) |2026-06-19 08:50:29,349| Handling dependencies for tag enrollInProgram
DEBUG - HtmlFormExporter.stripLocalAttributesFromXml(251) |2026-06-19 08:50:29,349| stripping substitution pattern: <enrollInProgram(?:\s|\s[^>]*\s)(programId=".*?")
DEBUG - HtmlFormExporter.stripLocalAttributesFromXml(251) |2026-06-19 08:50:29,349| stripping substitution pattern: <enrollInProgram(?:\s|\s[^>]*\s)(stateIds=".*?")
DEBUG - HtmlFormExporter.stripLocalAttributesFromXml(242) |2026-06-19 08:50:29,349| Handling dependencies for tag completeProgram
DEBUG - HtmlFormExporter.stripLocalAttributesFromXml(251) |2026-06-19 08:50:29,349| stripping substitution pattern: <completeProgram(?:\s|\s[^>]*\s)(programId=".*?")
DEBUG - HtmlFormExporter.stripLocalAttributesFromXml(242) |2026-06-19 08:50:29,349| Handling dependencies for tag section
DEBUG - HtmlFormExporter.stripLocalAttributesFromXml(242) |2026-06-19 08:50:29,350| Handling dependencies for tag lookup
DEBUG - HtmlFormExporter.stripLocalAttributesFromXml(242) |2026-06-19 08:50:29,350| Handling dependencies for tag submit
DEBUG - HtmlFormExporter.stripLocalAttributesFromXml(242) |2026-06-19 08:50:29,350| Handling dependencies for tag patient
DEBUG - HtmlFormExporter.stripLocalAttributesFromXml(251) |2026-06-19 08:50:29,350| stripping substitution pattern: <patient(?:\s|\s[^>]*\s)(identifierTypeId=".*?")
DEBUG - HtmlFormExporter.stripLocalAttributesFromXml(242) |2026-06-19 08:50:29,350| Handling dependencies for tag drugOrder
DEBUG - HtmlFormExporter.stripLocalAttributesFromXml(251) |2026-06-19 08:50:29,350| stripping substitution pattern: <drugOrder(?:\s|\s[^>]*\s)(drugNames=".*?")
DEBUG - HtmlFormExporter.stripLocalAttributesFromXml(251) |2026-06-19 08:50:29,350| stripping substitution pattern: <drugOrder(?:\s|\s[^>]*\s)(discontinuedReasonConceptId=".*?")
DEBUG - HtmlFormExporter.stripLocalAttributesFromXml(251) |2026-06-19 08:50:29,350| stripping substitution pattern: <drugOrder(?:\s|\s[^>]*\s)(discontinueReasonAnswers=".*?")
DEBUG - HtmlFormExporter.stripLocalAttributesFromXml(242) |2026-06-19 08:50:29,350| Handling dependencies for tag relationship
DEBUG - HtmlFormExporter.stripLocalAttributesFromXml(251) |2026-06-19 08:50:29,350| stripping substitution pattern: <relationship(?:\s|\s[^>]*\s)(type=".*?")
DEBUG - HtmlFormExporter.stripLocalAttributesFromXml(242) |2026-06-19 08:50:29,350| Handling dependencies for tag workflowState
DEBUG - HtmlFormExporter.stripLocalAttributesFromXml(251) |2026-06-19 08:50:29,350| stripping substitution pattern: <workflowState(?:\s|\s[^>]*\s)(workflowId=".*?")
DEBUG - HtmlFormExporter.stripLocalAttributesFromXml(251) |2026-06-19 08:50:29,350| stripping substitution pattern: <workflowState(?:\s|\s[^>]*\s)(stateIds=".*?")
DEBUG - HtmlFormExporter.stripLocalAttributesFromXml(251) |2026-06-19 08:50:29,350| stripping substitution pattern: <workflowState(?:\s|\s[^>]*\s)(stateId=".*?")
DEBUG - HtmlFormExporter.stripLocalAttributesFromXml(242) |2026-06-19 08:50:29,350| Handling dependencies for tag standardRegimen
DEBUG - HtmlFormExporter.stripLocalAttributesFromXml(251) |2026-06-19 08:50:29,350| stripping substitution pattern: <standardRegimen(?:\s|\s[^>]*\s)(discontinuedReasonConceptId=".*?")
DEBUG - HtmlFormExporter.stripLocalAttributesFromXml(251) |2026-06-19 08:50:29,350| stripping substitution pattern: <standardRegimen(?:\s|\s[^>]*\s)(discontinueReasonAnswers=".*?")
DEBUG - HtmlFormExporter.stripLocalAttributesFromXml(251) |2026-06-19 08:50:29,350| stripping substitution pattern: <standardRegimen(?:\s|\s[^>]*\s)(regimenCodes=".*?")
DEBUG - HtmlFormExporter.stripLocalAttributesFromXml(242) |2026-06-19 08:50:29,351| Handling dependencies for tag encounterType
DEBUG - HtmlFormExporter.stripLocalAttributesFromXml(251) |2026-06-19 08:50:29,351| stripping substitution pattern: <encounterType(?:\s|\s[^>]*\s)(types=".*?")
DEBUG - HtmlFormExporter.stripLocalAttributesFromXml(251) |2026-06-19 08:50:29,351| stripping substitution pattern: <encounterType(?:\s|\s[^>]*\s)(default=".*?")
DEBUG - HtmlFormExporter.stripLocalAttributesFromXml(242) |2026-06-19 08:50:29,351| Handling dependencies for tag exitFromCare
DEBUG - HtmlFormExporter.stripLocalAttributesFromXml(242) |2026-06-19 08:50:29,351| Handling dependencies for tag ifMode
DEBUG - HtmlFormExporter.stripLocalAttributesFromXml(242) |2026-06-19 08:50:29,351| Handling dependencies for tag includeIf
DEBUG - HtmlFormExporter.stripLocalAttributesFromXml(242) |2026-06-19 08:50:29,351| Handling dependencies for tag excludeIf
DEBUG - HtmlFormExporter.stripLocalAttributesFromXml(242) |2026-06-19 08:50:29,351| Handling dependencies for tag redirectOnSave
DEBUG - HtmlFormExporter.stripLocalAttributesFromXml(242) |2026-06-19 08:50:29,351| Handling dependencies for tag postSubmissionAction
DEBUG - HtmlFormExporter.stripLocalAttributesFromXml(242) |2026-06-19 08:50:29,351| Handling dependencies for tag markPatientDead
DEBUG - HtmlFormExporter.stripLocalAttributesFromXml(251) |2026-06-19 08:50:29,351| stripping substitution pattern: <markPatientDead(?:\s|\s[^>]*\s)(causeOfDeathFromObs=".*?")
DEBUG - HtmlFormExporter.stripLocalAttributesFromXml(242) |2026-06-19 08:50:29,351| Handling dependencies for tag immunization
DEBUG - HtmlFormExporter.stripLocalAttributesFromXml(242) |2026-06-19 08:50:29,351| Handling dependencies for tag obsreference
DEBUG - HtmlFormExporter.stripLocalAttributesFromXml(251) |2026-06-19 08:50:29,351| stripping substitution pattern: <obsreference(?:\s|\s[^>]*\s)(conceptId=".*?")
DEBUG - HtmlFormExporter.stripLocalAttributesFromXml(251) |2026-06-19 08:50:29,351| stripping substitution pattern: <obsreference(?:\s|\s[^>]*\s)(conceptIds=".*?")
DEBUG - HtmlFormExporter.stripLocalAttributesFromXml(251) |2026-06-19 08:50:29,351| stripping substitution pattern: <obsreference(?:\s|\s[^>]*\s)(answerConceptId=".*?")
DEBUG - HtmlFormExporter.stripLocalAttributesFromXml(251) |2026-06-19 08:50:29,351| stripping substitution pattern: <obsreference(?:\s|\s[^>]*\s)(answerDrugId=".*?")
DEBUG - HtmlFormExporter.stripLocalAttributesFromXml(251) |2026-06-19 08:50:29,351| stripping substitution pattern: <obsreference(?:\s|\s[^>]*\s)(answerConceptIds=".*?")
DEBUG - HtmlFormExporter.stripLocalAttributesFromXml(251) |2026-06-19 08:50:29,352| stripping substitution pattern: <obsreference(?:\s|\s[^>]*\s)(answerLocationTags=".*?")
DEBUG - HtmlFormExporter.stripLocalAttributesFromXml(242) |2026-06-19 08:50:29,352| Handling dependencies for tag condition
DEBUG - HtmlFormSubstitutionUtils.performSubstitution(70) |2026-06-19 08:50:29,352| Handling substitutions for tag obs
DEBUG - HtmlFormSubstitutionUtils.performSubstitution(82) |2026-06-19 08:50:29,352| substitution pattern: <obs(?:\s|\s[^>]*\s)conceptId
DEBUG - HtmlFormSubstitutionUtils.performSubstitution(82) |2026-06-19 08:50:29,353| substitution pattern: <obs(?:\s|\s[^>]*\s)conceptIds
DEBUG - HtmlFormSubstitutionUtils.performSubstitution(82) |2026-06-19 08:50:29,353| substitution pattern: <obs(?:\s|\s[^>]*\s)answerConceptId
DEBUG - HtmlFormSubstitutionUtils.performSubstitution(82) |2026-06-19 08:50:29,354| substitution pattern: <obs(?:\s|\s[^>]*\s)answerDrugId
DEBUG - HtmlFormSubstitutionUtils.performSubstitution(82) |2026-06-19 08:50:29,354| substitution pattern: <obs(?:\s|\s[^>]*\s)answerConceptIds
DEBUG - HtmlFormSubstitutionUtils.performSubstitution(82) |2026-06-19 08:50:29,354| substitution pattern: <obs(?:\s|\s[^>]*\s)answerLocationTags
DEBUG - HtmlFormSubstitutionUtils.performSubstitution(70) |2026-06-19 08:50:29,354| Handling substitutions for tag controls
DEBUG - HtmlFormSubstitutionUtils.performSubstitution(70) |2026-06-19 08:50:29,355| Handling substitutions for tag when
DEBUG - HtmlFormSubstitutionUtils.performSubstitution(70) |2026-06-19 08:50:29,355| Handling substitutions for tag encounterProviderAndRole
DEBUG - HtmlFormSubstitutionUtils.performSubstitution(82) |2026-06-19 08:50:29,355| substitution pattern: <encounterProviderAndRole(?:\s|\s[^>]*\s)default
DEBUG - HtmlFormSubstitutionUtils.performSubstitution(82) |2026-06-19 08:50:29,355| substitution pattern: <encounterProviderAndRole(?:\s|\s[^>]*\s)encounterRole
DEBUG - HtmlFormSubstitutionUtils.performSubstitution(82) |2026-06-19 08:50:29,355| substitution pattern: <encounterProviderAndRole(?:\s|\s[^>]*\s)required
DEBUG - HtmlFormSubstitutionUtils.performSubstitution(70) |2026-06-19 08:50:29,355| Handling substitutions for tag obsgroup
DEBUG - HtmlFormSubstitutionUtils.performSubstitution(82) |2026-06-19 08:50:29,355| substitution pattern: <obsgroup(?:\s|\s[^>]*\s)groupingConceptId
DEBUG - HtmlFormSubstitutionUtils.performSubstitution(70) |2026-06-19 08:50:29,355| Handling substitutions for tag encounterDate
DEBUG - HtmlFormSubstitutionUtils.performSubstitution(70) |2026-06-19 08:50:29,356| Handling substitutions for tag encounterProvider
DEBUG - HtmlFormSubstitutionUtils.performSubstitution(82) |2026-06-19 08:50:29,356| substitution pattern: <encounterProvider(?:\s|\s[^>]*\s)default
DEBUG - HtmlFormSubstitutionUtils.performSubstitution(82) |2026-06-19 08:50:29,356| substitution pattern: <encounterProvider(?:\s|\s[^>]*\s)role
DEBUG - HtmlFormSubstitutionUtils.performSubstitution(82) |2026-06-19 08:50:29,356| substitution pattern: <encounterProvider(?:\s|\s[^>]*\s)required
DEBUG - HtmlFormSubstitutionUtils.performSubstitution(70) |2026-06-19 08:50:29,356| Handling substitutions for tag encounterLocation
DEBUG - HtmlFormSubstitutionUtils.performSubstitution(82) |2026-06-19 08:50:29,356| substitution pattern: <encounterLocation(?:\s|\s[^>]*\s)order
DEBUG - HtmlFormSubstitutionUtils.performSubstitution(82) |2026-06-19 08:50:29,356| substitution pattern: <encounterLocation(?:\s|\s[^>]*\s)default
DEBUG - HtmlFormSubstitutionUtils.performSubstitution(82) |2026-06-19 08:50:29,356| substitution pattern: <encounterLocation(?:\s|\s[^>]*\s)tags
DEBUG - HtmlFormSubstitutionUtils.performSubstitution(82) |2026-06-19 08:50:29,356| substitution pattern: <encounterLocation(?:\s|\s[^>]*\s)required
DEBUG - HtmlFormSubstitutionUtils.performSubstitution(70) |2026-06-19 08:50:29,356| Handling substitutions for tag encounterVoided
DEBUG - HtmlFormSubstitutionUtils.performSubstitution(70) |2026-06-19 08:50:29,356| Handling substitutions for tag enrollInProgram
DEBUG - HtmlFormSubstitutionUtils.performSubstitution(82) |2026-06-19 08:50:29,356| substitution pattern: <enrollInProgram(?:\s|\s[^>]*\s)programId
DEBUG - HtmlFormSubstitutionUtils.performSubstitution(82) |2026-06-19 08:50:29,357| substitution pattern: <enrollInProgram(?:\s|\s[^>]*\s)stateIds
DEBUG - HtmlFormSubstitutionUtils.performSubstitution(70) |2026-06-19 08:50:29,358| Handling substitutions for tag completeProgram
DEBUG - HtmlFormSubstitutionUtils.performSubstitution(82) |2026-06-19 08:50:29,358| substitution pattern: <completeProgram(?:\s|\s[^>]*\s)programId
DEBUG - HtmlFormSubstitutionUtils.performSubstitution(70) |2026-06-19 08:50:29,358| Handling substitutions for tag section
DEBUG - HtmlFormSubstitutionUtils.performSubstitution(70) |2026-06-19 08:50:29,358| Handling substitutions for tag lookup
DEBUG - HtmlFormSubstitutionUtils.performSubstitution(70) |2026-06-19 08:50:29,358| Handling substitutions for tag submit
DEBUG - HtmlFormSubstitutionUtils.performSubstitution(70) |2026-06-19 08:50:29,358| Handling substitutions for tag patient
DEBUG - HtmlFormSubstitutionUtils.performSubstitution(82) |2026-06-19 08:50:29,359| substitution pattern: <patient(?:\s|\s[^>]*\s)identifierTypeId
DEBUG - HtmlFormSubstitutionUtils.performSubstitution(70) |2026-06-19 08:50:29,359| Handling substitutions for tag drugOrder
DEBUG - HtmlFormSubstitutionUtils.performSubstitution(82) |2026-06-19 08:50:29,359| substitution pattern: <drugOrder(?:\s|\s[^>]*\s)drugNames
DEBUG - HtmlFormSubstitutionUtils.performSubstitution(82) |2026-06-19 08:50:29,359| substitution pattern: <drugOrder(?:\s|\s[^>]*\s)discontinuedReasonConceptId
DEBUG - HtmlFormSubstitutionUtils.performSubstitution(82) |2026-06-19 08:50:29,360| substitution pattern: <drugOrder(?:\s|\s[^>]*\s)discontinueReasonAnswers
DEBUG - HtmlFormSubstitutionUtils.performSubstitution(70) |2026-06-19 08:50:29,360| Handling substitutions for tag relationship
DEBUG - HtmlFormSubstitutionUtils.performSubstitution(82) |2026-06-19 08:50:29,360| substitution pattern: <relationship(?:\s|\s[^>]*\s)type
DEBUG - HtmlFormSubstitutionUtils.performSubstitution(70) |2026-06-19 08:50:29,360| Handling substitutions for tag workflowState
DEBUG - HtmlFormSubstitutionUtils.performSubstitution(82) |2026-06-19 08:50:29,360| substitution pattern: <workflowState(?:\s|\s[^>]*\s)workflowId
DEBUG - HtmlFormSubstitutionUtils.performSubstitution(82) |2026-06-19 08:50:29,361| substitution pattern: <workflowState(?:\s|\s[^>]*\s)stateIds
DEBUG - HtmlFormSubstitutionUtils.performSubstitution(82) |2026-06-19 08:50:29,361| substitution pattern: <workflowState(?:\s|\s[^>]*\s)stateId
DEBUG - HtmlFormSubstitutionUtils.performSubstitution(70) |2026-06-19 08:50:29,362| Handling substitutions for tag standardRegimen
DEBUG - HtmlFormSubstitutionUtils.performSubstitution(82) |2026-06-19 08:50:29,362| substitution pattern: <standardRegimen(?:\s|\s[^>]*\s)discontinuedReasonConceptId
DEBUG - HtmlFormSubstitutionUtils.performSubstitution(82) |2026-06-19 08:50:29,362| substitution pattern: <standardRegimen(?:\s|\s[^>]*\s)discontinueReasonAnswers
DEBUG - HtmlFormSubstitutionUtils.performSubstitution(82) |2026-06-19 08:50:29,362| substitution pattern: <standardRegimen(?:\s|\s[^>]*\s)regimenCodes
DEBUG - HtmlFormSubstitutionUtils.performSubstitution(70) |2026-06-19 08:50:29,362| Handling substitutions for tag encounterType
DEBUG - HtmlFormSubstitutionUtils.performSubstitution(82) |2026-06-19 08:50:29,362| substitution pattern: <encounterType(?:\s|\s[^>]*\s)types
DEBUG - HtmlFormSubstitutionUtils.performSubstitution(82) |2026-06-19 08:50:29,362| substitution pattern: <encounterType(?:\s|\s[^>]*\s)default
DEBUG - HtmlFormSubstitutionUtils.performSubstitution(70) |2026-06-19 08:50:29,362| Handling substitutions for tag exitFromCare
DEBUG - HtmlFormSubstitutionUtils.performSubstitution(70) |2026-06-19 08:50:29,362| Handling substitutions for tag ifMode
DEBUG - HtmlFormSubstitutionUtils.performSubstitution(70) |2026-06-19 08:50:29,362| Handling substitutions for tag includeIf
DEBUG - HtmlFormSubstitutionUtils.performSubstitution(70) |2026-06-19 08:50:29,362| Handling substitutions for tag excludeIf
DEBUG - HtmlFormSubstitutionUtils.performSubstitution(70) |2026-06-19 08:50:29,362| Handling substitutions for tag redirectOnSave
DEBUG - HtmlFormSubstitutionUtils.performSubstitution(70) |2026-06-19 08:50:29,362| Handling substitutions for tag postSubmissionAction
DEBUG - HtmlFormSubstitutionUtils.performSubstitution(70) |2026-06-19 08:50:29,362| Handling substitutions for tag markPatientDead
DEBUG - HtmlFormSubstitutionUtils.performSubstitution(82) |2026-06-19 08:50:29,363| substitution pattern: <markPatientDead(?:\s|\s[^>]*\s)causeOfDeathFromObs
DEBUG - HtmlFormSubstitutionUtils.performSubstitution(70) |2026-06-19 08:50:29,363| Handling substitutions for tag immunization
DEBUG - HtmlFormSubstitutionUtils.performSubstitution(70) |2026-06-19 08:50:29,363| Handling substitutions for tag obsreference
DEBUG - HtmlFormSubstitutionUtils.performSubstitution(82) |2026-06-19 08:50:29,363| substitution pattern: <obsreference(?:\s|\s[^>]*\s)conceptId
DEBUG - HtmlFormSubstitutionUtils.performSubstitution(82) |2026-06-19 08:50:29,363| substitution pattern: <obsreference(?:\s|\s[^>]*\s)conceptIds
DEBUG - HtmlFormSubstitutionUtils.performSubstitution(82) |2026-06-19 08:50:29,363| substitution pattern: <obsreference(?:\s|\s[^>]*\s)answerConceptId
DEBUG - HtmlFormSubstitutionUtils.performSubstitution(82) |2026-06-19 08:50:29,363| substitution pattern: <obsreference(?:\s|\s[^>]*\s)answerDrugId
DEBUG - HtmlFormSubstitutionUtils.performSubstitution(82) |2026-06-19 08:50:29,363| substitution pattern: <obsreference(?:\s|\s[^>]*\s)answerConceptIds
DEBUG - HtmlFormSubstitutionUtils.performSubstitution(82) |2026-06-19 08:50:29,363| substitution pattern: <obsreference(?:\s|\s[^>]*\s)answerLocationTags
DEBUG - HtmlFormSubstitutionUtils.performSubstitution(70) |2026-06-19 08:50:29,363| Handling substitutions for tag condition
DEBUG - HtmlFormSubstitutionUtils.performSubstitution(70) |2026-06-19 08:50:29,363| Handling substitutions for tag obs
DEBUG - HtmlFormSubstitutionUtils.performSubstitution(82) |2026-06-19 08:50:29,363| substitution pattern: <obs(?:\s|\s[^>]*\s)conceptId
DEBUG - HtmlFormSubstitutionUtils.performSubstitution(82) |2026-06-19 08:50:29,363| substitution pattern: <obs(?:\s|\s[^>]*\s)conceptIds
DEBUG - HtmlFormSubstitutionUtils.performSubstitution(82) |2026-06-19 08:50:29,364| substitution pattern: <obs(?:\s|\s[^>]*\s)answerConceptId
DEBUG - HtmlFormSubstitutionUtils.performSubstitution(82) |2026-06-19 08:50:29,364| substitution pattern: <obs(?:\s|\s[^>]*\s)answerDrugId
DEBUG - HtmlFormSubstitutionUtils.performSubstitution(82) |2026-06-19 08:50:29,364| substitution pattern: <obs(?:\s|\s[^>]*\s)answerConceptIds
DEBUG - HtmlFormSubstitutionUtils.performSubstitution(82) |2026-06-19 08:50:29,364| substitution pattern: <obs(?:\s|\s[^>]*\s)answerLocationTags
DEBUG - HtmlFormSubstitutionUtils.performSubstitution(70) |2026-06-19 08:50:29,364| Handling substitutions for tag controls
DEBUG - HtmlFormSubstitutionUtils.performSubstitution(70) |2026-06-19 08:50:29,364| Handling substitutions for tag when
DEBUG - HtmlFormSubstitutionUtils.performSubstitution(70) |2026-06-19 08:50:29,364| Handling substitutions for tag encounterProviderAndRole
DEBUG - HtmlFormSubstitutionUtils.performSubstitution(82) |2026-06-19 08:50:29,364| substitution pattern: <encounterProviderAndRole(?:\s|\s[^>]*\s)default
DEBUG - HtmlFormSubstitutionUtils.performSubstitution(82) |2026-06-19 08:50:29,364| substitution pattern: <encounterProviderAndRole(?:\s|\s[^>]*\s)encounterRole
DEBUG - HtmlFormSubstitutionUtils.performSubstitution(82) |2026-06-19 08:50:29,364| substitution pattern: <encounterProviderAndRole(?:\s|\s[^>]*\s)required
DEBUG - HtmlFormSubstitutionUtils.performSubstitution(70) |2026-06-19 08:50:29,364| Handling substitutions for tag obsgroup
DEBUG - HtmlFormSubstitutionUtils.performSubstitution(82) |2026-06-19 08:50:29,364| substitution pattern: <obsgroup(?:\s|\s[^>]*\s)groupingConceptId
DEBUG - HtmlFormSubstitutionUtils.performSubstitution(70) |2026-06-19 08:50:29,365| Handling substitutions for tag encounterDate
DEBUG - HtmlFormSubstitutionUtils.performSubstitution(70) |2026-06-19 08:50:29,365| Handling substitutions for tag encounterProvider
DEBUG - HtmlFormSubstitutionUtils.performSubstitution(82) |2026-06-19 08:50:29,365| substitution pattern: <encounterProvider(?:\s|\s[^>]*\s)default
DEBUG - HtmlFormSubstitutionUtils.performSubstitution(82) |2026-06-19 08:50:29,365| substitution pattern: <encounterProvider(?:\s|\s[^>]*\s)role
DEBUG - HtmlFormSubstitutionUtils.performSubstitution(82) |2026-06-19 08:50:29,365| substitution pattern: <encounterProvider(?:\s|\s[^>]*\s)required
DEBUG - HtmlFormSubstitutionUtils.performSubstitution(70) |2026-06-19 08:50:29,365| Handling substitutions for tag encounterLocation
DEBUG - HtmlFormSubstitutionUtils.performSubstitution(82) |2026-06-19 08:50:29,365| substitution pattern: <encounterLocation(?:\s|\s[^>]*\s)order
DEBUG - HtmlFormSubstitutionUtils.performSubstitution(82) |2026-06-19 08:50:29,365| substitution pattern: <encounterLocation(?:\s|\s[^>]*\s)default
DEBUG - HtmlFormSubstitutionUtils.performSubstitution(82) |2026-06-19 08:50:29,365| substitution pattern: <encounterLocation(?:\s|\s[^>]*\s)tags
DEBUG - HtmlFormSubstitutionUtils.performSubstitution(82) |2026-06-19 08:50:29,365| substitution pattern: <encounterLocation(?:\s|\s[^>]*\s)required
DEBUG - HtmlFormSubstitutionUtils.performSubstitution(70) |2026-06-19 08:50:29,365| Handling substitutions for tag encounterVoided
DEBUG - HtmlFormSubstitutionUtils.performSubstitution(70) |2026-06-19 08:50:29,365| Handling substitutions for tag enrollInProgram
DEBUG - HtmlFormSubstitutionUtils.performSubstitution(82) |2026-06-19 08:50:29,365| substitution pattern: <enrollInProgram(?:\s|\s[^>]*\s)programId
DEBUG - HtmlFormSubstitutionUtils.performSubstitution(82) |2026-06-19 08:50:29,369| substitution pattern: <enrollInProgram(?:\s|\s[^>]*\s)stateIds
DEBUG - HtmlFormSubstitutionUtils.performSubstitution(70) |2026-06-19 08:50:29,369| Handling substitutions for tag completeProgram
DEBUG - HtmlFormSubstitutionUtils.performSubstitution(82) |2026-06-19 08:50:29,369| substitution pattern: <completeProgram(?:\s|\s[^>]*\s)programId
DEBUG - HtmlFormSubstitutionUtils.performSubstitution(70) |2026-06-19 08:50:29,369| Handling substitutions for tag section
DEBUG - HtmlFormSubstitutionUtils.performSubstitution(70) |2026-06-19 08:50:29,369| Handling substitutions for tag lookup
DEBUG - HtmlFormSubstitutionUtils.performSubstitution(70) |2026-06-19 08:50:29,369| Handling substitutions for tag submit
DEBUG - HtmlFormSubstitutionUtils.performSubstitution(70) |2026-06-19 08:50:29,369| Handling substitutions for tag patient
DEBUG - HtmlFormSubstitutionUtils.performSubstitution(82) |2026-06-19 08:50:29,369| substitution pattern: <patient(?:\s|\s[^>]*\s)identifierTypeId
DEBUG - HtmlFormSubstitutionUtils.performSubstitution(70) |2026-06-19 08:50:29,370| Handling substitutions for tag drugOrder
DEBUG - HtmlFormSubstitutionUtils.performSubstitution(82) |2026-06-19 08:50:29,370| substitution pattern: <drugOrder(?:\s|\s[^>]*\s)drugNames
DEBUG - HtmlFormSubstitutionUtils.performSubstitution(82) |2026-06-19 08:50:29,370| substitution pattern: <drugOrder(?:\s|\s[^>]*\s)discontinuedReasonConceptId
DEBUG - HtmlFormSubstitutionUtils.performSubstitution(82) |2026-06-19 08:50:29,370| substitution pattern: <drugOrder(?:\s|\s[^>]*\s)discontinueReasonAnswers
DEBUG - HtmlFormSubstitutionUtils.performSubstitution(70) |2026-06-19 08:50:29,370| Handling substitutions for tag relationship
DEBUG - HtmlFormSubstitutionUtils.performSubstitution(82) |2026-06-19 08:50:29,370| substitution pattern: <relationship(?:\s|\s[^>]*\s)type
DEBUG - HtmlFormSubstitutionUtils.performSubstitution(70) |2026-06-19 08:50:29,370| Handling substitutions for tag workflowState
DEBUG - HtmlFormSubstitutionUtils.performSubstitution(82) |2026-06-19 08:50:29,370| substitution pattern: <workflowState(?:\s|\s[^>]*\s)workflowId
DEBUG - HtmlFormSubstitutionUtils.performSubstitution(82) |2026-06-19 08:50:29,370| substitution pattern: <workflowState(?:\s|\s[^>]*\s)stateIds
DEBUG - HtmlFormSubstitutionUtils.performSubstitution(82) |2026-06-19 08:50:29,370| substitution pattern: <workflowState(?:\s|\s[^>]*\s)stateId
DEBUG - HtmlFormSubstitutionUtils.performSubstitution(70) |2026-06-19 08:50:29,370| Handling substitutions for tag standardRegimen
DEBUG - HtmlFormSubstitutionUtils.performSubstitution(82) |2026-06-19 08:50:29,370| substitution pattern: <standardRegimen(?:\s|\s[^>]*\s)discontinuedReasonConceptId
DEBUG - HtmlFormSubstitutionUtils.performSubstitution(82) |2026-06-19 08:50:29,371| substitution pattern: <standardRegimen(?:\s|\s[^>]*\s)discontinueReasonAnswers
DEBUG - HtmlFormSubstitutionUtils.performSubstitution(82) |2026-06-19 08:50:29,371| substitution pattern: <standardRegimen(?:\s|\s[^>]*\s)regimenCodes
DEBUG - HtmlFormSubstitutionUtils.performSubstitution(70) |2026-06-19 08:50:29,371| Handling substitutions for tag encounterType
DEBUG - HtmlFormSubstitutionUtils.performSubstitution(82) |2026-06-19 08:50:29,371| substitution pattern: <encounterType(?:\s|\s[^>]*\s)types
DEBUG - HtmlFormSubstitutionUtils.performSubstitution(82) |2026-06-19 08:50:29,371| substitution pattern: <encounterType(?:\s|\s[^>]*\s)default
DEBUG - HtmlFormSubstitutionUtils.performSubstitution(70) |2026-06-19 08:50:29,371| Handling substitutions for tag exitFromCare
DEBUG - HtmlFormSubstitutionUtils.performSubstitution(70) |2026-06-19 08:50:29,371| Handling substitutions for tag ifMode
DEBUG - HtmlFormSubstitutionUtils.performSubstitution(70) |2026-06-19 08:50:29,371| Handling substitutions for tag includeIf
DEBUG - HtmlFormSubstitutionUtils.performSubstitution(70) |2026-06-19 08:50:29,371| Handling substitutions for tag excludeIf
DEBUG - HtmlFormSubstitutionUtils.performSubstitution(70) |2026-06-19 08:50:29,371| Handling substitutions for tag redirectOnSave
DEBUG - HtmlFormSubstitutionUtils.performSubstitution(70) |2026-06-19 08:50:29,371| Handling substitutions for tag postSubmissionAction
DEBUG - HtmlFormSubstitutionUtils.performSubstitution(70) |2026-06-19 08:50:29,371| Handling substitutions for tag markPatientDead
[...]
DEBUG - HtmlFormSubstitutionUtils.performSubstitution(70) |2026-06-19 08:50:29,641| Handling substitutions for tag relationship
DEBUG - HtmlFormSubstitutionUtils.performSubstitution(82) |2026-06-19 08:50:29,641| substitution pattern: <relationship(?:\s|\s[^>]*\s)type
DEBUG - HtmlFormSubstitutionUtils.performSubstitution(70) |2026-06-19 08:50:29,641| Handling substitutions for tag workflowState
DEBUG - HtmlFormSubstitutionUtils.performSubstitution(82) |2026-06-19 08:50:29,641| substitution pattern: <workflowState(?:\s|\s[^>]*\s)workflowId
DEBUG - HtmlFormSubstitutionUtils.performSubstitution(82) |2026-06-19 08:50:29,641| substitution pattern: <workflowState(?:\s|\s[^>]*\s)stateIds
DEBUG - HtmlFormSubstitutionUtils.performSubstitution(82) |2026-06-19 08:50:29,642| substitution pattern: <workflowState(?:\s|\s[^>]*\s)stateId
DEBUG - HtmlFormSubstitutionUtils.performSubstitution(70) |2026-06-19 08:50:29,642| Handling substitutions for tag standardRegimen
DEBUG - HtmlFormSubstitutionUtils.performSubstitution(82) |2026-06-19 08:50:29,642| substitution pattern: <standardRegimen(?:\s|\s[^>]*\s)discontinuedReasonConceptId
DEBUG - HtmlFormSubstitutionUtils.performSubstitution(82) |2026-06-19 08:50:29,642| substitution pattern: <standardRegimen(?:\s|\s[^>]*\s)discontinueReasonAnswers
DEBUG - HtmlFormSubstitutionUtils.performSubstitution(82) |2026-06-19 08:50:29,642| substitution pattern: <standardRegimen(?:\s|\s[^>]*\s)regimenCodes
DEBUG - HtmlFormSubstitutionUtils.performSubstitution(70) |2026-06-19 08:50:29,642| Handling substitutions for tag encounterType
DEBUG - HtmlFormSubstitutionUtils.performSubstitution(82) |2026-06-19 08:50:29,642| substitution pattern: <encounterType(?:\s|\s[^>]*\s)types
DEBUG - HtmlFormSubstitutionUtils.performSubstitution(82) |2026-06-19 08:50:29,642| substitution pattern: <encounterType(?:\s|\s[^>]*\s)default
DEBUG - HtmlFormSubstitutionUtils.performSubstitution(70) |2026-06-19 08:50:29,642| Handling substitutions for tag exitFromCare
DEBUG - HtmlFormSubstitutionUtils.performSubstitution(70) |2026-06-19 08:50:29,642| Handling substitutions for tag ifMode
DEBUG - HtmlFormSubstitutionUtils.performSubstitution(70) |2026-06-19 08:50:29,642| Handling substitutions for tag includeIf
DEBUG - HtmlFormSubstitutionUtils.performSubstitution(70) |2026-06-19 08:50:29,642| Handling substitutions for tag excludeIf
DEBUG - HtmlFormSubstitutionUtils.performSubstitution(70) |2026-06-19 08:50:29,642| Handling substitutions for tag redirectOnSave
DEBUG - HtmlFormSubstitutionUtils.performSubstitution(70) |2026-06-19 08:50:29,642| Handling substitutions for tag postSubmissionAction
DEBUG - HtmlFormSubstitutionUtils.performSubstitution(70) |2026-06-19 08:50:29,642| Handling substitutions for tag markPatientDead
DEBUG - HtmlFormSubstitutionUtils.performSubstitution(82) |2026-06-19 08:50:29,643| substitution pattern: <markPatientDead(?:\s|\s[^>]*\s)causeOfDeathFromObs
DEBUG - HtmlFormSubstitutionUtils.performSubstitution(70) |2026-06-19 08:50:29,643| Handling substitutions for tag immunization
DEBUG - HtmlFormSubstitutionUtils.performSubstitution(70) |2026-06-19 08:50:29,643| Handling substitutions for tag obsreference
DEBUG - HtmlFormSubstitutionUtils.performSubstitution(82) |2026-06-19 08:50:29,643| substitution pattern: <obsreference(?:\s|\s[^>]*\s)conceptId
DEBUG - HtmlFormSubstitutionUtils.performSubstitution(82) |2026-06-19 08:50:29,643| substitution pattern: <obsreference(?:\s|\s[^>]*\s)conceptIds
DEBUG - HtmlFormSubstitutionUtils.performSubstitution(82) |2026-06-19 08:50:29,643| substitution pattern: <obsreference(?:\s|\s[^>]*\s)answerConceptId
DEBUG - HtmlFormSubstitutionUtils.performSubstitution(82) |2026-06-19 08:50:29,643| substitution pattern: <obsreference(?:\s|\s[^>]*\s)answerDrugId
DEBUG - HtmlFormSubstitutionUtils.performSubstitution(82) |2026-06-19 08:50:29,643| substitution pattern: <obsreference(?:\s|\s[^>]*\s)answerConceptIds
DEBUG - HtmlFormSubstitutionUtils.performSubstitution(82) |2026-06-19 08:50:29,643| substitution pattern: <obsreference(?:\s|\s[^>]*\s)answerLocationTags
DEBUG - HtmlFormSubstitutionUtils.performSubstitution(70) |2026-06-19 08:50:29,643| Handling substitutions for tag condition
DEBUG - HtmlFormExporter.calculateDependencies(106) |2026-06-19 08:50:29,646| Handling dependencies for tag obs
DEBUG - HtmlFormExporter.calculateDependencies(118) |2026-06-19 08:50:29,646| dependency substitution pattern: <obs(?:\s|\s[^>]*\s)conceptId="(.*?)"
DEBUG - HtmlFormExporter.calculateDependencies(118) |2026-06-19 08:50:29,648| dependency substitution pattern: <obs(?:\s|\s[^>]*\s)conceptIds="(.*?)"
DEBUG - HtmlFormExporter.calculateDependencies(118) |2026-06-19 08:50:29,648| dependency substitution pattern: <obs(?:\s|\s[^>]*\s)answerConceptId="(.*?)"
DEBUG - HtmlFormExporter.calculateDependencies(118) |2026-06-19 08:50:29,649| dependency substitution pattern: <obs(?:\s|\s[^>]*\s)answerDrugId="(.*?)"
DEBUG - HtmlFormExporter.calculateDependencies(118) |2026-06-19 08:50:29,649| dependency substitution pattern: <obs(?:\s|\s[^>]*\s)answerConceptIds="(.*?)"
DEBUG - HtmlFormExporter.calculateDependencies(118) |2026-06-19 08:50:29,652| dependency substitution pattern: <obs(?:\s|\s[^>]*\s)answerLocationTags="(.*?)"
DEBUG - HtmlFormExporter.calculateDependencies(106) |2026-06-19 08:50:29,652| Handling dependencies for tag controls
DEBUG - HtmlFormExporter.calculateDependencies(106) |2026-06-19 08:50:29,652| Handling dependencies for tag when
DEBUG - HtmlFormExporter.calculateDependencies(106) |2026-06-19 08:50:29,652| Handling dependencies for tag encounterProviderAndRole
DEBUG - HtmlFormExporter.calculateDependencies(118) |2026-06-19 08:50:29,652| dependency substitution pattern: <encounterProviderAndRole(?:\s|\s[^>]*\s)default="(.*?)"
DEBUG - HtmlFormExporter.calculateDependencies(118) |2026-06-19 08:50:29,652| dependency substitution pattern: <encounterProviderAndRole(?:\s|\s[^>]*\s)encounterRole="(.*?)"
DEBUG - HtmlFormExporter.calculateDependencies(118) |2026-06-19 08:50:29,652| dependency substitution pattern: <encounterProviderAndRole(?:\s|\s[^>]*\s)required="(.*?)"
DEBUG - HtmlFormExporter.calculateDependencies(106) |2026-06-19 08:50:29,652| Handling dependencies for tag obsgroup
DEBUG - HtmlFormExporter.calculateDependencies(118) |2026-06-19 08:50:29,652| dependency substitution pattern: <obsgroup(?:\s|\s[^>]*\s)groupingConceptId="(.*?)"
DEBUG - HtmlFormExporter.calculateDependencies(106) |2026-06-19 08:50:29,653| Handling dependencies for tag encounterDate
DEBUG - HtmlFormExporter.calculateDependencies(106) |2026-06-19 08:50:29,653| Handling dependencies for tag encounterProvider
DEBUG - HtmlFormExporter.calculateDependencies(118) |2026-06-19 08:50:29,653| dependency substitution pattern: <encounterProvider(?:\s|\s[^>]*\s)default="(.*?)"
DEBUG - HtmlFormExporter.calculateDependencies(118) |2026-06-19 08:50:29,653| dependency substitution pattern: <encounterProvider(?:\s|\s[^>]*\s)role="(.*?)"
DEBUG - HtmlFormExporter.calculateDependencies(118) |2026-06-19 08:50:29,653| dependency substitution pattern: <encounterProvider(?:\s|\s[^>]*\s)required="(.*?)"
DEBUG - HtmlFormExporter.calculateDependencies(106) |2026-06-19 08:50:29,653| Handling dependencies for tag encounterLocation
DEBUG - HtmlFormExporter.calculateDependencies(118) |2026-06-19 08:50:29,654| dependency substitution pattern: <encounterLocation(?:\s|\s[^>]*\s)order="(.*?)"
DEBUG - HtmlFormExporter.calculateDependencies(118) |2026-06-19 08:50:29,654| dependency substitution pattern: <encounterLocation(?:\s|\s[^>]*\s)default="(.*?)"
DEBUG - HtmlFormExporter.calculateDependencies(118) |2026-06-19 08:50:29,654| dependency substitution pattern: <encounterLocation(?:\s|\s[^>]*\s)tags="(.*?)"
DEBUG - HtmlFormExporter.calculateDependencies(118) |2026-06-19 08:50:29,654| dependency substitution pattern: <encounterLocation(?:\s|\s[^>]*\s)required="(.*?)"
DEBUG - HtmlFormExporter.calculateDependencies(106) |2026-06-19 08:50:29,655| Handling dependencies for tag encounterVoided
DEBUG - HtmlFormExporter.calculateDependencies(106) |2026-06-19 08:50:29,655| Handling dependencies for tag enrollInProgram
DEBUG - HtmlFormExporter.calculateDependencies(118) |2026-06-19 08:50:29,655| dependency substitution pattern: <enrollInProgram(?:\s|\s[^>]*\s)programId="(.*?)"
DEBUG - HtmlFormExporter.calculateDependencies(118) |2026-06-19 08:50:29,656| dependency substitution pattern: <enrollInProgram(?:\s|\s[^>]*\s)stateIds="(.*?)"
DEBUG - HtmlFormExporter.calculateDependencies(106) |2026-06-19 08:50:29,658| Handling dependencies for tag completeProgram
DEBUG - HtmlFormExporter.calculateDependencies(118) |2026-06-19 08:50:29,658| dependency substitution pattern: <completeProgram(?:\s|\s[^>]*\s)programId="(.*?)"
DEBUG - HtmlFormExporter.calculateDependencies(106) |2026-06-19 08:50:29,658| Handling dependencies for tag section
DEBUG - HtmlFormExporter.calculateDependencies(106) |2026-06-19 08:50:29,658| Handling dependencies for tag lookup
DEBUG - HtmlFormExporter.calculateDependencies(106) |2026-06-19 08:50:29,658| Handling dependencies for tag submit
DEBUG - HtmlFormExporter.calculateDependencies(106) |2026-06-19 08:50:29,658| Handling dependencies for tag patient
DEBUG - HtmlFormExporter.calculateDependencies(118) |2026-06-19 08:50:29,658| dependency substitution pattern: <patient(?:\s|\s[^>]*\s)identifierTypeId="(.*?)"
DEBUG - HtmlFormExporter.calculateDependencies(106) |2026-06-19 08:50:29,658| Handling dependencies for tag drugOrder
DEBUG - HtmlFormExporter.calculateDependencies(118) |2026-06-19 08:50:29,658| dependency substitution pattern: <drugOrder(?:\s|\s[^>]*\s)drugNames="(.*?)"
DEBUG - HtmlFormExporter.calculateDependencies(118) |2026-06-19 08:50:29,661| dependency substitution pattern: <drugOrder(?:\s|\s[^>]*\s)discontinuedReasonConceptId="(.*?)"
DEBUG - HtmlFormExporter.calculateDependencies(118) |2026-06-19 08:50:29,661| dependency substitution pattern: <drugOrder(?:\s|\s[^>]*\s)discontinueReasonAnswers="(.*?)"
DEBUG - HtmlFormExporter.calculateDependencies(106) |2026-06-19 08:50:29,661| Handling dependencies for tag relationship
DEBUG - HtmlFormExporter.calculateDependencies(118) |2026-06-19 08:50:29,661| dependency substitution pattern: <relationship(?:\s|\s[^>]*\s)type="(.*?)"
DEBUG - HtmlFormExporter.calculateDependencies(106) |2026-06-19 08:50:29,662| Handling dependencies for tag workflowState
DEBUG - HtmlFormExporter.calculateDependencies(118) |2026-06-19 08:50:29,662| dependency substitution pattern: <workflowState(?:\s|\s[^>]*\s)workflowId="(.*?)"
ERROR - HibernateHtmlFormEntryDAO.getItemByName(143) |2026-06-19 08:50:29,663| Error fetching item by name:org.hibernate.QueryException: could not resolve property: name of: org.openmrs.ProgramWorkflow
DEBUG - HtmlFormExporter.calculateDependencies(118) |2026-06-19 08:50:29,664| dependency substitution pattern: <workflowState(?:\s|\s[^>]*\s)stateIds="(.*?)"
ERROR - HibernateHtmlFormEntryDAO.getItemByName(143) |2026-06-19 08:50:29,666| Error fetching item by name:org.hibernate.QueryException: could not resolve property: name of: org.openmrs.ProgramWorkflowState
DEBUG - HtmlFormExporter.calculateDependencies(118) |2026-06-19 08:50:29,666| dependency substitution pattern: <workflowState(?:\s|\s[^>]*\s)stateId="(.*?)"
DEBUG - HtmlFormExporter.calculateDependencies(106) |2026-06-19 08:50:29,667| Handling dependencies for tag standardRegimen
DEBUG - HtmlFormExporter.calculateDependencies(118) |2026-06-19 08:50:29,667| dependency substitution pattern: <standardRegimen(?:\s|\s[^>]*\s)discontinuedReasonConceptId="(.*?)"
DEBUG - HtmlFormExporter.calculateDependencies(118) |2026-06-19 08:50:29,667| dependency substitution pattern: <standardRegimen(?:\s|\s[^>]*\s)discontinueReasonAnswers="(.*?)"
DEBUG - HtmlFormExporter.calculateDependencies(118) |2026-06-19 08:50:29,667| dependency substitution pattern: <standardRegimen(?:\s|\s[^>]*\s)regimenCodes="(.*?)"
DEBUG - HtmlFormExporter.calculateDependencies(106) |2026-06-19 08:50:29,667| Handling dependencies for tag encounterType
DEBUG - HtmlFormExporter.calculateDependencies(118) |2026-06-19 08:50:29,668| dependency substitution pattern: <encounterType(?:\s|\s[^>]*\s)types="(.*?)"
DEBUG - HtmlFormExporter.calculateDependencies(118) |2026-06-19 08:50:29,668| dependency substitution pattern: <encounterType(?:\s|\s[^>]*\s)default="(.*?)"
DEBUG - HtmlFormExporter.calculateDependencies(106) |2026-06-19 08:50:29,668| Handling dependencies for tag exitFromCare
DEBUG - HtmlFormExporter.calculateDependencies(106) |2026-06-19 08:50:29,668| Handling dependencies for tag ifMode
DEBUG - HtmlFormExporter.calculateDependencies(106) |2026-06-19 08:50:29,668| Handling dependencies for tag includeIf
DEBUG - HtmlFormExporter.calculateDependencies(106) |2026-06-19 08:50:29,668| Handling dependencies for tag excludeIf
DEBUG - HtmlFormExporter.calculateDependencies(106) |2026-06-19 08:50:29,668| Handling dependencies for tag redirectOnSave
DEBUG - HtmlFormExporter.calculateDependencies(106) |2026-06-19 08:50:29,668| Handling dependencies for tag postSubmissionAction
DEBUG - HtmlFormExporter.calculateDependencies(106) |2026-06-19 08:50:29,668| Handling dependencies for tag markPatientDead
DEBUG - HtmlFormExporter.calculateDependencies(118) |2026-06-19 08:50:29,668| dependency substitution pattern: <markPatientDead(?:\s|\s[^>]*\s)causeOfDeathFromObs="(.*?)"
DEBUG - HtmlFormExporter.calculateDependencies(106) |2026-06-19 08:50:29,669| Handling dependencies for tag immunization
DEBUG - HtmlFormExporter.calculateDependencies(106) |2026-06-19 08:50:29,669| Handling dependencies for tag obsreference
DEBUG - HtmlFormExporter.calculateDependencies(118) |2026-06-19 08:50:29,669| dependency substitution pattern: <obsreference(?:\s|\s[^>]*\s)conceptId="(.*?)"
DEBUG - HtmlFormExporter.calculateDependencies(118) |2026-06-19 08:50:29,669| dependency substitution pattern: <obsreference(?:\s|\s[^>]*\s)conceptIds="(.*?)"
DEBUG - HtmlFormExporter.calculateDependencies(118) |2026-06-19 08:50:29,669| dependency substitution pattern: <obsreference(?:\s|\s[^>]*\s)answerConceptId="(.*?)"
DEBUG - HtmlFormExporter.calculateDependencies(118) |2026-06-19 08:50:29,669| dependency substitution pattern: <obsreference(?:\s|\s[^>]*\s)answerDrugId="(.*?)"
DEBUG - HtmlFormExporter.calculateDependencies(118) |2026-06-19 08:50:29,669| dependency substitution pattern: <obsreference(?:\s|\s[^>]*\s)answerConceptIds="(.*?)"
DEBUG - HtmlFormExporter.calculateDependencies(118) |2026-06-19 08:50:29,670| dependency substitution pattern: <obsreference(?:\s|\s[^>]*\s)answerLocationTags="(.*?)"
DEBUG - HtmlFormExporter.calculateDependencies(106) |2026-06-19 08:50:29,670| Handling dependencies for tag condition
DEBUG - HtmlFormSubstitutionUtils.performSubstitution(70) |2026-06-19 08:50:29,670| Handling substitutions for tag obs
DEBUG - HtmlFormSubstitutionUtils.performSubstitution(82) |2026-06-19 08:50:29,670| substitution pattern: <obs(?:\s|\s[^>]*\s)conceptId
DEBUG - HtmlFormSubstitutionUtils.performSubstitution(82) |2026-06-19 08:50:29,670| substitution pattern: <obs(?:\s|\s[^>]*\s)conceptIds
DEBUG - HtmlFormSubstitutionUtils.performSubstitution(82) |2026-06-19 08:50:29,670| substitution pattern: <obs(?:\s|\s[^>]*\s)answerConceptId
DEBUG - HtmlFormSubstitutionUtils.performSubstitution(82) |2026-06-19 08:50:29,671| substitution pattern: <obs(?:\s|\s[^>]*\s)answerDrugId
DEBUG - HtmlFormSubstitutionUtils.performSubstitution(82) |2026-06-19 08:50:29,671| substitution pattern: <obs(?:\s|\s[^>]*\s)answerConceptIds
DEBUG - HtmlFormSubstitutionUtils.performSubstitution(82) |2026-06-19 08:50:29,671| substitution pattern: <obs(?:\s|\s[^>]*\s)answerLocationTags
DEBUG - HtmlFormSubstitutionUtils.performSubstitution(70) |2026-06-19 08:50:29,671| Handling substitutions for tag controls
DEBUG - HtmlFormSubstitutionUtils.performSubstitution(70) |2026-06-19 08:50:29,671| Handling substitutions for tag when
DEBUG - HtmlFormSubstitutionUtils.performSubstitution(70) |2026-06-19 08:50:29,671| Handling substitutions for tag encounterProviderAndRole
DEBUG - HtmlFormSubstitutionUtils.performSubstitution(82) |2026-06-19 08:50:29,671| substitution pattern: <encounterProviderAndRole(?:\s|\s[^>]*\s)default
DEBUG - HtmlFormSubstitutionUtils.performSubstitution(82) |2026-06-19 08:50:29,671| substitution pattern: <encounterProviderAndRole(?:\s|\s[^>]*\s)encounterRole
DEBUG - HtmlFormSubstitutionUtils.performSubstitution(82) |2026-06-19 08:50:29,672| substitution pattern: <encounterProviderAndRole(?:\s|\s[^>]*\s)required
DEBUG - HtmlFormSubstitutionUtils.performSubstitution(70) |2026-06-19 08:50:29,672| Handling substitutions for tag obsgroup
DEBUG - HtmlFormSubstitutionUtils.performSubstitution(82) |2026-06-19 08:50:29,672| substitution pattern: <obsgroup(?:\s|\s[^>]*\s)groupingConceptId
DEBUG - HtmlFormSubstitutionUtils.performSubstitution(70) |2026-06-19 08:50:29,672| Handling substitutions for tag encounterDate
DEBUG - HtmlFormSubstitutionUtils.performSubstitution(70) |2026-06-19 08:50:29,672| Handling substitutions for tag encounterProvider
DEBUG - HtmlFormSubstitutionUtils.performSubstitution(82) |2026-06-19 08:50:29,672| substitution pattern: <encounterProvider(?:\s|\s[^>]*\s)default
DEBUG - HtmlFormSubstitutionUtils.performSubstitution(82) |2026-06-19 08:50:29,673| substitution pattern: <encounterProvider(?:\s|\s[^>]*\s)role
DEBUG - HtmlFormSubstitutionUtils.performSubstitution(82) |2026-06-19 08:50:29,673| substitution pattern: <encounterProvider(?:\s|\s[^>]*\s)required
DEBUG - HtmlFormSubstitutionUtils.performSubstitution(70) |2026-06-19 08:50:29,673| Handling substitutions for tag encounterLocation
DEBUG - HtmlFormSubstitutionUtils.performSubstitution(82) |2026-06-19 08:50:29,673| substitution pattern: <encounterLocation(?:\s|\s[^>]*\s)order
DEBUG - HtmlFormSubstitutionUtils.performSubstitution(82) |2026-06-19 08:50:29,673| substitution pattern: <encounterLocation(?:\s|\s[^>]*\s)default
DEBUG - HtmlFormSubstitutionUtils.performSubstitution(82) |2026-06-19 08:50:29,674| substitution pattern: <encounterLocation(?:\s|\s[^>]*\s)tags
DEBUG - HtmlFormSubstitutionUtils.performSubstitution(82) |2026-06-19 08:50:29,674| substitution pattern: <encounterLocation(?:\s|\s[^>]*\s)required
DEBUG - HtmlFormSubstitutionUtils.performSubstitution(70) |2026-06-19 08:50:29,674| Handling substitutions for tag encounterVoided
DEBUG - HtmlFormSubstitutionUtils.performSubstitution(70) |2026-06-19 08:50:29,674| Handling substitutions for tag enrollInProgram
DEBUG - HtmlFormSubstitutionUtils.performSubstitution(82) |2026-06-19 08:50:29,674| substitution pattern: <enrollInProgram(?:\s|\s[^>]*\s)programId
DEBUG - HtmlFormSubstitutionUtils.performSubstitution(82) |2026-06-19 08:50:29,674| substitution pattern: <enrollInProgram(?:\s|\s[^>]*\s)stateIds
DEBUG - HtmlFormSubstitutionUtils.performSubstitution(70) |2026-06-19 08:50:29,675| Handling substitutions for tag completeProgram
DEBUG - HtmlFormSubstitutionUtils.performSubstitution(82) |2026-06-19 08:50:29,675| substitution pattern: <completeProgram(?:\s|\s[^>]*\s)programId
DEBUG - HtmlFormSubstitutionUtils.performSubstitution(70) |2026-06-19 08:50:29,675| Handling substitutions for tag section
DEBUG - HtmlFormSubstitutionUtils.performSubstitution(70) |2026-06-19 08:50:29,675| Handling substitutions for tag lookup
DEBUG - HtmlFormSubstitutionUtils.performSubstitution(70) |2026-06-19 08:50:29,675| Handling substitutions for tag submit
DEBUG - HtmlFormSubstitutionUtils.performSubstitution(70) |2026-06-19 08:50:29,675| Handling substitutions for tag patient
DEBUG - HtmlFormSubstitutionUtils.performSubstitution(82) |2026-06-19 08:50:29,675| substitution pattern: <patient(?:\s|\s[^>]*\s)identifierTypeId
DEBUG - HtmlFormSubstitutionUtils.performSubstitution(70) |2026-06-19 08:50:29,676| Handling substitutions for tag drugOrder
DEBUG - HtmlFormSubstitutionUtils.performSubstitution(82) |2026-06-19 08:50:29,676| substitution pattern: <drugOrder(?:\s|\s[^>]*\s)drugNames
]]></system-out>
  </testcase>
</testsuite>