<?xml version="1.0" encoding="UTF-8"?>
<testsuite xmlns:xsi="http://www.w3.org/2001/XMLSchema-instance" xsi:noNamespaceSchemaLocation="https://maven.apache.org/surefire/maven-surefire-plugin/xsd/surefire-test-report.xsd" version="3.0.2" name="org.openmrs.module.htmlformentry.HtmlFormExporterTest" time="1.682" tests="5" errors="0" skipped="0" failures="0">
  <properties>
[...]
</properties>
  <testcase name="createCloneForExport_shouldIncludeAppropriateDrugsReferencedByStandardRegimen" classname="org.openmrs.module.htmlformentry.HtmlFormExporterTest" time="0.27">
    <system-out><![CDATA[DEBUG - HtmlFormExporter.stripLocalAttributesFromXml(242) |2026-06-19 08:49:40,636| Handling dependencies for tag obs
DEBUG - HtmlFormExporter.stripLocalAttributesFromXml(251) |2026-06-19 08:49:40,636| stripping substitution pattern: <obs(?:\s|\s[^>]*\s)(conceptId=".*?")
DEBUG - HtmlFormExporter.stripLocalAttributesFromXml(251) |2026-06-19 08:49:40,637| stripping substitution pattern: <obs(?:\s|\s[^>]*\s)(conceptIds=".*?")
DEBUG - HtmlFormExporter.stripLocalAttributesFromXml(251) |2026-06-19 08:49:40,637| stripping substitution pattern: <obs(?:\s|\s[^>]*\s)(answerConceptId=".*?")
DEBUG - HtmlFormExporter.stripLocalAttributesFromXml(251) |2026-06-19 08:49:40,637| stripping substitution pattern: <obs(?:\s|\s[^>]*\s)(answerDrugId=".*?")
DEBUG - HtmlFormExporter.stripLocalAttributesFromXml(251) |2026-06-19 08:49:40,637| stripping substitution pattern: <obs(?:\s|\s[^>]*\s)(answerConceptIds=".*?")
DEBUG - HtmlFormExporter.stripLocalAttributesFromXml(251) |2026-06-19 08:49:40,637| stripping substitution pattern: <obs(?:\s|\s[^>]*\s)(answerLocationTags=".*?")
DEBUG - HtmlFormExporter.stripLocalAttributesFromXml(242) |2026-06-19 08:49:40,637| Handling dependencies for tag controls
DEBUG - HtmlFormExporter.stripLocalAttributesFromXml(242) |2026-06-19 08:49:40,637| Handling dependencies for tag when
DEBUG - HtmlFormExporter.stripLocalAttributesFromXml(242) |2026-06-19 08:49:40,637| Handling dependencies for tag encounterProviderAndRole
DEBUG - HtmlFormExporter.stripLocalAttributesFromXml(251) |2026-06-19 08:49:40,637| stripping substitution pattern: <encounterProviderAndRole(?:\s|\s[^>]*\s)(default=".*?")
DEBUG - HtmlFormExporter.stripLocalAttributesFromXml(251) |2026-06-19 08:49:40,637| stripping substitution pattern: <encounterProviderAndRole(?:\s|\s[^>]*\s)(encounterRole=".*?")
DEBUG - HtmlFormExporter.stripLocalAttributesFromXml(251) |2026-06-19 08:49:40,637| stripping substitution pattern: <encounterProviderAndRole(?:\s|\s[^>]*\s)(required=".*?")
DEBUG - HtmlFormExporter.stripLocalAttributesFromXml(242) |2026-06-19 08:49:40,637| Handling dependencies for tag obsgroup
DEBUG - HtmlFormExporter.stripLocalAttributesFromXml(251) |2026-06-19 08:49:40,638| stripping substitution pattern: <obsgroup(?:\s|\s[^>]*\s)(groupingConceptId=".*?")
DEBUG - HtmlFormExporter.stripLocalAttributesFromXml(242) |2026-06-19 08:49:40,638| Handling dependencies for tag encounterDate
DEBUG - HtmlFormExporter.stripLocalAttributesFromXml(242) |2026-06-19 08:49:40,638| Handling dependencies for tag encounterProvider
DEBUG - HtmlFormExporter.stripLocalAttributesFromXml(251) |2026-06-19 08:49:40,638| stripping substitution pattern: <encounterProvider(?:\s|\s[^>]*\s)(default=".*?")
DEBUG - HtmlFormExporter.stripLocalAttributesFromXml(251) |2026-06-19 08:49:40,638| stripping substitution pattern: <encounterProvider(?:\s|\s[^>]*\s)(role=".*?")
DEBUG - HtmlFormExporter.stripLocalAttributesFromXml(251) |2026-06-19 08:49:40,638| stripping substitution pattern: <encounterProvider(?:\s|\s[^>]*\s)(required=".*?")
DEBUG - HtmlFormExporter.stripLocalAttributesFromXml(242) |2026-06-19 08:49:40,638| Handling dependencies for tag encounterLocation
DEBUG - HtmlFormExporter.stripLocalAttributesFromXml(251) |2026-06-19 08:49:40,638| stripping substitution pattern: <encounterLocation(?:\s|\s[^>]*\s)(order=".*?")
DEBUG - HtmlFormExporter.stripLocalAttributesFromXml(251) |2026-06-19 08:49:40,638| stripping substitution pattern: <encounterLocation(?:\s|\s[^>]*\s)(default=".*?")
DEBUG - HtmlFormExporter.stripLocalAttributesFromXml(251) |2026-06-19 08:49:40,638| stripping substitution pattern: <encounterLocation(?:\s|\s[^>]*\s)(tags=".*?")
DEBUG - HtmlFormExporter.stripLocalAttributesFromXml(251) |2026-06-19 08:49:40,638| stripping substitution pattern: <encounterLocation(?:\s|\s[^>]*\s)(required=".*?")
DEBUG - HtmlFormExporter.stripLocalAttributesFromXml(242) |2026-06-19 08:49:40,638| Handling dependencies for tag encounterVoided
DEBUG - HtmlFormExporter.stripLocalAttributesFromXml(242) |2026-06-19 08:49:40,638| Handling dependencies for tag enrollInProgram
DEBUG - HtmlFormExporter.stripLocalAttributesFromXml(251) |2026-06-19 08:49:40,639| stripping substitution pattern: <enrollInProgram(?:\s|\s[^>]*\s)(programId=".*?")
DEBUG - HtmlFormExporter.stripLocalAttributesFromXml(251) |2026-06-19 08:49:40,639| stripping substitution pattern: <enrollInProgram(?:\s|\s[^>]*\s)(stateIds=".*?")
DEBUG - HtmlFormExporter.stripLocalAttributesFromXml(242) |2026-06-19 08:49:40,639| Handling dependencies for tag completeProgram
DEBUG - HtmlFormExporter.stripLocalAttributesFromXml(251) |2026-06-19 08:49:40,639| stripping substitution pattern: <completeProgram(?:\s|\s[^>]*\s)(programId=".*?")
DEBUG - HtmlFormExporter.stripLocalAttributesFromXml(242) |2026-06-19 08:49:40,639| Handling dependencies for tag section
DEBUG - HtmlFormExporter.stripLocalAttributesFromXml(242) |2026-06-19 08:49:40,639| Handling dependencies for tag lookup
DEBUG - HtmlFormExporter.stripLocalAttributesFromXml(242) |2026-06-19 08:49:40,639| Handling dependencies for tag submit
DEBUG - HtmlFormExporter.stripLocalAttributesFromXml(242) |2026-06-19 08:49:40,639| Handling dependencies for tag patient
DEBUG - HtmlFormExporter.stripLocalAttributesFromXml(251) |2026-06-19 08:49:40,639| stripping substitution pattern: <patient(?:\s|\s[^>]*\s)(identifierTypeId=".*?")
DEBUG - HtmlFormExporter.stripLocalAttributesFromXml(242) |2026-06-19 08:49:40,639| Handling dependencies for tag drugOrder
DEBUG - HtmlFormExporter.stripLocalAttributesFromXml(251) |2026-06-19 08:49:40,640| stripping substitution pattern: <drugOrder(?:\s|\s[^>]*\s)(drugNames=".*?")
DEBUG - HtmlFormExporter.stripLocalAttributesFromXml(251) |2026-06-19 08:49:40,640| stripping substitution pattern: <drugOrder(?:\s|\s[^>]*\s)(discontinuedReasonConceptId=".*?")
DEBUG - HtmlFormExporter.stripLocalAttributesFromXml(251) |2026-06-19 08:49:40,640| stripping substitution pattern: <drugOrder(?:\s|\s[^>]*\s)(discontinueReasonAnswers=".*?")
DEBUG - HtmlFormExporter.stripLocalAttributesFromXml(242) |2026-06-19 08:49:40,640| Handling dependencies for tag relationship
DEBUG - HtmlFormExporter.stripLocalAttributesFromXml(251) |2026-06-19 08:49:40,640| stripping substitution pattern: <relationship(?:\s|\s[^>]*\s)(type=".*?")
DEBUG - HtmlFormExporter.stripLocalAttributesFromXml(242) |2026-06-19 08:49:40,640| Handling dependencies for tag workflowState
DEBUG - HtmlFormExporter.stripLocalAttributesFromXml(251) |2026-06-19 08:49:40,640| stripping substitution pattern: <workflowState(?:\s|\s[^>]*\s)(workflowId=".*?")
DEBUG - HtmlFormExporter.stripLocalAttributesFromXml(251) |2026-06-19 08:49:40,640| stripping substitution pattern: <workflowState(?:\s|\s[^>]*\s)(stateIds=".*?")
DEBUG - HtmlFormExporter.stripLocalAttributesFromXml(251) |2026-06-19 08:49:40,640| stripping substitution pattern: <workflowState(?:\s|\s[^>]*\s)(stateId=".*?")
DEBUG - HtmlFormExporter.stripLocalAttributesFromXml(242) |2026-06-19 08:49:40,640| Handling dependencies for tag standardRegimen
DEBUG - HtmlFormExporter.stripLocalAttributesFromXml(251) |2026-06-19 08:49:40,640| stripping substitution pattern: <standardRegimen(?:\s|\s[^>]*\s)(discontinuedReasonConceptId=".*?")
DEBUG - HtmlFormExporter.stripLocalAttributesFromXml(251) |2026-06-19 08:49:40,640| stripping substitution pattern: <standardRegimen(?:\s|\s[^>]*\s)(discontinueReasonAnswers=".*?")
DEBUG - HtmlFormExporter.stripLocalAttributesFromXml(251) |2026-06-19 08:49:40,641| stripping substitution pattern: <standardRegimen(?:\s|\s[^>]*\s)(regimenCodes=".*?")
DEBUG - HtmlFormExporter.stripLocalAttributesFromXml(242) |2026-06-19 08:49:40,641| Handling dependencies for tag encounterType
DEBUG - HtmlFormExporter.stripLocalAttributesFromXml(251) |2026-06-19 08:49:40,641| stripping substitution pattern: <encounterType(?:\s|\s[^>]*\s)(types=".*?")
DEBUG - HtmlFormExporter.stripLocalAttributesFromXml(251) |2026-06-19 08:49:40,641| stripping substitution pattern: <encounterType(?:\s|\s[^>]*\s)(default=".*?")
DEBUG - HtmlFormExporter.stripLocalAttributesFromXml(242) |2026-06-19 08:49:40,641| Handling dependencies for tag exitFromCare
DEBUG - HtmlFormExporter.stripLocalAttributesFromXml(242) |2026-06-19 08:49:40,641| Handling dependencies for tag ifMode
DEBUG - HtmlFormExporter.stripLocalAttributesFromXml(242) |2026-06-19 08:49:40,641| Handling dependencies for tag includeIf
DEBUG - HtmlFormExporter.stripLocalAttributesFromXml(242) |2026-06-19 08:49:40,641| Handling dependencies for tag excludeIf
DEBUG - HtmlFormExporter.stripLocalAttributesFromXml(242) |2026-06-19 08:49:40,641| Handling dependencies for tag redirectOnSave
DEBUG - HtmlFormExporter.stripLocalAttributesFromXml(242) |2026-06-19 08:49:40,641| Handling dependencies for tag postSubmissionAction
DEBUG - HtmlFormExporter.stripLocalAttributesFromXml(242) |2026-06-19 08:49:40,641| Handling dependencies for tag markPatientDead
DEBUG - HtmlFormExporter.stripLocalAttributesFromXml(251) |2026-06-19 08:49:40,642| stripping substitution pattern: <markPatientDead(?:\s|\s[^>]*\s)(causeOfDeathFromObs=".*?")
DEBUG - HtmlFormExporter.stripLocalAttributesFromXml(242) |2026-06-19 08:49:40,642| Handling dependencies for tag immunization
DEBUG - HtmlFormExporter.stripLocalAttributesFromXml(242) |2026-06-19 08:49:40,642| Handling dependencies for tag obsreference
DEBUG - HtmlFormExporter.stripLocalAttributesFromXml(251) |2026-06-19 08:49:40,642| stripping substitution pattern: <obsreference(?:\s|\s[^>]*\s)(conceptId=".*?")
DEBUG - HtmlFormExporter.stripLocalAttributesFromXml(251) |2026-06-19 08:49:40,642| stripping substitution pattern: <obsreference(?:\s|\s[^>]*\s)(conceptIds=".*?")
DEBUG - HtmlFormExporter.stripLocalAttributesFromXml(251) |2026-06-19 08:49:40,642| stripping substitution pattern: <obsreference(?:\s|\s[^>]*\s)(answerConceptId=".*?")
DEBUG - HtmlFormExporter.stripLocalAttributesFromXml(251) |2026-06-19 08:49:40,642| stripping substitution pattern: <obsreference(?:\s|\s[^>]*\s)(answerDrugId=".*?")
DEBUG - HtmlFormExporter.stripLocalAttributesFromXml(251) |2026-06-19 08:49:40,642| stripping substitution pattern: <obsreference(?:\s|\s[^>]*\s)(answerConceptIds=".*?")
DEBUG - HtmlFormExporter.stripLocalAttributesFromXml(251) |2026-06-19 08:49:40,642| stripping substitution pattern: <obsreference(?:\s|\s[^>]*\s)(answerLocationTags=".*?")
DEBUG - HtmlFormExporter.stripLocalAttributesFromXml(242) |2026-06-19 08:49:40,642| Handling dependencies for tag condition
DEBUG - HtmlFormSubstitutionUtils.performSubstitution(70) |2026-06-19 08:49:40,643| Handling substitutions for tag obs
DEBUG - HtmlFormSubstitutionUtils.performSubstitution(82) |2026-06-19 08:49:40,643| substitution pattern: <obs(?:\s|\s[^>]*\s)conceptId
DEBUG - HtmlFormSubstitutionUtils.performSubstitution(82) |2026-06-19 08:49:40,644| substitution pattern: <obs(?:\s|\s[^>]*\s)conceptIds
DEBUG - HtmlFormSubstitutionUtils.performSubstitution(82) |2026-06-19 08:49:40,644| substitution pattern: <obs(?:\s|\s[^>]*\s)answerConceptId
DEBUG - HtmlFormSubstitutionUtils.performSubstitution(82) |2026-06-19 08:49:40,644| substitution pattern: <obs(?:\s|\s[^>]*\s)answerDrugId
DEBUG - HtmlFormSubstitutionUtils.performSubstitution(82) |2026-06-19 08:49:40,644| substitution pattern: <obs(?:\s|\s[^>]*\s)answerConceptIds
DEBUG - HtmlFormSubstitutionUtils.performSubstitution(82) |2026-06-19 08:49:40,645| substitution pattern: <obs(?:\s|\s[^>]*\s)answerLocationTags
DEBUG - HtmlFormSubstitutionUtils.performSubstitution(70) |2026-06-19 08:49:40,645| Handling substitutions for tag controls
DEBUG - HtmlFormSubstitutionUtils.performSubstitution(70) |2026-06-19 08:49:40,645| Handling substitutions for tag when
DEBUG - HtmlFormSubstitutionUtils.performSubstitution(70) |2026-06-19 08:49:40,645| Handling substitutions for tag encounterProviderAndRole
DEBUG - HtmlFormSubstitutionUtils.performSubstitution(82) |2026-06-19 08:49:40,645| substitution pattern: <encounterProviderAndRole(?:\s|\s[^>]*\s)default
DEBUG - HtmlFormSubstitutionUtils.performSubstitution(82) |2026-06-19 08:49:40,645| substitution pattern: <encounterProviderAndRole(?:\s|\s[^>]*\s)encounterRole
DEBUG - HtmlFormSubstitutionUtils.performSubstitution(82) |2026-06-19 08:49:40,645| substitution pattern: <encounterProviderAndRole(?:\s|\s[^>]*\s)required
DEBUG - HtmlFormSubstitutionUtils.performSubstitution(70) |2026-06-19 08:49:40,645| Handling substitutions for tag obsgroup
DEBUG - HtmlFormSubstitutionUtils.performSubstitution(82) |2026-06-19 08:49:40,645| substitution pattern: <obsgroup(?:\s|\s[^>]*\s)groupingConceptId
DEBUG - HtmlFormSubstitutionUtils.performSubstitution(70) |2026-06-19 08:49:40,645| Handling substitutions for tag encounterDate
DEBUG - HtmlFormSubstitutionUtils.performSubstitution(70) |2026-06-19 08:49:40,646| Handling substitutions for tag encounterProvider
DEBUG - HtmlFormSubstitutionUtils.performSubstitution(82) |2026-06-19 08:49:40,646| substitution pattern: <encounterProvider(?:\s|\s[^>]*\s)default
DEBUG - HtmlFormSubstitutionUtils.performSubstitution(82) |2026-06-19 08:49:40,646| substitution pattern: <encounterProvider(?:\s|\s[^>]*\s)role
DEBUG - HtmlFormSubstitutionUtils.performSubstitution(82) |2026-06-19 08:49:40,646| substitution pattern: <encounterProvider(?:\s|\s[^>]*\s)required
DEBUG - HtmlFormSubstitutionUtils.performSubstitution(70) |2026-06-19 08:49:40,646| Handling substitutions for tag encounterLocation
DEBUG - HtmlFormSubstitutionUtils.performSubstitution(82) |2026-06-19 08:49:40,646| substitution pattern: <encounterLocation(?:\s|\s[^>]*\s)order
DEBUG - HtmlFormSubstitutionUtils.performSubstitution(82) |2026-06-19 08:49:40,646| substitution pattern: <encounterLocation(?:\s|\s[^>]*\s)default
DEBUG - HtmlFormSubstitutionUtils.performSubstitution(82) |2026-06-19 08:49:40,646| substitution pattern: <encounterLocation(?:\s|\s[^>]*\s)tags
DEBUG - HtmlFormSubstitutionUtils.performSubstitution(82) |2026-06-19 08:49:40,646| substitution pattern: <encounterLocation(?:\s|\s[^>]*\s)required
DEBUG - HtmlFormSubstitutionUtils.performSubstitution(70) |2026-06-19 08:49:40,647| Handling substitutions for tag encounterVoided
DEBUG - HtmlFormSubstitutionUtils.performSubstitution(70) |2026-06-19 08:49:40,647| Handling substitutions for tag enrollInProgram
DEBUG - HtmlFormSubstitutionUtils.performSubstitution(82) |2026-06-19 08:49:40,647| substitution pattern: <enrollInProgram(?:\s|\s[^>]*\s)programId
DEBUG - HtmlFormSubstitutionUtils.performSubstitution(82) |2026-06-19 08:49:40,647| substitution pattern: <enrollInProgram(?:\s|\s[^>]*\s)stateIds
DEBUG - HtmlFormSubstitutionUtils.performSubstitution(70) |2026-06-19 08:49:40,647| Handling substitutions for tag completeProgram
DEBUG - HtmlFormSubstitutionUtils.performSubstitution(82) |2026-06-19 08:49:40,647| substitution pattern: <completeProgram(?:\s|\s[^>]*\s)programId
DEBUG - HtmlFormSubstitutionUtils.performSubstitution(70) |2026-06-19 08:49:40,648| Handling substitutions for tag section
DEBUG - HtmlFormSubstitutionUtils.performSubstitution(70) |2026-06-19 08:49:40,648| Handling substitutions for tag lookup
DEBUG - HtmlFormSubstitutionUtils.performSubstitution(70) |2026-06-19 08:49:40,648| Handling substitutions for tag submit
DEBUG - HtmlFormSubstitutionUtils.performSubstitution(70) |2026-06-19 08:49:40,648| Handling substitutions for tag patient
DEBUG - HtmlFormSubstitutionUtils.performSubstitution(82) |2026-06-19 08:49:40,648| substitution pattern: <patient(?:\s|\s[^>]*\s)identifierTypeId
DEBUG - HtmlFormSubstitutionUtils.performSubstitution(70) |2026-06-19 08:49:40,648| Handling substitutions for tag drugOrder
DEBUG - HtmlFormSubstitutionUtils.performSubstitution(82) |2026-06-19 08:49:40,648| substitution pattern: <drugOrder(?:\s|\s[^>]*\s)drugNames
DEBUG - HtmlFormSubstitutionUtils.performSubstitution(82) |2026-06-19 08:49:40,648| substitution pattern: <drugOrder(?:\s|\s[^>]*\s)discontinuedReasonConceptId
DEBUG - HtmlFormSubstitutionUtils.performSubstitution(82) |2026-06-19 08:49:40,649| substitution pattern: <drugOrder(?:\s|\s[^>]*\s)discontinueReasonAnswers
DEBUG - HtmlFormSubstitutionUtils.performSubstitution(70) |2026-06-19 08:49:40,649| Handling substitutions for tag relationship
DEBUG - HtmlFormSubstitutionUtils.performSubstitution(82) |2026-06-19 08:49:40,649| substitution pattern: <relationship(?:\s|\s[^>]*\s)type
DEBUG - HtmlFormSubstitutionUtils.performSubstitution(70) |2026-06-19 08:49:40,649| Handling substitutions for tag workflowState
DEBUG - HtmlFormSubstitutionUtils.performSubstitution(82) |2026-06-19 08:49:40,649| substitution pattern: <workflowState(?:\s|\s[^>]*\s)workflowId
DEBUG - HtmlFormSubstitutionUtils.performSubstitution(82) |2026-06-19 08:49:40,649| substitution pattern: <workflowState(?:\s|\s[^>]*\s)stateIds
DEBUG - HtmlFormSubstitutionUtils.performSubstitution(82) |2026-06-19 08:49:40,649| substitution pattern: <workflowState(?:\s|\s[^>]*\s)stateId
DEBUG - HtmlFormSubstitutionUtils.performSubstitution(70) |2026-06-19 08:49:40,650| Handling substitutions for tag standardRegimen
DEBUG - HtmlFormSubstitutionUtils.performSubstitution(82) |2026-06-19 08:49:40,650| substitution pattern: <standardRegimen(?:\s|\s[^>]*\s)discontinuedReasonConceptId
DEBUG - HtmlFormSubstitutionUtils.performSubstitution(82) |2026-06-19 08:49:40,651| substitution pattern: <standardRegimen(?:\s|\s[^>]*\s)discontinueReasonAnswers
DEBUG - HtmlFormSubstitutionUtils.performSubstitution(82) |2026-06-19 08:49:40,652| substitution pattern: <standardRegimen(?:\s|\s[^>]*\s)regimenCodes
DEBUG - HtmlFormSubstitutionUtils.performSubstitution(70) |2026-06-19 08:49:40,652| Handling substitutions for tag encounterType
DEBUG - HtmlFormSubstitutionUtils.performSubstitution(82) |2026-06-19 08:49:40,653| substitution pattern: <encounterType(?:\s|\s[^>]*\s)types
DEBUG - HtmlFormSubstitutionUtils.performSubstitution(82) |2026-06-19 08:49:40,653| substitution pattern: <encounterType(?:\s|\s[^>]*\s)default
DEBUG - HtmlFormSubstitutionUtils.performSubstitution(70) |2026-06-19 08:49:40,653| Handling substitutions for tag exitFromCare
DEBUG - HtmlFormSubstitutionUtils.performSubstitution(70) |2026-06-19 08:49:40,653| Handling substitutions for tag ifMode
DEBUG - HtmlFormSubstitutionUtils.performSubstitution(70) |2026-06-19 08:49:40,653| Handling substitutions for tag includeIf
DEBUG - HtmlFormSubstitutionUtils.performSubstitution(70) |2026-06-19 08:49:40,654| Handling substitutions for tag excludeIf
DEBUG - HtmlFormSubstitutionUtils.performSubstitution(70) |2026-06-19 08:49:40,654| Handling substitutions for tag redirectOnSave
DEBUG - HtmlFormSubstitutionUtils.performSubstitution(70) |2026-06-19 08:49:40,654| Handling substitutions for tag postSubmissionAction
DEBUG - HtmlFormSubstitutionUtils.performSubstitution(70) |2026-06-19 08:49:40,654| Handling substitutions for tag markPatientDead
DEBUG - HtmlFormSubstitutionUtils.performSubstitution(82) |2026-06-19 08:49:40,654| substitution pattern: <markPatientDead(?:\s|\s[^>]*\s)causeOfDeathFromObs
DEBUG - HtmlFormSubstitutionUtils.performSubstitution(70) |2026-06-19 08:49:40,654| Handling substitutions for tag immunization
DEBUG - HtmlFormSubstitutionUtils.performSubstitution(70) |2026-06-19 08:49:40,654| Handling substitutions for tag obsreference
DEBUG - HtmlFormSubstitutionUtils.performSubstitution(82) |2026-06-19 08:49:40,654| substitution pattern: <obsreference(?:\s|\s[^>]*\s)conceptId
DEBUG - HtmlFormSubstitutionUtils.performSubstitution(82) |2026-06-19 08:49:40,655| substitution pattern: <obsreference(?:\s|\s[^>]*\s)conceptIds
DEBUG - HtmlFormSubstitutionUtils.performSubstitution(82) |2026-06-19 08:49:40,655| substitution pattern: <obsreference(?:\s|\s[^>]*\s)answerConceptId
DEBUG - HtmlFormSubstitutionUtils.performSubstitution(82) |2026-06-19 08:49:40,655| substitution pattern: <obsreference(?:\s|\s[^>]*\s)answerDrugId
DEBUG - HtmlFormSubstitutionUtils.performSubstitution(82) |2026-06-19 08:49:40,655| substitution pattern: <obsreference(?:\s|\s[^>]*\s)answerConceptIds
DEBUG - HtmlFormSubstitutionUtils.performSubstitution(82) |2026-06-19 08:49:40,655| substitution pattern: <obsreference(?:\s|\s[^>]*\s)answerLocationTags
DEBUG - HtmlFormSubstitutionUtils.performSubstitution(70) |2026-06-19 08:49:40,655| Handling substitutions for tag condition
DEBUG - HtmlFormSubstitutionUtils.performSubstitution(70) |2026-06-19 08:49:40,656| Handling substitutions for tag obs
DEBUG - HtmlFormSubstitutionUtils.performSubstitution(82) |2026-06-19 08:49:40,656| substitution pattern: <obs(?:\s|\s[^>]*\s)conceptId
DEBUG - HtmlFormSubstitutionUtils.performSubstitution(82) |2026-06-19 08:49:40,656| substitution pattern: <obs(?:\s|\s[^>]*\s)conceptIds
DEBUG - HtmlFormSubstitutionUtils.performSubstitution(82) |2026-06-19 08:49:40,657| substitution pattern: <obs(?:\s|\s[^>]*\s)answerConceptId
DEBUG - HtmlFormSubstitutionUtils.performSubstitution(82) |2026-06-19 08:49:40,657| substitution pattern: <obs(?:\s|\s[^>]*\s)answerDrugId
DEBUG - HtmlFormSubstitutionUtils.performSubstitution(82) |2026-06-19 08:49:40,657| substitution pattern: <obs(?:\s|\s[^>]*\s)answerConceptIds
DEBUG - HtmlFormSubstitutionUtils.performSubstitution(82) |2026-06-19 08:49:40,657| substitution pattern: <obs(?:\s|\s[^>]*\s)answerLocationTags
DEBUG - HtmlFormSubstitutionUtils.performSubstitution(70) |2026-06-19 08:49:40,657| Handling substitutions for tag controls
DEBUG - HtmlFormSubstitutionUtils.performSubstitution(70) |2026-06-19 08:49:40,657| Handling substitutions for tag when
DEBUG - HtmlFormSubstitutionUtils.performSubstitution(70) |2026-06-19 08:49:40,657| Handling substitutions for tag encounterProviderAndRole
DEBUG - HtmlFormSubstitutionUtils.performSubstitution(82) |2026-06-19 08:49:40,658| substitution pattern: <encounterProviderAndRole(?:\s|\s[^>]*\s)default
DEBUG - HtmlFormSubstitutionUtils.performSubstitution(82) |2026-06-19 08:49:40,658| substitution pattern: <encounterProviderAndRole(?:\s|\s[^>]*\s)encounterRole
DEBUG - HtmlFormSubstitutionUtils.performSubstitution(82) |2026-06-19 08:49:40,658| substitution pattern: <encounterProviderAndRole(?:\s|\s[^>]*\s)required
DEBUG - HtmlFormSubstitutionUtils.performSubstitution(70) |2026-06-19 08:49:40,658| Handling substitutions for tag obsgroup
DEBUG - HtmlFormSubstitutionUtils.performSubstitution(82) |2026-06-19 08:49:40,658| substitution pattern: <obsgroup(?:\s|\s[^>]*\s)groupingConceptId
DEBUG - HtmlFormSubstitutionUtils.performSubstitution(70) |2026-06-19 08:49:40,658| Handling substitutions for tag encounterDate
DEBUG - HtmlFormSubstitutionUtils.performSubstitution(70) |2026-06-19 08:49:40,658| Handling substitutions for tag encounterProvider
DEBUG - HtmlFormSubstitutionUtils.performSubstitution(82) |2026-06-19 08:49:40,658| substitution pattern: <encounterProvider(?:\s|\s[^>]*\s)default
DEBUG - HtmlFormSubstitutionUtils.performSubstitution(82) |2026-06-19 08:49:40,659| substitution pattern: <encounterProvider(?:\s|\s[^>]*\s)role
DEBUG - HtmlFormSubstitutionUtils.performSubstitution(82) |2026-06-19 08:49:40,659| substitution pattern: <encounterProvider(?:\s|\s[^>]*\s)required
DEBUG - HtmlFormSubstitutionUtils.performSubstitution(70) |2026-06-19 08:49:40,659| Handling substitutions for tag encounterLocation
DEBUG - HtmlFormSubstitutionUtils.performSubstitution(82) |2026-06-19 08:49:40,659| substitution pattern: <encounterLocation(?:\s|\s[^>]*\s)order
DEBUG - HtmlFormSubstitutionUtils.performSubstitution(82) |2026-06-19 08:49:40,659| substitution pattern: <encounterLocation(?:\s|\s[^>]*\s)default
DEBUG - HtmlFormSubstitutionUtils.performSubstitution(82) |2026-06-19 08:49:40,659| substitution pattern: <encounterLocation(?:\s|\s[^>]*\s)tags
DEBUG - HtmlFormSubstitutionUtils.performSubstitution(82) |2026-06-19 08:49:40,659| substitution pattern: <encounterLocation(?:\s|\s[^>]*\s)required
DEBUG - HtmlFormSubstitutionUtils.performSubstitution(70) |2026-06-19 08:49:40,660| Handling substitutions for tag encounterVoided
DEBUG - HtmlFormSubstitutionUtils.performSubstitution(70) |2026-06-19 08:49:40,660| Handling substitutions for tag enrollInProgram
DEBUG - HtmlFormSubstitutionUtils.performSubstitution(82) |2026-06-19 08:49:40,660| substitution pattern: <enrollInProgram(?:\s|\s[^>]*\s)programId
DEBUG - HtmlFormSubstitutionUtils.performSubstitution(82) |2026-06-19 08:49:40,660| substitution pattern: <enrollInProgram(?:\s|\s[^>]*\s)stateIds
DEBUG - HtmlFormSubstitutionUtils.performSubstitution(70) |2026-06-19 08:49:40,660| Handling substitutions for tag completeProgram
DEBUG - HtmlFormSubstitutionUtils.performSubstitution(82) |2026-06-19 08:49:40,660| substitution pattern: <completeProgram(?:\s|\s[^>]*\s)programId
DEBUG - HtmlFormSubstitutionUtils.performSubstitution(70) |2026-06-19 08:49:40,660| Handling substitutions for tag section
DEBUG - HtmlFormSubstitutionUtils.performSubstitution(70) |2026-06-19 08:49:40,660| Handling substitutions for tag lookup
DEBUG - HtmlFormSubstitutionUtils.performSubstitution(70) |2026-06-19 08:49:40,660| Handling substitutions for tag submit
DEBUG - HtmlFormSubstitutionUtils.performSubstitution(70) |2026-06-19 08:49:40,660| Handling substitutions for tag patient
DEBUG - HtmlFormSubstitutionUtils.performSubstitution(82) |2026-06-19 08:49:40,660| substitution pattern: <patient(?:\s|\s[^>]*\s)identifierTypeId
DEBUG - HtmlFormSubstitutionUtils.performSubstitution(70) |2026-06-19 08:49:40,660| Handling substitutions for tag drugOrder
DEBUG - HtmlFormSubstitutionUtils.performSubstitution(82) |2026-06-19 08:49:40,661| substitution pattern: <drugOrder(?:\s|\s[^>]*\s)drugNames
DEBUG - HtmlFormSubstitutionUtils.performSubstitution(82) |2026-06-19 08:49:40,661| substitution pattern: <drugOrder(?:\s|\s[^>]*\s)discontinuedReasonConceptId
DEBUG - HtmlFormSubstitutionUtils.performSubstitution(82) |2026-06-19 08:49:40,661| substitution pattern: <drugOrder(?:\s|\s[^>]*\s)discontinueReasonAnswers
DEBUG - HtmlFormSubstitutionUtils.performSubstitution(70) |2026-06-19 08:49:40,661| Handling substitutions for tag relationship
DEBUG - HtmlFormSubstitutionUtils.performSubstitution(82) |2026-06-19 08:49:40,661| substitution pattern: <relationship(?:\s|\s[^>]*\s)type
DEBUG - HtmlFormSubstitutionUtils.performSubstitution(70) |2026-06-19 08:49:40,661| Handling substitutions for tag workflowState
DEBUG - HtmlFormSubstitutionUtils.performSubstitution(82) |2026-06-19 08:49:40,661| substitution pattern: <workflowState(?:\s|\s[^>]*\s)workflowId
DEBUG - HtmlFormSubstitutionUtils.performSubstitution(82) |2026-06-19 08:49:40,661| substitution pattern: <workflowState(?:\s|\s[^>]*\s)stateIds
DEBUG - HtmlFormSubstitutionUtils.performSubstitution(82) |2026-06-19 08:49:40,661| substitution pattern: <workflowState(?:\s|\s[^>]*\s)stateId
DEBUG - HtmlFormSubstitutionUtils.performSubstitution(70) |2026-06-19 08:49:40,662| Handling substitutions for tag standardRegimen
DEBUG - HtmlFormSubstitutionUtils.performSubstitution(82) |2026-06-19 08:49:40,662| substitution pattern: <standardRegimen(?:\s|\s[^>]*\s)discontinuedReasonConceptId
DEBUG - HtmlFormSubstitutionUtils.performSubstitution(82) |2026-06-19 08:49:40,662| substitution pattern: <standardRegimen(?:\s|\s[^>]*\s)discontinueReasonAnswers
DEBUG - HtmlFormSubstitutionUtils.performSubstitution(82) |2026-06-19 08:49:40,662| substitution pattern: <standardRegimen(?:\s|\s[^>]*\s)regimenCodes
DEBUG - HtmlFormSubstitutionUtils.performSubstitution(70) |2026-06-19 08:49:40,662| Handling substitutions for tag encounterType
DEBUG - HtmlFormSubstitutionUtils.performSubstitution(82) |2026-06-19 08:49:40,662| substitution pattern: <encounterType(?:\s|\s[^>]*\s)types
DEBUG - HtmlFormSubstitutionUtils.performSubstitution(82) |2026-06-19 08:49:40,662| substitution pattern: <encounterType(?:\s|\s[^>]*\s)default
DEBUG - HtmlFormSubstitutionUtils.performSubstitution(70) |2026-06-19 08:49:40,662| Handling substitutions for tag exitFromCare
DEBUG - HtmlFormSubstitutionUtils.performSubstitution(70) |2026-06-19 08:49:40,662| Handling substitutions for tag ifMode
DEBUG - HtmlFormSubstitutionUtils.performSubstitution(70) |2026-06-19 08:49:40,662| Handling substitutions for tag includeIf
DEBUG - HtmlFormSubstitutionUtils.performSubstitution(70) |2026-06-19 08:49:40,663| Handling substitutions for tag excludeIf
DEBUG - HtmlFormSubstitutionUtils.performSubstitution(70) |2026-06-19 08:49:40,663| Handling substitutions for tag redirectOnSave
DEBUG - HtmlFormSubstitutionUtils.performSubstitution(70) |2026-06-19 08:49:40,663| Handling substitutions for tag postSubmissionAction
DEBUG - HtmlFormSubstitutionUtils.performSubstitution(70) |2026-06-19 08:49:40,663| Handling substitutions for tag markPatientDead
DEBUG - HtmlFormSubstitutionUtils.performSubstitution(82) |2026-06-19 08:49:40,663| substitution pattern: <markPatientDead(?:\s|\s[^>]*\s)causeOfDeathFromObs
DEBUG - HtmlFormSubstitutionUtils.performSubstitution(70) |2026-06-19 08:49:40,663| Handling substitutions for tag immunization
DEBUG - HtmlFormSubstitutionUtils.performSubstitution(70) |2026-06-19 08:49:40,663| Handling substitutions for tag obsreference
DEBUG - HtmlFormSubstitutionUtils.performSubstitution(82) |2026-06-19 08:49:40,663| substitution pattern: <obsreference(?:\s|\s[^>]*\s)conceptId
DEBUG - HtmlFormSubstitutionUtils.performSubstitution(82) |2026-06-19 08:49:40,663| substitution pattern: <obsreference(?:\s|\s[^>]*\s)conceptIds
DEBUG - HtmlFormSubstitutionUtils.performSubstitution(82) |2026-06-19 08:49:40,663| substitution pattern: <obsreference(?:\s|\s[^>]*\s)answerConceptId
DEBUG - HtmlFormSubstitutionUtils.performSubstitution(82) |2026-06-19 08:49:40,663| substitution pattern: <obsreference(?:\s|\s[^>]*\s)answerDrugId
DEBUG - HtmlFormSubstitutionUtils.performSubstitution(82) |2026-06-19 08:49:40,663| substitution pattern: <obsreference(?:\s|\s[^>]*\s)answerConceptIds
DEBUG - HtmlFormSubstitutionUtils.performSubstitution(82) |2026-06-19 08:49:40,664| substitution pattern: <obsreference(?:\s|\s[^>]*\s)answerLocationTags
DEBUG - HtmlFormSubstitutionUtils.performSubstitution(70) |2026-06-19 08:49:40,664| Handling substitutions for tag condition
DEBUG - HtmlFormExporter.calculateDependencies(106) |2026-06-19 08:49:40,667| Handling dependencies for tag obs
DEBUG - HtmlFormExporter.calculateDependencies(118) |2026-06-19 08:49:40,667| dependency substitution pattern: <obs(?:\s|\s[^>]*\s)conceptId="(.*?)"
DEBUG - HtmlFormExporter.calculateDependencies(118) |2026-06-19 08:49:40,667| dependency substitution pattern: <obs(?:\s|\s[^>]*\s)conceptIds="(.*?)"
DEBUG - HtmlFormExporter.calculateDependencies(118) |2026-06-19 08:49:40,667| dependency substitution pattern: <obs(?:\s|\s[^>]*\s)answerConceptId="(.*?)"
DEBUG - HtmlFormExporter.calculateDependencies(118) |2026-06-19 08:49:40,667| dependency substitution pattern: <obs(?:\s|\s[^>]*\s)answerDrugId="(.*?)"
DEBUG - HtmlFormExporter.calculateDependencies(118) |2026-06-19 08:49:40,667| dependency substitution pattern: <obs(?:\s|\s[^>]*\s)answerConceptIds="(.*?)"
DEBUG - HtmlFormExporter.calculateDependencies(118) |2026-06-19 08:49:40,667| dependency substitution pattern: <obs(?:\s|\s[^>]*\s)answerLocationTags="(.*?)"
DEBUG - HtmlFormExporter.calculateDependencies(106) |2026-06-19 08:49:40,667| Handling dependencies for tag controls
DEBUG - HtmlFormExporter.calculateDependencies(106) |2026-06-19 08:49:40,667| Handling dependencies for tag when
DEBUG - HtmlFormExporter.calculateDependencies(106) |2026-06-19 08:49:40,668| Handling dependencies for tag encounterProviderAndRole
DEBUG - HtmlFormExporter.calculateDependencies(118) |2026-06-19 08:49:40,668| dependency substitution pattern: <encounterProviderAndRole(?:\s|\s[^>]*\s)default="(.*?)"
DEBUG - HtmlFormExporter.calculateDependencies(118) |2026-06-19 08:49:40,668| dependency substitution pattern: <encounterProviderAndRole(?:\s|\s[^>]*\s)encounterRole="(.*?)"
DEBUG - HtmlFormExporter.calculateDependencies(118) |2026-06-19 08:49:40,668| dependency substitution pattern: <encounterProviderAndRole(?:\s|\s[^>]*\s)required="(.*?)"
DEBUG - HtmlFormExporter.calculateDependencies(106) |2026-06-19 08:49:40,668| Handling dependencies for tag obsgroup
DEBUG - HtmlFormExporter.calculateDependencies(118) |2026-06-19 08:49:40,668| dependency substitution pattern: <obsgroup(?:\s|\s[^>]*\s)groupingConceptId="(.*?)"
DEBUG - HtmlFormExporter.calculateDependencies(106) |2026-06-19 08:49:40,668| Handling dependencies for tag encounterDate
DEBUG - HtmlFormExporter.calculateDependencies(106) |2026-06-19 08:49:40,668| Handling dependencies for tag encounterProvider
DEBUG - HtmlFormExporter.calculateDependencies(118) |2026-06-19 08:49:40,668| dependency substitution pattern: <encounterProvider(?:\s|\s[^>]*\s)default="(.*?)"
DEBUG - HtmlFormExporter.calculateDependencies(118) |2026-06-19 08:49:40,668| dependency substitution pattern: <encounterProvider(?:\s|\s[^>]*\s)role="(.*?)"
DEBUG - HtmlFormExporter.calculateDependencies(118) |2026-06-19 08:49:40,668| dependency substitution pattern: <encounterProvider(?:\s|\s[^>]*\s)required="(.*?)"
DEBUG - HtmlFormExporter.calculateDependencies(106) |2026-06-19 08:49:40,668| Handling dependencies for tag encounterLocation
DEBUG - HtmlFormExporter.calculateDependencies(118) |2026-06-19 08:49:40,669| dependency substitution pattern: <encounterLocation(?:\s|\s[^>]*\s)order="(.*?)"
DEBUG - HtmlFormExporter.calculateDependencies(118) |2026-06-19 08:49:40,669| dependency substitution pattern: <encounterLocation(?:\s|\s[^>]*\s)default="(.*?)"
DEBUG - HtmlFormExporter.calculateDependencies(118) |2026-06-19 08:49:40,669| dependency substitution pattern: <encounterLocation(?:\s|\s[^>]*\s)tags="(.*?)"
DEBUG - HtmlFormExporter.calculateDependencies(118) |2026-06-19 08:49:40,669| dependency substitution pattern: <encounterLocation(?:\s|\s[^>]*\s)required="(.*?)"
DEBUG - HtmlFormExporter.calculateDependencies(106) |2026-06-19 08:49:40,669| Handling dependencies for tag encounterVoided
DEBUG - HtmlFormExporter.calculateDependencies(106) |2026-06-19 08:49:40,669| Handling dependencies for tag enrollInProgram
DEBUG - HtmlFormExporter.calculateDependencies(118) |2026-06-19 08:49:40,669| dependency substitution pattern: <enrollInProgram(?:\s|\s[^>]*\s)programId="(.*?)"
DEBUG - HtmlFormExporter.calculateDependencies(118) |2026-06-19 08:49:40,669| dependency substitution pattern: <enrollInProgram(?:\s|\s[^>]*\s)stateIds="(.*?)"
DEBUG - HtmlFormExporter.calculateDependencies(106) |2026-06-19 08:49:40,669| Handling dependencies for tag completeProgram
DEBUG - HtmlFormExporter.calculateDependencies(118) |2026-06-19 08:49:40,669| dependency substitution pattern: <completeProgram(?:\s|\s[^>]*\s)programId="(.*?)"
DEBUG - HtmlFormExporter.calculateDependencies(106) |2026-06-19 08:49:40,669| Handling dependencies for tag section
DEBUG - HtmlFormExporter.calculateDependencies(106) |2026-06-19 08:49:40,669| Handling dependencies for tag lookup
DEBUG - HtmlFormExporter.calculateDependencies(106) |2026-06-19 08:49:40,669| Handling dependencies for tag submit
DEBUG - HtmlFormExporter.calculateDependencies(106) |2026-06-19 08:49:40,670| Handling dependencies for tag patient
DEBUG - HtmlFormExporter.calculateDependencies(118) |2026-06-19 08:49:40,670| dependency substitution pattern: <patient(?:\s|\s[^>]*\s)identifierTypeId="(.*?)"
DEBUG - HtmlFormExporter.calculateDependencies(106) |2026-06-19 08:49:40,670| Handling dependencies for tag drugOrder
DEBUG - HtmlFormExporter.calculateDependencies(118) |2026-06-19 08:49:40,670| dependency substitution pattern: <drugOrder(?:\s|\s[^>]*\s)drugNames="(.*?)"
DEBUG - HtmlFormExporter.calculateDependencies(118) |2026-06-19 08:49:40,670| dependency substitution pattern: <drugOrder(?:\s|\s[^>]*\s)discontinuedReasonConceptId="(.*?)"
DEBUG - HtmlFormExporter.calculateDependencies(118) |2026-06-19 08:49:40,670| dependency substitution pattern: <drugOrder(?:\s|\s[^>]*\s)discontinueReasonAnswers="(.*?)"
DEBUG - HtmlFormExporter.calculateDependencies(106) |2026-06-19 08:49:40,670| Handling dependencies for tag relationship
DEBUG - HtmlFormExporter.calculateDependencies(118) |2026-06-19 08:49:40,670| dependency substitution pattern: <relationship(?:\s|\s[^>]*\s)type="(.*?)"
DEBUG - HtmlFormExporter.calculateDependencies(106) |2026-06-19 08:49:40,670| Handling dependencies for tag workflowState
DEBUG - HtmlFormExporter.calculateDependencies(118) |2026-06-19 08:49:40,670| dependency substitution pattern: <workflowState(?:\s|\s[^>]*\s)workflowId="(.*?)"
DEBUG - HtmlFormExporter.calculateDependencies(118) |2026-06-19 08:49:40,670| dependency substitution pattern: <workflowState(?:\s|\s[^>]*\s)stateIds="(.*?)"
DEBUG - HtmlFormExporter.calculateDependencies(118) |2026-06-19 08:49:40,671| dependency substitution pattern: <workflowState(?:\s|\s[^>]*\s)stateId="(.*?)"
DEBUG - HtmlFormExporter.calculateDependencies(106) |2026-06-19 08:49:40,671| Handling dependencies for tag standardRegimen
DEBUG - HtmlFormExporter.calculateDependencies(118) |2026-06-19 08:49:40,671| dependency substitution pattern: <standardRegimen(?:\s|\s[^>]*\s)discontinuedReasonConceptId="(.*?)"
DEBUG - HtmlFormExporter.calculateDependencies(118) |2026-06-19 08:49:40,671| dependency substitution pattern: <standardRegimen(?:\s|\s[^>]*\s)discontinueReasonAnswers="(.*?)"
DEBUG - HtmlFormExporter.calculateDependencies(118) |2026-06-19 08:49:40,672| dependency substitution pattern: <standardRegimen(?:\s|\s[^>]*\s)regimenCodes="(.*?)"
DEBUG - HtmlFormExporter.calculateDependencies(106) |2026-06-19 08:49:40,673| Handling dependencies for tag encounterType
DEBUG - HtmlFormExporter.calculateDependencies(118) |2026-06-19 08:49:40,673| dependency substitution pattern: <encounterType(?:\s|\s[^>]*\s)types="(.*?)"
DEBUG - HtmlFormExporter.calculateDependencies(118) |2026-06-19 08:49:40,673| dependency substitution pattern: <encounterType(?:\s|\s[^>]*\s)default="(.*?)"
DEBUG - HtmlFormExporter.calculateDependencies(106) |2026-06-19 08:49:40,673| Handling dependencies for tag exitFromCare
DEBUG - HtmlFormExporter.calculateDependencies(106) |2026-06-19 08:49:40,673| Handling dependencies for tag ifMode
DEBUG - HtmlFormExporter.calculateDependencies(106) |2026-06-19 08:49:40,673| Handling dependencies for tag includeIf
DEBUG - HtmlFormExporter.calculateDependencies(106) |2026-06-19 08:49:40,673| Handling dependencies for tag excludeIf
DEBUG - HtmlFormExporter.calculateDependencies(106) |2026-06-19 08:49:40,674| Handling dependencies for tag redirectOnSave
DEBUG - HtmlFormExporter.calculateDependencies(106) |2026-06-19 08:49:40,674| Handling dependencies for tag postSubmissionAction
DEBUG - HtmlFormExporter.calculateDependencies(106) |2026-06-19 08:49:40,674| Handling dependencies for tag markPatientDead
DEBUG - HtmlFormExporter.calculateDependencies(118) |2026-06-19 08:49:40,674| dependency substitution pattern: <markPatientDead(?:\s|\s[^>]*\s)causeOfDeathFromObs="(.*?)"
DEBUG - HtmlFormExporter.calculateDependencies(106) |2026-06-19 08:49:40,674| Handling dependencies for tag immunization
DEBUG - HtmlFormExporter.calculateDependencies(106) |2026-06-19 08:49:40,674| Handling dependencies for tag obsreference
DEBUG - HtmlFormExporter.calculateDependencies(118) |2026-06-19 08:49:40,674| dependency substitution pattern: <obsreference(?:\s|\s[^>]*\s)conceptId="(.*?)"
DEBUG - HtmlFormExporter.calculateDependencies(118) |2026-06-19 08:49:40,674| dependency substitution pattern: <obsreference(?:\s|\s[^>]*\s)conceptIds="(.*?)"
DEBUG - HtmlFormExporter.calculateDependencies(118) |2026-06-19 08:49:40,674| dependency substitution pattern: <obsreference(?:\s|\s[^>]*\s)answerConceptId="(.*?)"
DEBUG - HtmlFormExporter.calculateDependencies(118) |2026-06-19 08:49:40,674| dependency substitution pattern: <obsreference(?:\s|\s[^>]*\s)answerDrugId="(.*?)"
DEBUG - HtmlFormExporter.calculateDependencies(118) |2026-06-19 08:49:40,674| dependency substitution pattern: <obsreference(?:\s|\s[^>]*\s)answerConceptIds="(.*?)"
DEBUG - HtmlFormExporter.calculateDependencies(118) |2026-06-19 08:49:40,674| dependency substitution pattern: <obsreference(?:\s|\s[^>]*\s)answerLocationTags="(.*?)"
DEBUG - HtmlFormExporter.calculateDependencies(106) |2026-06-19 08:49:40,674| Handling dependencies for tag condition
]]></system-out>
  </testcase>
  <testcase name="shouldRespectClassesNotToExportGlobalProperty" classname="org.openmrs.module.htmlformentry.HtmlFormExporterTest" time="0.386">
    <system-out><![CDATA[DEBUG - HtmlFormExporter.stripLocalAttributesFromXml(242) |2026-06-19 08:49:40,907| Handling dependencies for tag obs
DEBUG - HtmlFormExporter.stripLocalAttributesFromXml(251) |2026-06-19 08:49:40,908| stripping substitution pattern: <obs(?:\s|\s[^>]*\s)(conceptId=".*?")
DEBUG - HtmlFormExporter.stripLocalAttributesFromXml(251) |2026-06-19 08:49:40,908| stripping substitution pattern: <obs(?:\s|\s[^>]*\s)(conceptIds=".*?")
DEBUG - HtmlFormExporter.stripLocalAttributesFromXml(251) |2026-06-19 08:49:40,908| stripping substitution pattern: <obs(?:\s|\s[^>]*\s)(answerConceptId=".*?")
DEBUG - HtmlFormExporter.stripLocalAttributesFromXml(251) |2026-06-19 08:49:40,908| stripping substitution pattern: <obs(?:\s|\s[^>]*\s)(answerDrugId=".*?")
DEBUG - HtmlFormExporter.stripLocalAttributesFromXml(251) |2026-06-19 08:49:40,908| stripping substitution pattern: <obs(?:\s|\s[^>]*\s)(answerConceptIds=".*?")
DEBUG - HtmlFormExporter.stripLocalAttributesFromXml(251) |2026-06-19 08:49:40,908| stripping substitution pattern: <obs(?:\s|\s[^>]*\s)(answerLocationTags=".*?")
DEBUG - HtmlFormExporter.stripLocalAttributesFromXml(242) |2026-06-19 08:49:40,908| Handling dependencies for tag controls
DEBUG - HtmlFormExporter.stripLocalAttributesFromXml(242) |2026-06-19 08:49:40,908| Handling dependencies for tag when
DEBUG - HtmlFormExporter.stripLocalAttributesFromXml(242) |2026-06-19 08:49:40,908| Handling dependencies for tag encounterProviderAndRole
DEBUG - HtmlFormExporter.stripLocalAttributesFromXml(251) |2026-06-19 08:49:40,908| stripping substitution pattern: <encounterProviderAndRole(?:\s|\s[^>]*\s)(default=".*?")
DEBUG - HtmlFormExporter.stripLocalAttributesFromXml(251) |2026-06-19 08:49:40,908| stripping substitution pattern: <encounterProviderAndRole(?:\s|\s[^>]*\s)(encounterRole=".*?")
DEBUG - HtmlFormExporter.stripLocalAttributesFromXml(251) |2026-06-19 08:49:40,908| stripping substitution pattern: <encounterProviderAndRole(?:\s|\s[^>]*\s)(required=".*?")
DEBUG - HtmlFormExporter.stripLocalAttributesFromXml(242) |2026-06-19 08:49:40,908| Handling dependencies for tag obsgroup
DEBUG - HtmlFormExporter.stripLocalAttributesFromXml(251) |2026-06-19 08:49:40,908| stripping substitution pattern: <obsgroup(?:\s|\s[^>]*\s)(groupingConceptId=".*?")
DEBUG - HtmlFormExporter.stripLocalAttributesFromXml(242) |2026-06-19 08:49:40,909| Handling dependencies for tag encounterDate
DEBUG - HtmlFormExporter.stripLocalAttributesFromXml(242) |2026-06-19 08:49:40,909| Handling dependencies for tag encounterProvider
DEBUG - HtmlFormExporter.stripLocalAttributesFromXml(251) |2026-06-19 08:49:40,909| stripping substitution pattern: <encounterProvider(?:\s|\s[^>]*\s)(default=".*?")
DEBUG - HtmlFormExporter.stripLocalAttributesFromXml(251) |2026-06-19 08:49:40,909| stripping substitution pattern: <encounterProvider(?:\s|\s[^>]*\s)(role=".*?")
DEBUG - HtmlFormExporter.stripLocalAttributesFromXml(251) |2026-06-19 08:49:40,909| stripping substitution pattern: <encounterProvider(?:\s|\s[^>]*\s)(required=".*?")
DEBUG - HtmlFormExporter.stripLocalAttributesFromXml(242) |2026-06-19 08:49:40,909| Handling dependencies for tag encounterLocation
DEBUG - HtmlFormExporter.stripLocalAttributesFromXml(251) |2026-06-19 08:49:40,909| stripping substitution pattern: <encounterLocation(?:\s|\s[^>]*\s)(order=".*?")
DEBUG - HtmlFormExporter.stripLocalAttributesFromXml(251) |2026-06-19 08:49:40,909| stripping substitution pattern: <encounterLocation(?:\s|\s[^>]*\s)(default=".*?")
DEBUG - HtmlFormExporter.stripLocalAttributesFromXml(251) |2026-06-19 08:49:40,909| stripping substitution pattern: <encounterLocation(?:\s|\s[^>]*\s)(tags=".*?")
DEBUG - HtmlFormExporter.stripLocalAttributesFromXml(251) |2026-06-19 08:49:40,909| stripping substitution pattern: <encounterLocation(?:\s|\s[^>]*\s)(required=".*?")
DEBUG - HtmlFormExporter.stripLocalAttributesFromXml(242) |2026-06-19 08:49:40,909| Handling dependencies for tag encounterVoided
DEBUG - HtmlFormExporter.stripLocalAttributesFromXml(242) |2026-06-19 08:49:40,909| Handling dependencies for tag enrollInProgram
DEBUG - HtmlFormExporter.stripLocalAttributesFromXml(251) |2026-06-19 08:49:40,909| stripping substitution pattern: <enrollInProgram(?:\s|\s[^>]*\s)(programId=".*?")
DEBUG - HtmlFormExporter.stripLocalAttributesFromXml(251) |2026-06-19 08:49:40,909| stripping substitution pattern: <enrollInProgram(?:\s|\s[^>]*\s)(stateIds=".*?")
DEBUG - HtmlFormExporter.stripLocalAttributesFromXml(242) |2026-06-19 08:49:40,909| Handling dependencies for tag completeProgram
DEBUG - HtmlFormExporter.stripLocalAttributesFromXml(251) |2026-06-19 08:49:40,909| stripping substitution pattern: <completeProgram(?:\s|\s[^>]*\s)(programId=".*?")
DEBUG - HtmlFormExporter.stripLocalAttributesFromXml(242) |2026-06-19 08:49:40,909| Handling dependencies for tag section
DEBUG - HtmlFormExporter.stripLocalAttributesFromXml(242) |2026-06-19 08:49:40,910| Handling dependencies for tag lookup
DEBUG - HtmlFormExporter.stripLocalAttributesFromXml(242) |2026-06-19 08:49:40,910| Handling dependencies for tag submit
DEBUG - HtmlFormExporter.stripLocalAttributesFromXml(242) |2026-06-19 08:49:40,910| Handling dependencies for tag patient
DEBUG - HtmlFormExporter.stripLocalAttributesFromXml(251) |2026-06-19 08:49:40,910| stripping substitution pattern: <patient(?:\s|\s[^>]*\s)(identifierTypeId=".*?")
DEBUG - HtmlFormExporter.stripLocalAttributesFromXml(242) |2026-06-19 08:49:40,910| Handling dependencies for tag drugOrder
DEBUG - HtmlFormExporter.stripLocalAttributesFromXml(251) |2026-06-19 08:49:40,910| stripping substitution pattern: <drugOrder(?:\s|\s[^>]*\s)(drugNames=".*?")
DEBUG - HtmlFormExporter.stripLocalAttributesFromXml(251) |2026-06-19 08:49:40,910| stripping substitution pattern: <drugOrder(?:\s|\s[^>]*\s)(discontinuedReasonConceptId=".*?")
DEBUG - HtmlFormExporter.stripLocalAttributesFromXml(251) |2026-06-19 08:49:40,910| stripping substitution pattern: <drugOrder(?:\s|\s[^>]*\s)(discontinueReasonAnswers=".*?")
DEBUG - HtmlFormExporter.stripLocalAttributesFromXml(242) |2026-06-19 08:49:40,910| Handling dependencies for tag relationship
DEBUG - HtmlFormExporter.stripLocalAttributesFromXml(251) |2026-06-19 08:49:40,910| stripping substitution pattern: <relationship(?:\s|\s[^>]*\s)(type=".*?")
DEBUG - HtmlFormExporter.stripLocalAttributesFromXml(242) |2026-06-19 08:49:40,910| Handling dependencies for tag workflowState
DEBUG - HtmlFormExporter.stripLocalAttributesFromXml(251) |2026-06-19 08:49:40,910| stripping substitution pattern: <workflowState(?:\s|\s[^>]*\s)(workflowId=".*?")
DEBUG - HtmlFormExporter.stripLocalAttributesFromXml(251) |2026-06-19 08:49:40,910| stripping substitution pattern: <workflowState(?:\s|\s[^>]*\s)(stateIds=".*?")
DEBUG - HtmlFormExporter.stripLocalAttributesFromXml(251) |2026-06-19 08:49:40,910| stripping substitution pattern: <workflowState(?:\s|\s[^>]*\s)(stateId=".*?")
DEBUG - HtmlFormExporter.stripLocalAttributesFromXml(242) |2026-06-19 08:49:40,910| Handling dependencies for tag standardRegimen
DEBUG - HtmlFormExporter.stripLocalAttributesFromXml(251) |2026-06-19 08:49:40,910| stripping substitution pattern: <standardRegimen(?:\s|\s[^>]*\s)(discontinuedReasonConceptId=".*?")
DEBUG - HtmlFormExporter.stripLocalAttributesFromXml(251) |2026-06-19 08:49:40,910| stripping substitution pattern: <standardRegimen(?:\s|\s[^>]*\s)(discontinueReasonAnswers=".*?")
DEBUG - HtmlFormExporter.stripLocalAttributesFromXml(251) |2026-06-19 08:49:40,911| stripping substitution pattern: <standardRegimen(?:\s|\s[^>]*\s)(regimenCodes=".*?")
DEBUG - HtmlFormExporter.stripLocalAttributesFromXml(242) |2026-06-19 08:49:40,911| Handling dependencies for tag encounterType
DEBUG - HtmlFormExporter.stripLocalAttributesFromXml(251) |2026-06-19 08:49:40,911| stripping substitution pattern: <encounterType(?:\s|\s[^>]*\s)(types=".*?")
DEBUG - HtmlFormExporter.stripLocalAttributesFromXml(251) |2026-06-19 08:49:40,911| stripping substitution pattern: <encounterType(?:\s|\s[^>]*\s)(default=".*?")
DEBUG - HtmlFormExporter.stripLocalAttributesFromXml(242) |2026-06-19 08:49:40,911| Handling dependencies for tag exitFromCare
DEBUG - HtmlFormExporter.stripLocalAttributesFromXml(242) |2026-06-19 08:49:40,911| Handling dependencies for tag ifMode
DEBUG - HtmlFormExporter.stripLocalAttributesFromXml(242) |2026-06-19 08:49:40,911| Handling dependencies for tag includeIf
DEBUG - HtmlFormExporter.stripLocalAttributesFromXml(242) |2026-06-19 08:49:40,911| Handling dependencies for tag excludeIf
DEBUG - HtmlFormExporter.stripLocalAttributesFromXml(242) |2026-06-19 08:49:40,911| Handling dependencies for tag redirectOnSave
DEBUG - HtmlFormExporter.stripLocalAttributesFromXml(242) |2026-06-19 08:49:40,911| Handling dependencies for tag postSubmissionAction
DEBUG - HtmlFormExporter.stripLocalAttributesFromXml(242) |2026-06-19 08:49:40,911| Handling dependencies for tag markPatientDead
DEBUG - HtmlFormExporter.stripLocalAttributesFromXml(251) |2026-06-19 08:49:40,911| stripping substitution pattern: <markPatientDead(?:\s|\s[^>]*\s)(causeOfDeathFromObs=".*?")
DEBUG - HtmlFormExporter.stripLocalAttributesFromXml(242) |2026-06-19 08:49:40,911| Handling dependencies for tag immunization
DEBUG - HtmlFormExporter.stripLocalAttributesFromXml(242) |2026-06-19 08:49:40,911| Handling dependencies for tag obsreference
DEBUG - HtmlFormExporter.stripLocalAttributesFromXml(251) |2026-06-19 08:49:40,911| stripping substitution pattern: <obsreference(?:\s|\s[^>]*\s)(conceptId=".*?")
DEBUG - HtmlFormExporter.stripLocalAttributesFromXml(251) |2026-06-19 08:49:40,911| stripping substitution pattern: <obsreference(?:\s|\s[^>]*\s)(conceptIds=".*?")
DEBUG - HtmlFormExporter.stripLocalAttributesFromXml(251) |2026-06-19 08:49:40,911| stripping substitution pattern: <obsreference(?:\s|\s[^>]*\s)(answerConceptId=".*?")
DEBUG - HtmlFormExporter.stripLocalAttributesFromXml(251) |2026-06-19 08:49:40,912| stripping substitution pattern: <obsreference(?:\s|\s[^>]*\s)(answerDrugId=".*?")
DEBUG - HtmlFormExporter.stripLocalAttributesFromXml(251) |2026-06-19 08:49:40,912| stripping substitution pattern: <obsreference(?:\s|\s[^>]*\s)(answerConceptIds=".*?")
DEBUG - HtmlFormExporter.stripLocalAttributesFromXml(251) |2026-06-19 08:49:40,912| stripping substitution pattern: <obsreference(?:\s|\s[^>]*\s)(answerLocationTags=".*?")
DEBUG - HtmlFormExporter.stripLocalAttributesFromXml(242) |2026-06-19 08:49:40,912| Handling dependencies for tag condition
DEBUG - HtmlFormSubstitutionUtils.performSubstitution(70) |2026-06-19 08:49:40,912| Handling substitutions for tag obs
DEBUG - HtmlFormSubstitutionUtils.performSubstitution(82) |2026-06-19 08:49:40,912| substitution pattern: <obs(?:\s|\s[^>]*\s)conceptId
DEBUG - HtmlFormSubstitutionUtils.performSubstitution(82) |2026-06-19 08:49:40,913| substitution pattern: <obs(?:\s|\s[^>]*\s)conceptIds
DEBUG - HtmlFormSubstitutionUtils.performSubstitution(82) |2026-06-19 08:49:40,914| substitution pattern: <obs(?:\s|\s[^>]*\s)answerConceptId
DEBUG - HtmlFormSubstitutionUtils.performSubstitution(82) |2026-06-19 08:49:40,914| substitution pattern: <obs(?:\s|\s[^>]*\s)answerDrugId
DEBUG - HtmlFormSubstitutionUtils.performSubstitution(82) |2026-06-19 08:49:40,914| substitution pattern: <obs(?:\s|\s[^>]*\s)answerConceptIds
DEBUG - HtmlFormSubstitutionUtils.performSubstitution(82) |2026-06-19 08:49:40,915| substitution pattern: <obs(?:\s|\s[^>]*\s)answerLocationTags
DEBUG - HtmlFormSubstitutionUtils.performSubstitution(70) |2026-06-19 08:49:40,915| Handling substitutions for tag controls
DEBUG - HtmlFormSubstitutionUtils.performSubstitution(70) |2026-06-19 08:49:40,915| Handling substitutions for tag when
DEBUG - HtmlFormSubstitutionUtils.performSubstitution(70) |2026-06-19 08:49:40,915| Handling substitutions for tag encounterProviderAndRole
DEBUG - HtmlFormSubstitutionUtils.performSubstitution(82) |2026-06-19 08:49:40,915| substitution pattern: <encounterProviderAndRole(?:\s|\s[^>]*\s)default
DEBUG - HtmlFormSubstitutionUtils.performSubstitution(82) |2026-06-19 08:49:40,915| substitution pattern: <encounterProviderAndRole(?:\s|\s[^>]*\s)encounterRole
DEBUG - HtmlFormSubstitutionUtils.performSubstitution(82) |2026-06-19 08:49:40,916| substitution pattern: <encounterProviderAndRole(?:\s|\s[^>]*\s)required
DEBUG - HtmlFormSubstitutionUtils.performSubstitution(70) |2026-06-19 08:49:40,916| Handling substitutions for tag obsgroup
DEBUG - HtmlFormSubstitutionUtils.performSubstitution(82) |2026-06-19 08:49:40,916| substitution pattern: <obsgroup(?:\s|\s[^>]*\s)groupingConceptId
DEBUG - HtmlFormSubstitutionUtils.performSubstitution(70) |2026-06-19 08:49:40,916| Handling substitutions for tag encounterDate
DEBUG - HtmlFormSubstitutionUtils.performSubstitution(70) |2026-06-19 08:49:40,916| Handling substitutions for tag encounterProvider
DEBUG - HtmlFormSubstitutionUtils.performSubstitution(82) |2026-06-19 08:49:40,916| substitution pattern: <encounterProvider(?:\s|\s[^>]*\s)default
DEBUG - HtmlFormSubstitutionUtils.performSubstitution(82) |2026-06-19 08:49:40,917| substitution pattern: <encounterProvider(?:\s|\s[^>]*\s)role
DEBUG - HtmlFormSubstitutionUtils.performSubstitution(82) |2026-06-19 08:49:40,918| substitution pattern: <encounterProvider(?:\s|\s[^>]*\s)required
DEBUG - HtmlFormSubstitutionUtils.performSubstitution(70) |2026-06-19 08:49:40,918| Handling substitutions for tag encounterLocation
DEBUG - HtmlFormSubstitutionUtils.performSubstitution(82) |2026-06-19 08:49:40,918| substitution pattern: <encounterLocation(?:\s|\s[^>]*\s)order
DEBUG - HtmlFormSubstitutionUtils.performSubstitution(82) |2026-06-19 08:49:40,918| substitution pattern: <encounterLocation(?:\s|\s[^>]*\s)default
DEBUG - HtmlFormSubstitutionUtils.performSubstitution(82) |2026-06-19 08:49:40,919| substitution pattern: <encounterLocation(?:\s|\s[^>]*\s)tags
DEBUG - HtmlFormSubstitutionUtils.performSubstitution(82) |2026-06-19 08:49:40,919| substitution pattern: <encounterLocation(?:\s|\s[^>]*\s)required
DEBUG - HtmlFormSubstitutionUtils.performSubstitution(70) |2026-06-19 08:49:40,919| Handling substitutions for tag encounterVoided
DEBUG - HtmlFormSubstitutionUtils.performSubstitution(70) |2026-06-19 08:49:40,919| Handling substitutions for tag enrollInProgram
DEBUG - HtmlFormSubstitutionUtils.performSubstitution(82) |2026-06-19 08:49:40,919| substitution pattern: <enrollInProgram(?:\s|\s[^>]*\s)programId
DEBUG - HtmlFormSubstitutionUtils.performSubstitution(82) |2026-06-19 08:49:40,920| substitution pattern: <enrollInProgram(?:\s|\s[^>]*\s)stateIds
DEBUG - HtmlFormSubstitutionUtils.performSubstitution(70) |2026-06-19 08:49:40,921| Handling substitutions for tag completeProgram
DEBUG - HtmlFormSubstitutionUtils.performSubstitution(82) |2026-06-19 08:49:40,921| substitution pattern: <completeProgram(?:\s|\s[^>]*\s)programId
DEBUG - HtmlFormSubstitutionUtils.performSubstitution(70) |2026-06-19 08:49:40,921| Handling substitutions for tag section
DEBUG - HtmlFormSubstitutionUtils.performSubstitution(70) |2026-06-19 08:49:40,921| Handling substitutions for tag lookup
DEBUG - HtmlFormSubstitutionUtils.performSubstitution(70) |2026-06-19 08:49:40,922| Handling substitutions for tag submit
DEBUG - HtmlFormSubstitutionUtils.performSubstitution(70) |2026-06-19 08:49:40,922| Handling substitutions for tag patient
DEBUG - HtmlFormSubstitutionUtils.performSubstitution(82) |2026-06-19 08:49:40,922| substitution pattern: <patient(?:\s|\s[^>]*\s)identifierTypeId
DEBUG - HtmlFormSubstitutionUtils.performSubstitution(70) |2026-06-19 08:49:40,922| Handling substitutions for tag drugOrder
DEBUG - HtmlFormSubstitutionUtils.performSubstitution(82) |2026-06-19 08:49:40,922| substitution pattern: <drugOrder(?:\s|\s[^>]*\s)drugNames
DEBUG - HtmlFormSubstitutionUtils.performSubstitution(82) |2026-06-19 08:49:40,923| substitution pattern: <drugOrder(?:\s|\s[^>]*\s)discontinuedReasonConceptId
DEBUG - HtmlFormSubstitutionUtils.performSubstitution(82) |2026-06-19 08:49:40,924| substitution pattern: <drugOrder(?:\s|\s[^>]*\s)discontinueReasonAnswers
DEBUG - HtmlFormSubstitutionUtils.performSubstitution(70) |2026-06-19 08:49:40,924| Handling substitutions for tag relationship
DEBUG - HtmlFormSubstitutionUtils.performSubstitution(82) |2026-06-19 08:49:40,924| substitution pattern: <relationship(?:\s|\s[^>]*\s)type
DEBUG - HtmlFormSubstitutionUtils.performSubstitution(70) |2026-06-19 08:49:40,924| Handling substitutions for tag workflowState
DEBUG - HtmlFormSubstitutionUtils.performSubstitution(82) |2026-06-19 08:49:40,924| substitution pattern: <workflowState(?:\s|\s[^>]*\s)workflowId
DEBUG - HtmlFormSubstitutionUtils.performSubstitution(82) |2026-06-19 08:49:40,925| substitution pattern: <workflowState(?:\s|\s[^>]*\s)stateIds
DEBUG - HtmlFormSubstitutionUtils.performSubstitution(82) |2026-06-19 08:49:40,926| substitution pattern: <workflowState(?:\s|\s[^>]*\s)stateId
DEBUG - HtmlFormSubstitutionUtils.performSubstitution(70) |2026-06-19 08:49:40,926| Handling substitutions for tag standardRegimen
DEBUG - HtmlFormSubstitutionUtils.performSubstitution(82) |2026-06-19 08:49:40,926| substitution pattern: <standardRegimen(?:\s|\s[^>]*\s)discontinuedReasonConceptId
DEBUG - HtmlFormSubstitutionUtils.performSubstitution(82) |2026-06-19 08:49:40,927| substitution pattern: <standardRegimen(?:\s|\s[^>]*\s)discontinueReasonAnswers
DEBUG - HtmlFormSubstitutionUtils.performSubstitution(82) |2026-06-19 08:49:40,927| substitution pattern: <standardRegimen(?:\s|\s[^>]*\s)regimenCodes
DEBUG - HtmlFormSubstitutionUtils.performSubstitution(70) |2026-06-19 08:49:40,927| Handling substitutions for tag encounterType
DEBUG - HtmlFormSubstitutionUtils.performSubstitution(82) |2026-06-19 08:49:40,927| substitution pattern: <encounterType(?:\s|\s[^>]*\s)types
DEBUG - HtmlFormSubstitutionUtils.performSubstitution(82) |2026-06-19 08:49:40,927| substitution pattern: <encounterType(?:\s|\s[^>]*\s)default
DEBUG - HtmlFormSubstitutionUtils.performSubstitution(70) |2026-06-19 08:49:40,927| Handling substitutions for tag exitFromCare
DEBUG - HtmlFormSubstitutionUtils.performSubstitution(70) |2026-06-19 08:49:40,927| Handling substitutions for tag ifMode
DEBUG - HtmlFormSubstitutionUtils.performSubstitution(70) |2026-06-19 08:49:40,928| Handling substitutions for tag includeIf
DEBUG - HtmlFormSubstitutionUtils.performSubstitution(70) |2026-06-19 08:49:40,928| Handling substitutions for tag excludeIf
DEBUG - HtmlFormSubstitutionUtils.performSubstitution(70) |2026-06-19 08:49:40,928| Handling substitutions for tag redirectOnSave
DEBUG - HtmlFormSubstitutionUtils.performSubstitution(70) |2026-06-19 08:49:40,928| Handling substitutions for tag postSubmissionAction
DEBUG - HtmlFormSubstitutionUtils.performSubstitution(70) |2026-06-19 08:49:40,928| Handling substitutions for tag markPatientDead
DEBUG - HtmlFormSubstitutionUtils.performSubstitution(82) |2026-06-19 08:49:40,928| substitution pattern: <markPatientDead(?:\s|\s[^>]*\s)causeOfDeathFromObs
DEBUG - HtmlFormSubstitutionUtils.performSubstitution(70) |2026-06-19 08:49:40,928| Handling substitutions for tag immunization
DEBUG - HtmlFormSubstitutionUtils.performSubstitution(70) |2026-06-19 08:49:40,928| Handling substitutions for tag obsreference
DEBUG - HtmlFormSubstitutionUtils.performSubstitution(82) |2026-06-19 08:49:40,928| substitution pattern: <obsreference(?:\s|\s[^>]*\s)conceptId
DEBUG - HtmlFormSubstitutionUtils.performSubstitution(82) |2026-06-19 08:49:40,929| substitution pattern: <obsreference(?:\s|\s[^>]*\s)conceptIds
DEBUG - HtmlFormSubstitutionUtils.performSubstitution(82) |2026-06-19 08:49:40,929| substitution pattern: <obsreference(?:\s|\s[^>]*\s)answerConceptId
DEBUG - HtmlFormSubstitutionUtils.performSubstitution(82) |2026-06-19 08:49:40,929| substitution pattern: <obsreference(?:\s|\s[^>]*\s)answerDrugId
DEBUG - HtmlFormSubstitutionUtils.performSubstitution(82) |2026-06-19 08:49:40,929| substitution pattern: <obsreference(?:\s|\s[^>]*\s)answerConceptIds
DEBUG - HtmlFormSubstitutionUtils.performSubstitution(82) |2026-06-19 08:49:40,929| substitution pattern: <obsreference(?:\s|\s[^>]*\s)answerLocationTags
DEBUG - HtmlFormSubstitutionUtils.performSubstitution(70) |2026-06-19 08:49:40,930| Handling substitutions for tag condition
DEBUG - HtmlFormSubstitutionUtils.performSubstitution(70) |2026-06-19 08:49:40,930| Handling substitutions for tag obs
DEBUG - HtmlFormSubstitutionUtils.performSubstitution(82) |2026-06-19 08:49:40,930| substitution pattern: <obs(?:\s|\s[^>]*\s)conceptId
DEBUG - HtmlFormSubstitutionUtils.performSubstitution(82) |2026-06-19 08:49:40,930| substitution pattern: <obs(?:\s|\s[^>]*\s)conceptIds
DEBUG - HtmlFormSubstitutionUtils.performSubstitution(82) |2026-06-19 08:49:40,930| substitution pattern: <obs(?:\s|\s[^>]*\s)answerConceptId
DEBUG - HtmlFormSubstitutionUtils.performSubstitution(82) |2026-06-19 08:49:40,930| substitution pattern: <obs(?:\s|\s[^>]*\s)answerDrugId
DEBUG - HtmlFormSubstitutionUtils.performSubstitution(82) |2026-06-19 08:49:40,931| substitution pattern: <obs(?:\s|\s[^>]*\s)answerConceptIds
DEBUG - HtmlFormSubstitutionUtils.performSubstitution(82) |2026-06-19 08:49:40,931| substitution pattern: <obs(?:\s|\s[^>]*\s)answerLocationTags
DEBUG - HtmlFormSubstitutionUtils.performSubstitution(70) |2026-06-19 08:49:40,931| Handling substitutions for tag controls
DEBUG - HtmlFormSubstitutionUtils.performSubstitution(70) |2026-06-19 08:49:40,931| Handling substitutions for tag when
DEBUG - HtmlFormSubstitutionUtils.performSubstitution(70) |2026-06-19 08:49:40,931| Handling substitutions for tag encounterProviderAndRole
DEBUG - HtmlFormSubstitutionUtils.performSubstitution(82) |2026-06-19 08:49:40,931| substitution pattern: <encounterProviderAndRole(?:\s|\s[^>]*\s)default
DEBUG - HtmlFormSubstitutionUtils.performSubstitution(82) |2026-06-19 08:49:40,932| substitution pattern: <encounterProviderAndRole(?:\s|\s[^>]*\s)encounterRole
DEBUG - HtmlFormSubstitutionUtils.performSubstitution(82) |2026-06-19 08:49:40,932| substitution pattern: <encounterProviderAndRole(?:\s|\s[^>]*\s)required
DEBUG - HtmlFormSubstitutionUtils.performSubstitution(70) |2026-06-19 08:49:40,932| Handling substitutions for tag obsgroup
DEBUG - HtmlFormSubstitutionUtils.performSubstitution(82) |2026-06-19 08:49:40,932| substitution pattern: <obsgroup(?:\s|\s[^>]*\s)groupingConceptId
DEBUG - HtmlFormSubstitutionUtils.performSubstitution(70) |2026-06-19 08:49:40,932| Handling substitutions for tag encounterDate
DEBUG - HtmlFormSubstitutionUtils.performSubstitution(70) |2026-06-19 08:49:40,932| Handling substitutions for tag encounterProvider
DEBUG - HtmlFormSubstitutionUtils.performSubstitution(82) |2026-06-19 08:49:40,932| substitution pattern: <encounterProvider(?:\s|\s[^>]*\s)default
DEBUG - HtmlFormSubstitutionUtils.performSubstitution(82) |2026-06-19 08:49:40,933| substitution pattern: <encounterProvider(?:\s|\s[^>]*\s)role
DEBUG - HtmlFormSubstitutionUtils.performSubstitution(82) |2026-06-19 08:49:40,933| substitution pattern: <encounterProvider(?:\s|\s[^>]*\s)required
DEBUG - HtmlFormSubstitutionUtils.performSubstitution(70) |2026-06-19 08:49:40,933| Handling substitutions for tag encounterLocation
DEBUG - HtmlFormSubstitutionUtils.performSubstitution(82) |2026-06-19 08:49:40,933| substitution pattern: <encounterLocation(?:\s|\s[^>]*\s)order
DEBUG - HtmlFormSubstitutionUtils.performSubstitution(82) |2026-06-19 08:49:40,933| substitution pattern: <encounterLocation(?:\s|\s[^>]*\s)default
DEBUG - HtmlFormSubstitutionUtils.performSubstitution(82) |2026-06-19 08:49:40,934| substitution pattern: <encounterLocation(?:\s|\s[^>]*\s)tags
DEBUG - HtmlFormSubstitutionUtils.performSubstitution(82) |2026-06-19 08:49:40,934| substitution pattern: <encounterLocation(?:\s|\s[^>]*\s)required
DEBUG - HtmlFormSubstitutionUtils.performSubstitution(70) |2026-06-19 08:49:40,934| Handling substitutions for tag encounterVoided
DEBUG - HtmlFormSubstitutionUtils.performSubstitution(70) |2026-06-19 08:49:40,934| Handling substitutions for tag enrollInProgram
DEBUG - HtmlFormSubstitutionUtils.performSubstitution(82) |2026-06-19 08:49:40,934| substitution pattern: <enrollInProgram(?:\s|\s[^>]*\s)programId
DEBUG - HtmlFormSubstitutionUtils.performSubstitution(82) |2026-06-19 08:49:40,940| substitution pattern: <enrollInProgram(?:\s|\s[^>]*\s)stateIds
DEBUG - HtmlFormSubstitutionUtils.performSubstitution(70) |2026-06-19 08:49:40,940| Handling substitutions for tag completeProgram
DEBUG - HtmlFormSubstitutionUtils.performSubstitution(82) |2026-06-19 08:49:40,940| substitution pattern: <completeProgram(?:\s|\s[^>]*\s)programId
DEBUG - HtmlFormSubstitutionUtils.performSubstitution(70) |2026-06-19 08:49:40,940| Handling substitutions for tag section
DEBUG - HtmlFormSubstitutionUtils.performSubstitution(70) |2026-06-19 08:49:40,941| Handling substitutions for tag lookup
DEBUG - HtmlFormSubstitutionUtils.performSubstitution(70) |2026-06-19 08:49:40,941| Handling substitutions for tag submit
DEBUG - HtmlFormSubstitutionUtils.performSubstitution(70) |2026-06-19 08:49:40,941| Handling substitutions for tag patient
DEBUG - HtmlFormSubstitutionUtils.performSubstitution(82) |2026-06-19 08:49:40,941| substitution pattern: <patient(?:\s|\s[^>]*\s)identifierTypeId
DEBUG - HtmlFormSubstitutionUtils.performSubstitution(70) |2026-06-19 08:49:40,941| Handling substitutions for tag drugOrder
DEBUG - HtmlFormSubstitutionUtils.performSubstitution(82) |2026-06-19 08:49:40,941| substitution pattern: <drugOrder(?:\s|\s[^>]*\s)drugNames
DEBUG - HtmlFormSubstitutionUtils.performSubstitution(82) |2026-06-19 08:49:40,941| substitution pattern: <drugOrder(?:\s|\s[^>]*\s)discontinuedReasonConceptId
DEBUG - HtmlFormSubstitutionUtils.performSubstitution(82) |2026-06-19 08:49:40,941| substitution pattern: <drugOrder(?:\s|\s[^>]*\s)discontinueReasonAnswers
DEBUG - HtmlFormSubstitutionUtils.performSubstitution(70) |2026-06-19 08:49:40,941| Handling substitutions for tag relationship
DEBUG - HtmlFormSubstitutionUtils.performSubstitution(82) |2026-06-19 08:49:40,941| substitution pattern: <relationship(?:\s|\s[^>]*\s)type
DEBUG - HtmlFormSubstitutionUtils.performSubstitution(70) |2026-06-19 08:49:40,942| Handling substitutions for tag workflowState
DEBUG - HtmlFormSubstitutionUtils.performSubstitution(82) |2026-06-19 08:49:40,942| substitution pattern: <workflowState(?:\s|\s[^>]*\s)workflowId
DEBUG - HtmlFormSubstitutionUtils.performSubstitution(82) |2026-06-19 08:49:40,942| substitution pattern: <workflowState(?:\s|\s[^>]*\s)stateIds
DEBUG - HtmlFormSubstitutionUtils.performSubstitution(82) |2026-06-19 08:49:40,942| substitution pattern: <workflowState(?:\s|\s[^>]*\s)stateId
DEBUG - HtmlFormSubstitutionUtils.performSubstitution(70) |2026-06-19 08:49:40,942| Handling substitutions for tag standardRegimen
DEBUG - HtmlFormSubstitutionUtils.performSubstitution(82) |2026-06-19 08:49:40,942| substitution pattern: <standardRegimen(?:\s|\s[^>]*\s)discontinuedReasonConceptId
DEBUG - HtmlFormSubstitutionUtils.performSubstitution(82) |2026-06-19 08:49:40,943| substitution pattern: <standardRegimen(?:\s|\s[^>]*\s)discontinueReasonAnswers
DEBUG - HtmlFormSubstitutionUtils.performSubstitution(82) |2026-06-19 08:49:40,943| substitution pattern: <standardRegimen(?:\s|\s[^>]*\s)regimenCodes
DEBUG - HtmlFormSubstitutionUtils.performSubstitution(70) |2026-06-19 08:49:40,943| Handling substitutions for tag encounterType
DEBUG - HtmlFormSubstitutionUtils.performSubstitution(82) |2026-06-19 08:49:40,943| substitution pattern: <encounterType(?:\s|\s[^>]*\s)types
DEBUG - HtmlFormSubstitutionUtils.performSubstitution(82) |2026-06-19 08:49:40,943| substitution pattern: <encounterType(?:\s|\s[^>]*\s)default
DEBUG - HtmlFormSubstitutionUtils.performSubstitution(70) |2026-06-19 08:49:40,943| Handling substitutions for tag exitFromCare
DEBUG - HtmlFormSubstitutionUtils.performSubstitution(70) |2026-06-19 08:49:40,944| Handling substitutions for tag ifMode
DEBUG - HtmlFormSubstitutionUtils.performSubstitution(70) |2026-06-19 08:49:40,944| Handling substitutions for tag includeIf
DEBUG - HtmlFormSubstitutionUtils.performSubstitution(70) |2026-06-19 08:49:40,944| Handling substitutions for tag excludeIf
DEBUG - HtmlFormSubstitutionUtils.performSubstitution(70) |2026-06-19 08:49:40,944| Handling substitutions for tag redirectOnSave
DEBUG - HtmlFormSubstitutionUtils.performSubstitution(70) |2026-06-19 08:49:40,944| Handling substitutions for tag postSubmissionAction
DEBUG - HtmlFormSubstitutionUtils.performSubstitution(70) |2026-06-19 08:49:40,944| Handling substitutions for tag markPatientDead
DEBUG - HtmlFormSubstitutionUtils.performSubstitution(82) |2026-06-19 08:49:40,944| substitution pattern: <markPatientDead(?:\s|\s[^>]*\s)causeOfDeathFromObs
DEBUG - HtmlFormSubstitutionUtils.performSubstitution(70) |2026-06-19 08:49:40,944| Handling substitutions for tag immunization
DEBUG - HtmlFormSubstitutionUtils.performSubstitution(70) |2026-06-19 08:49:40,945| Handling substitutions for tag obsreference
DEBUG - HtmlFormSubstitutionUtils.performSubstitution(82) |2026-06-19 08:49:40,945| substitution pattern: <obsreference(?:\s|\s[^>]*\s)conceptId
DEBUG - HtmlFormSubstitutionUtils.performSubstitution(82) |2026-06-19 08:49:40,945| substitution pattern: <obsreference(?:\s|\s[^>]*\s)conceptIds
DEBUG - HtmlFormSubstitutionUtils.performSubstitution(82) |2026-06-19 08:49:40,945| substitution pattern: <obsreference(?:\s|\s[^>]*\s)answerConceptId
DEBUG - HtmlFormSubstitutionUtils.performSubstitution(82) |2026-06-19 08:49:40,945| substitution pattern: <obsreference(?:\s|\s[^>]*\s)answerDrugId
DEBUG - HtmlFormSubstitutionUtils.performSubstitution(82) |2026-06-19 08:49:40,945| substitution pattern: <obsreference(?:\s|\s[^>]*\s)answerConceptIds
DEBUG - HtmlFormSubstitutionUtils.performSubstitution(82) |2026-06-19 08:49:40,946| substitution pattern: <obsreference(?:\s|\s[^>]*\s)answerLocationTags
DEBUG - HtmlFormSubstitutionUtils.performSubstitution(70) |2026-06-19 08:49:40,946| Handling substitutions for tag condition
DEBUG - HtmlFormExporter.calculateDependencies(106) |2026-06-19 08:49:40,951| Handling dependencies for tag obs
DEBUG - HtmlFormExporter.calculateDependencies(118) |2026-06-19 08:49:40,951| dependency substitution pattern: <obs(?:\s|\s[^>]*\s)conceptId="(.*?)"
DEBUG - HtmlFormExporter.calculateDependencies(118) |2026-06-19 08:49:40,956| dependency substitution pattern: <obs(?:\s|\s[^>]*\s)conceptIds="(.*?)"
DEBUG - HtmlFormExporter.calculateDependencies(118) |2026-06-19 08:49:40,956| dependency substitution pattern: <obs(?:\s|\s[^>]*\s)answerConceptId="(.*?)"
DEBUG - HtmlFormExporter.calculateDependencies(118) |2026-06-19 08:49:40,958| dependency substitution pattern: <obs(?:\s|\s[^>]*\s)answerDrugId="(.*?)"
DEBUG - HtmlFormExporter.calculateDependencies(118) |2026-06-19 08:49:40,958| dependency substitution pattern: <obs(?:\s|\s[^>]*\s)answerConceptIds="(.*?)"
DEBUG - HtmlFormExporter.calculateDependencies(118) |2026-06-19 08:49:40,963| dependency substitution pattern: <obs(?:\s|\s[^>]*\s)answerLocationTags="(.*?)"
DEBUG - HtmlFormExporter.calculateDependencies(106) |2026-06-19 08:49:40,963| Handling dependencies for tag controls
DEBUG - HtmlFormExporter.calculateDependencies(106) |2026-06-19 08:49:40,963| Handling dependencies for tag when
DEBUG - HtmlFormExporter.calculateDependencies(106) |2026-06-19 08:49:40,963| Handling dependencies for tag encounterProviderAndRole
DEBUG - HtmlFormExporter.calculateDependencies(118) |2026-06-19 08:49:40,963| dependency substitution pattern: <encounterProviderAndRole(?:\s|\s[^>]*\s)default="(.*?)"
DEBUG - HtmlFormExporter.calculateDependencies(118) |2026-06-19 08:49:40,963| dependency substitution pattern: <encounterProviderAndRole(?:\s|\s[^>]*\s)encounterRole="(.*?)"
DEBUG - HtmlFormExporter.calculateDependencies(118) |2026-06-19 08:49:40,964| dependency substitution pattern: <encounterProviderAndRole(?:\s|\s[^>]*\s)required="(.*?)"
DEBUG - HtmlFormExporter.calculateDependencies(106) |2026-06-19 08:49:40,964| Handling dependencies for tag obsgroup
DEBUG - HtmlFormExporter.calculateDependencies(118) |2026-06-19 08:49:40,964| dependency substitution pattern: <obsgroup(?:\s|\s[^>]*\s)groupingConceptId="(.*?)"
DEBUG - HtmlFormExporter.calculateDependencies(106) |2026-06-19 08:49:40,965| Handling dependencies for tag encounterDate
DEBUG - HtmlFormExporter.calculateDependencies(106) |2026-06-19 08:49:40,966| Handling dependencies for tag encounterProvider
DEBUG - HtmlFormExporter.calculateDependencies(118) |2026-06-19 08:49:40,966| dependency substitution pattern: <encounterProvider(?:\s|\s[^>]*\s)default="(.*?)"
DEBUG - HtmlFormExporter.calculateDependencies(118) |2026-06-19 08:49:40,967| dependency substitution pattern: <encounterProvider(?:\s|\s[^>]*\s)role="(.*?)"
ERROR - HibernateHtmlFormEntryDAO.getItemByName(143) |2026-06-19 08:49:40,968| Error fetching item by name:org.hibernate.QueryException: could not resolve property: name of: org.openmrs.Role
ERROR - HibernateHtmlFormEntryDAO.getItemByName(143) |2026-06-19 08:49:40,970| Error fetching item by name:org.hibernate.QueryException: could not resolve property: name of: org.openmrs.Role
DEBUG - HtmlFormExporter.calculateDependencies(118) |2026-06-19 08:49:40,971| dependency substitution pattern: <encounterProvider(?:\s|\s[^>]*\s)required="(.*?)"
DEBUG - HtmlFormExporter.calculateDependencies(106) |2026-06-19 08:49:40,971| Handling dependencies for tag encounterLocation
DEBUG - HtmlFormExporter.calculateDependencies(118) |2026-06-19 08:49:40,971| dependency substitution pattern: <encounterLocation(?:\s|\s[^>]*\s)order="(.*?)"
DEBUG - HtmlFormExporter.calculateDependencies(118) |2026-06-19 08:49:40,976| dependency substitution pattern: <encounterLocation(?:\s|\s[^>]*\s)default="(.*?)"
DEBUG - HtmlFormExporter.calculateDependencies(118) |2026-06-19 08:49:40,978| dependency substitution pattern: <encounterLocation(?:\s|\s[^>]*\s)tags="(.*?)"
DEBUG - HtmlFormExporter.calculateDependencies(118) |2026-06-19 08:49:40,979| dependency substitution pattern: <encounterLocation(?:\s|\s[^>]*\s)required="(.*?)"
DEBUG - HtmlFormExporter.calculateDependencies(106) |2026-06-19 08:49:40,980| Handling dependencies for tag encounterVoided
DEBUG - HtmlFormExporter.calculateDependencies(106) |2026-06-19 08:49:40,980| Handling dependencies for tag enrollInProgram
DEBUG - HtmlFormExporter.calculateDependencies(118) |2026-06-19 08:49:40,980| dependency substitution pattern: <enrollInProgram(?:\s|\s[^>]*\s)stateIds="(.*?)"
DEBUG - HtmlFormExporter.calculateDependencies(106) |2026-06-19 08:49:40,985| Handling dependencies for tag completeProgram
DEBUG - HtmlFormExporter.calculateDependencies(106) |2026-06-19 08:49:40,985| Handling dependencies for tag section
DEBUG - HtmlFormExporter.calculateDependencies(106) |2026-06-19 08:49:40,985| Handling dependencies for tag lookup
DEBUG - HtmlFormExporter.calculateDependencies(106) |2026-06-19 08:49:40,985| Handling dependencies for tag submit
DEBUG - HtmlFormExporter.calculateDependencies(106) |2026-06-19 08:49:40,985| Handling dependencies for tag patient
DEBUG - HtmlFormExporter.calculateDependencies(118) |2026-06-19 08:49:40,985| dependency substitution pattern: <patient(?:\s|\s[^>]*\s)identifierTypeId="(.*?)"
DEBUG - HtmlFormExporter.calculateDependencies(106) |2026-06-19 08:49:40,988| Handling dependencies for tag drugOrder
DEBUG - HtmlFormExporter.calculateDependencies(118) |2026-06-19 08:49:40,988| dependency substitution pattern: <drugOrder(?:\s|\s[^>]*\s)drugNames="(.*?)"
DEBUG - HtmlFormExporter.calculateDependencies(118) |2026-06-19 08:49:40,993| dependency substitution pattern: <drugOrder(?:\s|\s[^>]*\s)discontinuedReasonConceptId="(.*?)"
DEBUG - HtmlFormExporter.calculateDependencies(118) |2026-06-19 08:49:40,995| dependency substitution pattern: <drugOrder(?:\s|\s[^>]*\s)discontinueReasonAnswers="(.*?)"
DEBUG - HtmlFormExporter.calculateDependencies(106) |2026-06-19 08:49:40,995| Handling dependencies for tag relationship
DEBUG - HtmlFormExporter.calculateDependencies(118) |2026-06-19 08:49:40,995| dependency substitution pattern: <relationship(?:\s|\s[^>]*\s)type="(.*?)"
DEBUG - HtmlFormExporter.calculateDependencies(106) |2026-06-19 08:49:40,996| Handling dependencies for tag workflowState
DEBUG - HtmlFormExporter.calculateDependencies(118) |2026-06-19 08:49:40,996| dependency substitution pattern: <workflowState(?:\s|\s[^>]*\s)workflowId="(.*?)"
ERROR - HibernateHtmlFormEntryDAO.getItemByName(143) |2026-06-19 08:49:40,999| Error fetching item by name:org.hibernate.QueryException: could not resolve property: name of: org.openmrs.ProgramWorkflow
DEBUG - HtmlFormExporter.calculateDependencies(118) |2026-06-19 08:49:41,001| dependency substitution pattern: <workflowState(?:\s|\s[^>]*\s)stateIds="(.*?)"
ERROR - HibernateHtmlFormEntryDAO.getItemByName(143) |2026-06-19 08:49:41,004| Error fetching item by name:org.hibernate.QueryException: could not resolve property: name of: org.openmrs.ProgramWorkflowState
DEBUG - HtmlFormExporter.calculateDependencies(118) |2026-06-19 08:49:41,004| dependency substitution pattern: <workflowState(?:\s|\s[^>]*\s)stateId="(.*?)"
DEBUG - HtmlFormExporter.calculateDependencies(106) |2026-06-19 08:49:41,006| Handling dependencies for tag standardRegimen
DEBUG - HtmlFormExporter.calculateDependencies(118) |2026-06-19 08:49:41,006| dependency substitution pattern: <standardRegimen(?:\s|\s[^>]*\s)discontinuedReasonConceptId="(.*?)"
DEBUG - HtmlFormExporter.calculateDependencies(118) |2026-06-19 08:49:41,006| dependency substitution pattern: <standardRegimen(?:\s|\s[^>]*\s)discontinueReasonAnswers="(.*?)"
DEBUG - HtmlFormExporter.calculateDependencies(118) |2026-06-19 08:49:41,006| dependency substitution pattern: <standardRegimen(?:\s|\s[^>]*\s)regimenCodes="(.*?)"
DEBUG - HtmlFormExporter.calculateDependencies(106) |2026-06-19 08:49:41,006| Handling dependencies for tag encounterType
DEBUG - HtmlFormExporter.calculateDependencies(118) |2026-06-19 08:49:41,006| dependency substitution pattern: <encounterType(?:\s|\s[^>]*\s)types="(.*?)"
DEBUG - HtmlFormExporter.calculateDependencies(118) |2026-06-19 08:49:41,007| dependency substitution pattern: <encounterType(?:\s|\s[^>]*\s)default="(.*?)"
DEBUG - HtmlFormExporter.calculateDependencies(106) |2026-06-19 08:49:41,007| Handling dependencies for tag exitFromCare
DEBUG - HtmlFormExporter.calculateDependencies(106) |2026-06-19 08:49:41,007| Handling dependencies for tag ifMode
DEBUG - HtmlFormExporter.calculateDependencies(106) |2026-06-19 08:49:41,007| Handling dependencies for tag includeIf
DEBUG - HtmlFormExporter.calculateDependencies(106) |2026-06-19 08:49:41,007| Handling dependencies for tag excludeIf
DEBUG - HtmlFormExporter.calculateDependencies(106) |2026-06-19 08:49:41,007| Handling dependencies for tag redirectOnSave
DEBUG - HtmlFormExporter.calculateDependencies(106) |2026-06-19 08:49:41,007| Handling dependencies for tag postSubmissionAction
DEBUG - HtmlFormExporter.calculateDependencies(106) |2026-06-19 08:49:41,007| Handling dependencies for tag markPatientDead
[...]
DEBUG - HtmlFormSubstitutionUtils.performSubstitution(82) |2026-06-19 08:49:42,017| substitution pattern: <obs(?:\s|\s[^>]*\s)answerConceptIds
DEBUG - HtmlFormSubstitutionUtils.performSubstitution(82) |2026-06-19 08:49:42,017| substitution pattern: <obs(?:\s|\s[^>]*\s)answerLocationTags
DEBUG - HtmlFormSubstitutionUtils.performSubstitution(70) |2026-06-19 08:49:42,017| Handling substitutions for tag controls
DEBUG - HtmlFormSubstitutionUtils.performSubstitution(70) |2026-06-19 08:49:42,017| Handling substitutions for tag when
DEBUG - HtmlFormSubstitutionUtils.performSubstitution(70) |2026-06-19 08:49:42,017| Handling substitutions for tag encounterProviderAndRole
DEBUG - HtmlFormSubstitutionUtils.performSubstitution(82) |2026-06-19 08:49:42,017| substitution pattern: <encounterProviderAndRole(?:\s|\s[^>]*\s)default
DEBUG - HtmlFormSubstitutionUtils.performSubstitution(82) |2026-06-19 08:49:42,017| substitution pattern: <encounterProviderAndRole(?:\s|\s[^>]*\s)encounterRole
DEBUG - HtmlFormSubstitutionUtils.performSubstitution(82) |2026-06-19 08:49:42,017| substitution pattern: <encounterProviderAndRole(?:\s|\s[^>]*\s)required
DEBUG - HtmlFormSubstitutionUtils.performSubstitution(70) |2026-06-19 08:49:42,017| Handling substitutions for tag obsgroup
DEBUG - HtmlFormSubstitutionUtils.performSubstitution(82) |2026-06-19 08:49:42,017| substitution pattern: <obsgroup(?:\s|\s[^>]*\s)groupingConceptId
DEBUG - HtmlFormSubstitutionUtils.performSubstitution(70) |2026-06-19 08:49:42,017| Handling substitutions for tag encounterDate
DEBUG - HtmlFormSubstitutionUtils.performSubstitution(70) |2026-06-19 08:49:42,017| Handling substitutions for tag encounterProvider
DEBUG - HtmlFormSubstitutionUtils.performSubstitution(82) |2026-06-19 08:49:42,018| substitution pattern: <encounterProvider(?:\s|\s[^>]*\s)default
DEBUG - HtmlFormSubstitutionUtils.performSubstitution(82) |2026-06-19 08:49:42,018| substitution pattern: <encounterProvider(?:\s|\s[^>]*\s)role
DEBUG - HtmlFormSubstitutionUtils.performSubstitution(82) |2026-06-19 08:49:42,018| substitution pattern: <encounterProvider(?:\s|\s[^>]*\s)required
DEBUG - HtmlFormSubstitutionUtils.performSubstitution(70) |2026-06-19 08:49:42,018| Handling substitutions for tag encounterLocation
DEBUG - HtmlFormSubstitutionUtils.performSubstitution(82) |2026-06-19 08:49:42,018| substitution pattern: <encounterLocation(?:\s|\s[^>]*\s)order
DEBUG - HtmlFormSubstitutionUtils.performSubstitution(82) |2026-06-19 08:49:42,018| substitution pattern: <encounterLocation(?:\s|\s[^>]*\s)default
DEBUG - HtmlFormSubstitutionUtils.performSubstitution(82) |2026-06-19 08:49:42,018| substitution pattern: <encounterLocation(?:\s|\s[^>]*\s)tags
DEBUG - HtmlFormSubstitutionUtils.performSubstitution(82) |2026-06-19 08:49:42,018| substitution pattern: <encounterLocation(?:\s|\s[^>]*\s)required
DEBUG - HtmlFormSubstitutionUtils.performSubstitution(70) |2026-06-19 08:49:42,018| Handling substitutions for tag encounterVoided
DEBUG - HtmlFormSubstitutionUtils.performSubstitution(70) |2026-06-19 08:49:42,018| Handling substitutions for tag enrollInProgram
DEBUG - HtmlFormSubstitutionUtils.performSubstitution(82) |2026-06-19 08:49:42,018| substitution pattern: <enrollInProgram(?:\s|\s[^>]*\s)programId
DEBUG - HtmlFormSubstitutionUtils.performSubstitution(82) |2026-06-19 08:49:42,022| substitution pattern: <enrollInProgram(?:\s|\s[^>]*\s)stateIds
DEBUG - HtmlFormSubstitutionUtils.performSubstitution(70) |2026-06-19 08:49:42,022| Handling substitutions for tag completeProgram
DEBUG - HtmlFormSubstitutionUtils.performSubstitution(82) |2026-06-19 08:49:42,022| substitution pattern: <completeProgram(?:\s|\s[^>]*\s)programId
DEBUG - HtmlFormSubstitutionUtils.performSubstitution(70) |2026-06-19 08:49:42,022| Handling substitutions for tag section
DEBUG - HtmlFormSubstitutionUtils.performSubstitution(70) |2026-06-19 08:49:42,022| Handling substitutions for tag lookup
DEBUG - HtmlFormSubstitutionUtils.performSubstitution(70) |2026-06-19 08:49:42,022| Handling substitutions for tag submit
DEBUG - HtmlFormSubstitutionUtils.performSubstitution(70) |2026-06-19 08:49:42,022| Handling substitutions for tag patient
DEBUG - HtmlFormSubstitutionUtils.performSubstitution(82) |2026-06-19 08:49:42,023| substitution pattern: <patient(?:\s|\s[^>]*\s)identifierTypeId
DEBUG - HtmlFormSubstitutionUtils.performSubstitution(70) |2026-06-19 08:49:42,023| Handling substitutions for tag drugOrder
DEBUG - HtmlFormSubstitutionUtils.performSubstitution(82) |2026-06-19 08:49:42,023| substitution pattern: <drugOrder(?:\s|\s[^>]*\s)drugNames
DEBUG - HtmlFormSubstitutionUtils.performSubstitution(82) |2026-06-19 08:49:42,023| substitution pattern: <drugOrder(?:\s|\s[^>]*\s)discontinuedReasonConceptId
DEBUG - HtmlFormSubstitutionUtils.performSubstitution(82) |2026-06-19 08:49:42,023| substitution pattern: <drugOrder(?:\s|\s[^>]*\s)discontinueReasonAnswers
DEBUG - HtmlFormSubstitutionUtils.performSubstitution(70) |2026-06-19 08:49:42,023| Handling substitutions for tag relationship
DEBUG - HtmlFormSubstitutionUtils.performSubstitution(82) |2026-06-19 08:49:42,023| substitution pattern: <relationship(?:\s|\s[^>]*\s)type
DEBUG - HtmlFormSubstitutionUtils.performSubstitution(70) |2026-06-19 08:49:42,023| Handling substitutions for tag workflowState
DEBUG - HtmlFormSubstitutionUtils.performSubstitution(82) |2026-06-19 08:49:42,023| substitution pattern: <workflowState(?:\s|\s[^>]*\s)workflowId
DEBUG - HtmlFormSubstitutionUtils.performSubstitution(82) |2026-06-19 08:49:42,023| substitution pattern: <workflowState(?:\s|\s[^>]*\s)stateIds
DEBUG - HtmlFormSubstitutionUtils.performSubstitution(82) |2026-06-19 08:49:42,023| substitution pattern: <workflowState(?:\s|\s[^>]*\s)stateId
DEBUG - HtmlFormSubstitutionUtils.performSubstitution(70) |2026-06-19 08:49:42,023| Handling substitutions for tag standardRegimen
DEBUG - HtmlFormSubstitutionUtils.performSubstitution(82) |2026-06-19 08:49:42,024| substitution pattern: <standardRegimen(?:\s|\s[^>]*\s)discontinuedReasonConceptId
DEBUG - HtmlFormSubstitutionUtils.performSubstitution(82) |2026-06-19 08:49:42,024| substitution pattern: <standardRegimen(?:\s|\s[^>]*\s)discontinueReasonAnswers
DEBUG - HtmlFormSubstitutionUtils.performSubstitution(82) |2026-06-19 08:49:42,024| substitution pattern: <standardRegimen(?:\s|\s[^>]*\s)regimenCodes
DEBUG - HtmlFormSubstitutionUtils.performSubstitution(70) |2026-06-19 08:49:42,024| Handling substitutions for tag encounterType
DEBUG - HtmlFormSubstitutionUtils.performSubstitution(82) |2026-06-19 08:49:42,024| substitution pattern: <encounterType(?:\s|\s[^>]*\s)types
DEBUG - HtmlFormSubstitutionUtils.performSubstitution(82) |2026-06-19 08:49:42,024| substitution pattern: <encounterType(?:\s|\s[^>]*\s)default
DEBUG - HtmlFormSubstitutionUtils.performSubstitution(70) |2026-06-19 08:49:42,024| Handling substitutions for tag exitFromCare
DEBUG - HtmlFormSubstitutionUtils.performSubstitution(70) |2026-06-19 08:49:42,024| Handling substitutions for tag ifMode
DEBUG - HtmlFormSubstitutionUtils.performSubstitution(70) |2026-06-19 08:49:42,024| Handling substitutions for tag includeIf
DEBUG - HtmlFormSubstitutionUtils.performSubstitution(70) |2026-06-19 08:49:42,024| Handling substitutions for tag excludeIf
DEBUG - HtmlFormSubstitutionUtils.performSubstitution(70) |2026-06-19 08:49:42,024| Handling substitutions for tag redirectOnSave
DEBUG - HtmlFormSubstitutionUtils.performSubstitution(70) |2026-06-19 08:49:42,024| Handling substitutions for tag postSubmissionAction
DEBUG - HtmlFormSubstitutionUtils.performSubstitution(70) |2026-06-19 08:49:42,024| Handling substitutions for tag markPatientDead
DEBUG - HtmlFormSubstitutionUtils.performSubstitution(82) |2026-06-19 08:49:42,024| substitution pattern: <markPatientDead(?:\s|\s[^>]*\s)causeOfDeathFromObs
DEBUG - HtmlFormSubstitutionUtils.performSubstitution(70) |2026-06-19 08:49:42,025| Handling substitutions for tag immunization
DEBUG - HtmlFormSubstitutionUtils.performSubstitution(70) |2026-06-19 08:49:42,025| Handling substitutions for tag obsreference
DEBUG - HtmlFormSubstitutionUtils.performSubstitution(82) |2026-06-19 08:49:42,025| substitution pattern: <obsreference(?:\s|\s[^>]*\s)conceptId
DEBUG - HtmlFormSubstitutionUtils.performSubstitution(82) |2026-06-19 08:49:42,025| substitution pattern: <obsreference(?:\s|\s[^>]*\s)conceptIds
DEBUG - HtmlFormSubstitutionUtils.performSubstitution(82) |2026-06-19 08:49:42,025| substitution pattern: <obsreference(?:\s|\s[^>]*\s)answerConceptId
DEBUG - HtmlFormSubstitutionUtils.performSubstitution(82) |2026-06-19 08:49:42,025| substitution pattern: <obsreference(?:\s|\s[^>]*\s)answerDrugId
DEBUG - HtmlFormSubstitutionUtils.performSubstitution(82) |2026-06-19 08:49:42,026| substitution pattern: <obsreference(?:\s|\s[^>]*\s)answerConceptIds
DEBUG - HtmlFormSubstitutionUtils.performSubstitution(82) |2026-06-19 08:49:42,026| substitution pattern: <obsreference(?:\s|\s[^>]*\s)answerLocationTags
DEBUG - HtmlFormSubstitutionUtils.performSubstitution(70) |2026-06-19 08:49:42,026| Handling substitutions for tag condition
DEBUG - HtmlFormExporter.calculateDependencies(106) |2026-06-19 08:49:42,029| Handling dependencies for tag obs
DEBUG - HtmlFormExporter.calculateDependencies(118) |2026-06-19 08:49:42,029| dependency substitution pattern: <obs(?:\s|\s[^>]*\s)conceptId="(.*?)"
DEBUG - HtmlFormExporter.calculateDependencies(118) |2026-06-19 08:49:42,032| dependency substitution pattern: <obs(?:\s|\s[^>]*\s)conceptIds="(.*?)"
DEBUG - HtmlFormExporter.calculateDependencies(118) |2026-06-19 08:49:42,032| dependency substitution pattern: <obs(?:\s|\s[^>]*\s)answerConceptId="(.*?)"
DEBUG - HtmlFormExporter.calculateDependencies(118) |2026-06-19 08:49:42,033| dependency substitution pattern: <obs(?:\s|\s[^>]*\s)answerDrugId="(.*?)"
DEBUG - HtmlFormExporter.calculateDependencies(118) |2026-06-19 08:49:42,033| dependency substitution pattern: <obs(?:\s|\s[^>]*\s)answerConceptIds="(.*?)"
DEBUG - HtmlFormExporter.calculateDependencies(118) |2026-06-19 08:49:42,036| dependency substitution pattern: <obs(?:\s|\s[^>]*\s)answerLocationTags="(.*?)"
DEBUG - HtmlFormExporter.calculateDependencies(106) |2026-06-19 08:49:42,036| Handling dependencies for tag controls
DEBUG - HtmlFormExporter.calculateDependencies(106) |2026-06-19 08:49:42,036| Handling dependencies for tag when
DEBUG - HtmlFormExporter.calculateDependencies(106) |2026-06-19 08:49:42,036| Handling dependencies for tag encounterProviderAndRole
DEBUG - HtmlFormExporter.calculateDependencies(118) |2026-06-19 08:49:42,036| dependency substitution pattern: <encounterProviderAndRole(?:\s|\s[^>]*\s)default="(.*?)"
DEBUG - HtmlFormExporter.calculateDependencies(118) |2026-06-19 08:49:42,036| dependency substitution pattern: <encounterProviderAndRole(?:\s|\s[^>]*\s)encounterRole="(.*?)"
DEBUG - HtmlFormExporter.calculateDependencies(118) |2026-06-19 08:49:42,037| dependency substitution pattern: <encounterProviderAndRole(?:\s|\s[^>]*\s)required="(.*?)"
DEBUG - HtmlFormExporter.calculateDependencies(106) |2026-06-19 08:49:42,037| Handling dependencies for tag obsgroup
DEBUG - HtmlFormExporter.calculateDependencies(118) |2026-06-19 08:49:42,037| dependency substitution pattern: <obsgroup(?:\s|\s[^>]*\s)groupingConceptId="(.*?)"
DEBUG - HtmlFormExporter.calculateDependencies(106) |2026-06-19 08:49:42,038| Handling dependencies for tag encounterDate
DEBUG - HtmlFormExporter.calculateDependencies(106) |2026-06-19 08:49:42,038| Handling dependencies for tag encounterProvider
DEBUG - HtmlFormExporter.calculateDependencies(118) |2026-06-19 08:49:42,038| dependency substitution pattern: <encounterProvider(?:\s|\s[^>]*\s)default="(.*?)"
DEBUG - HtmlFormExporter.calculateDependencies(118) |2026-06-19 08:49:42,039| dependency substitution pattern: <encounterProvider(?:\s|\s[^>]*\s)role="(.*?)"
ERROR - HibernateHtmlFormEntryDAO.getItemByName(143) |2026-06-19 08:49:42,039| Error fetching item by name:org.hibernate.QueryException: could not resolve property: name of: org.openmrs.Role
ERROR - HibernateHtmlFormEntryDAO.getItemByName(143) |2026-06-19 08:49:42,040| Error fetching item by name:org.hibernate.QueryException: could not resolve property: name of: org.openmrs.Role
DEBUG - HtmlFormExporter.calculateDependencies(118) |2026-06-19 08:49:42,040| dependency substitution pattern: <encounterProvider(?:\s|\s[^>]*\s)required="(.*?)"
DEBUG - HtmlFormExporter.calculateDependencies(106) |2026-06-19 08:49:42,041| Handling dependencies for tag encounterLocation
DEBUG - HtmlFormExporter.calculateDependencies(118) |2026-06-19 08:49:42,041| dependency substitution pattern: <encounterLocation(?:\s|\s[^>]*\s)order="(.*?)"
DEBUG - HtmlFormExporter.calculateDependencies(118) |2026-06-19 08:49:42,043| dependency substitution pattern: <encounterLocation(?:\s|\s[^>]*\s)default="(.*?)"
DEBUG - HtmlFormExporter.calculateDependencies(118) |2026-06-19 08:49:42,044| dependency substitution pattern: <encounterLocation(?:\s|\s[^>]*\s)tags="(.*?)"
DEBUG - HtmlFormExporter.calculateDependencies(118) |2026-06-19 08:49:42,045| dependency substitution pattern: <encounterLocation(?:\s|\s[^>]*\s)required="(.*?)"
DEBUG - HtmlFormExporter.calculateDependencies(106) |2026-06-19 08:49:42,045| Handling dependencies for tag encounterVoided
DEBUG - HtmlFormExporter.calculateDependencies(106) |2026-06-19 08:49:42,045| Handling dependencies for tag enrollInProgram
DEBUG - HtmlFormExporter.calculateDependencies(118) |2026-06-19 08:49:42,045| dependency substitution pattern: <enrollInProgram(?:\s|\s[^>]*\s)programId="(.*?)"
DEBUG - HtmlFormExporter.calculateDependencies(118) |2026-06-19 08:49:42,046| dependency substitution pattern: <enrollInProgram(?:\s|\s[^>]*\s)stateIds="(.*?)"
DEBUG - HtmlFormExporter.calculateDependencies(106) |2026-06-19 08:49:42,049| Handling dependencies for tag completeProgram
DEBUG - HtmlFormExporter.calculateDependencies(118) |2026-06-19 08:49:42,049| dependency substitution pattern: <completeProgram(?:\s|\s[^>]*\s)programId="(.*?)"
DEBUG - HtmlFormExporter.calculateDependencies(106) |2026-06-19 08:49:42,049| Handling dependencies for tag section
DEBUG - HtmlFormExporter.calculateDependencies(106) |2026-06-19 08:49:42,049| Handling dependencies for tag lookup
DEBUG - HtmlFormExporter.calculateDependencies(106) |2026-06-19 08:49:42,049| Handling dependencies for tag submit
DEBUG - HtmlFormExporter.calculateDependencies(106) |2026-06-19 08:49:42,049| Handling dependencies for tag patient
DEBUG - HtmlFormExporter.calculateDependencies(118) |2026-06-19 08:49:42,049| dependency substitution pattern: <patient(?:\s|\s[^>]*\s)identifierTypeId="(.*?)"
DEBUG - HtmlFormExporter.calculateDependencies(106) |2026-06-19 08:49:42,050| Handling dependencies for tag drugOrder
DEBUG - HtmlFormExporter.calculateDependencies(118) |2026-06-19 08:49:42,051| dependency substitution pattern: <drugOrder(?:\s|\s[^>]*\s)drugNames="(.*?)"
DEBUG - HtmlFormExporter.calculateDependencies(118) |2026-06-19 08:49:42,054| dependency substitution pattern: <drugOrder(?:\s|\s[^>]*\s)discontinuedReasonConceptId="(.*?)"
DEBUG - HtmlFormExporter.calculateDependencies(118) |2026-06-19 08:49:42,056| dependency substitution pattern: <drugOrder(?:\s|\s[^>]*\s)discontinueReasonAnswers="(.*?)"
DEBUG - HtmlFormExporter.calculateDependencies(106) |2026-06-19 08:49:42,056| Handling dependencies for tag relationship
DEBUG - HtmlFormExporter.calculateDependencies(118) |2026-06-19 08:49:42,056| dependency substitution pattern: <relationship(?:\s|\s[^>]*\s)type="(.*?)"
DEBUG - HtmlFormExporter.calculateDependencies(106) |2026-06-19 08:49:42,056| Handling dependencies for tag workflowState
DEBUG - HtmlFormExporter.calculateDependencies(118) |2026-06-19 08:49:42,056| dependency substitution pattern: <workflowState(?:\s|\s[^>]*\s)workflowId="(.*?)"
ERROR - HibernateHtmlFormEntryDAO.getItemByName(143) |2026-06-19 08:49:42,058| Error fetching item by name:org.hibernate.QueryException: could not resolve property: name of: org.openmrs.ProgramWorkflow
DEBUG - HtmlFormExporter.calculateDependencies(118) |2026-06-19 08:49:42,060| dependency substitution pattern: <workflowState(?:\s|\s[^>]*\s)stateIds="(.*?)"
ERROR - HibernateHtmlFormEntryDAO.getItemByName(143) |2026-06-19 08:49:42,063| Error fetching item by name:org.hibernate.QueryException: could not resolve property: name of: org.openmrs.ProgramWorkflowState
DEBUG - HtmlFormExporter.calculateDependencies(118) |2026-06-19 08:49:42,063| dependency substitution pattern: <workflowState(?:\s|\s[^>]*\s)stateId="(.*?)"
DEBUG - HtmlFormExporter.calculateDependencies(106) |2026-06-19 08:49:42,065| Handling dependencies for tag standardRegimen
DEBUG - HtmlFormExporter.calculateDependencies(118) |2026-06-19 08:49:42,065| dependency substitution pattern: <standardRegimen(?:\s|\s[^>]*\s)discontinuedReasonConceptId="(.*?)"
DEBUG - HtmlFormExporter.calculateDependencies(118) |2026-06-19 08:49:42,065| dependency substitution pattern: <standardRegimen(?:\s|\s[^>]*\s)discontinueReasonAnswers="(.*?)"
DEBUG - HtmlFormExporter.calculateDependencies(118) |2026-06-19 08:49:42,065| dependency substitution pattern: <standardRegimen(?:\s|\s[^>]*\s)regimenCodes="(.*?)"
DEBUG - HtmlFormExporter.calculateDependencies(106) |2026-06-19 08:49:42,065| Handling dependencies for tag encounterType
DEBUG - HtmlFormExporter.calculateDependencies(118) |2026-06-19 08:49:42,065| dependency substitution pattern: <encounterType(?:\s|\s[^>]*\s)types="(.*?)"
DEBUG - HtmlFormExporter.calculateDependencies(118) |2026-06-19 08:49:42,065| dependency substitution pattern: <encounterType(?:\s|\s[^>]*\s)default="(.*?)"
DEBUG - HtmlFormExporter.calculateDependencies(106) |2026-06-19 08:49:42,066| Handling dependencies for tag exitFromCare
DEBUG - HtmlFormExporter.calculateDependencies(106) |2026-06-19 08:49:42,066| Handling dependencies for tag ifMode
DEBUG - HtmlFormExporter.calculateDependencies(106) |2026-06-19 08:49:42,066| Handling dependencies for tag includeIf
DEBUG - HtmlFormExporter.calculateDependencies(106) |2026-06-19 08:49:42,066| Handling dependencies for tag excludeIf
DEBUG - HtmlFormExporter.calculateDependencies(106) |2026-06-19 08:49:42,066| Handling dependencies for tag redirectOnSave
DEBUG - HtmlFormExporter.calculateDependencies(106) |2026-06-19 08:49:42,066| Handling dependencies for tag postSubmissionAction
DEBUG - HtmlFormExporter.calculateDependencies(106) |2026-06-19 08:49:42,066| Handling dependencies for tag markPatientDead
DEBUG - HtmlFormExporter.calculateDependencies(118) |2026-06-19 08:49:42,066| dependency substitution pattern: <markPatientDead(?:\s|\s[^>]*\s)causeOfDeathFromObs="(.*?)"
DEBUG - HtmlFormExporter.calculateDependencies(106) |2026-06-19 08:49:42,066| Handling dependencies for tag immunization
DEBUG - HtmlFormExporter.calculateDependencies(106) |2026-06-19 08:49:42,067| Handling dependencies for tag obsreference
DEBUG - HtmlFormExporter.calculateDependencies(118) |2026-06-19 08:49:42,067| dependency substitution pattern: <obsreference(?:\s|\s[^>]*\s)conceptId="(.*?)"
DEBUG - HtmlFormExporter.calculateDependencies(118) |2026-06-19 08:49:42,067| dependency substitution pattern: <obsreference(?:\s|\s[^>]*\s)conceptIds="(.*?)"
DEBUG - HtmlFormExporter.calculateDependencies(118) |2026-06-19 08:49:42,067| dependency substitution pattern: <obsreference(?:\s|\s[^>]*\s)answerConceptId="(.*?)"
DEBUG - HtmlFormExporter.calculateDependencies(118) |2026-06-19 08:49:42,067| dependency substitution pattern: <obsreference(?:\s|\s[^>]*\s)answerDrugId="(.*?)"
DEBUG - HtmlFormExporter.calculateDependencies(118) |2026-06-19 08:49:42,067| dependency substitution pattern: <obsreference(?:\s|\s[^>]*\s)answerConceptIds="(.*?)"
DEBUG - HtmlFormExporter.calculateDependencies(118) |2026-06-19 08:49:42,067| dependency substitution pattern: <obsreference(?:\s|\s[^>]*\s)answerLocationTags="(.*?)"
DEBUG - HtmlFormExporter.calculateDependencies(106) |2026-06-19 08:49:42,067| Handling dependencies for tag condition
]]></system-out>
  </testcase>
</testsuite>