<?xml version="1.0" encoding="UTF-8"?>
<testsuite xmlns:xsi="http://www.w3.org/2001/XMLSchema-instance" xsi:noNamespaceSchemaLocation="https://maven.apache.org/surefire/maven-surefire-plugin/xsd/surefire-test-report.xsd" version="3.0.2" name="org.openmrs.module.htmlformentry.WorkflowStateTagTest" time="16.691" tests="58" errors="0" skipped="0" failures="0">
  <properties>
[...]
</properties>
  <testcase name="shouldDisplayDropdownIfDropdownStyle" classname="org.openmrs.module.htmlformentry.WorkflowStateTagTest" time="0.277">
    <system-out><![CDATA[INFO - FormEntrySession.<init>(146) |2026-06-19 08:49:46,825| AUDIT | action=FORM_OPEN | userId=1 | patientId=2 | mode=ENTER
]]></system-out>
  </testcase>
  <testcase name="shouldFailIfNoStatesAndStateLabel" classname="org.openmrs.module.htmlformentry.WorkflowStateTagTest" time="0.266">
    <system-out><![CDATA[INFO - FormEntrySession.<init>(146) |2026-06-19 08:49:47,094| AUDIT | action=FORM_OPEN | userId=1 | patientId=2 | mode=ENTER
]]></system-out>
  </testcase>
  <testcase name="shouldDisplayStateSpecifiedByMapping" classname="org.openmrs.module.htmlformentry.WorkflowStateTagTest" time="0.274">
    <system-out><![CDATA[INFO - FormEntrySession.<init>(146) |2026-06-19 08:49:47,365| AUDIT | action=FORM_OPEN | userId=1 | patientId=2 | mode=ENTER
]]></system-out>
  </testcase>
  <testcase name="shouldFailIfStateIdsAndStateLabel" classname="org.openmrs.module.htmlformentry.WorkflowStateTagTest" time="0.291">
    <system-out><![CDATA[INFO - FormEntrySession.<init>(146) |2026-06-19 08:49:47,654| AUDIT | action=FORM_OPEN | userId=1 | patientId=2 | mode=ENTER
]]></system-out>
  </testcase>
  <testcase name="shouldDisplayAllStatesIfInInitialState" classname="org.openmrs.module.htmlformentry.WorkflowStateTagTest" time="0.276">
    <system-out><![CDATA[INFO - FormEntrySession.<init>(146) |2026-06-19 08:49:47,934| AUDIT | action=FORM_OPEN | userId=1 | patientId=2 | mode=ENTER
]]></system-out>
  </testcase>
  <testcase name="shouldNotEnrollInProgramOnEditIfPatientAlreadyEnrolledInProgram" classname="org.openmrs.module.htmlformentry.WorkflowStateTagTest" time="0.329">
    <system-out><![CDATA[INFO - FormEntrySession.<init>(146) |2026-06-19 08:49:48,205| AUDIT | action=FORM_OPEN | userId=1 | patientId=2 | mode=ENTER
INFO - FormEntrySession.applyActions(575) |2026-06-19 08:49:48,229| AUDIT | action=ENCOUNTER_CREATE | userId=1 | patientId=2 | encounterId=3009 | formId=null
INFO - FormEntrySession.<init>(146) |2026-06-19 08:49:48,233| AUDIT | action=FORM_OPEN | userId=1 | patientId=2 | mode=EDIT
INFO - FormEntrySession.applyActions(698) |2026-06-19 08:49:48,263| AUDIT | action=ENCOUNTER_EDIT | userId=1 | patientId=2 | encounterId=3009 | formId=null
]]></system-out>
  </testcase>
  <testcase name="shouldTransitonToStateInBetweenStates" classname="org.openmrs.module.htmlformentry.WorkflowStateTagTest" time="0.371">
    <system-out><![CDATA[INFO - FormEntrySession.<init>(146) |2026-06-19 08:49:48,558| AUDIT | action=FORM_OPEN | userId=1 | patientId=2 | mode=ENTER
INFO - FormEntrySession.applyActions(575) |2026-06-19 08:49:48,588| AUDIT | action=ENCOUNTER_CREATE | userId=1 | patientId=2 | encounterId=3010 | formId=null
INFO - FormEntrySession.<init>(146) |2026-06-19 08:49:48,598| AUDIT | action=FORM_OPEN | userId=1 | patientId=2 | mode=VIEW
INFO - FormEntrySession.<init>(146) |2026-06-19 08:49:48,616| AUDIT | action=FORM_OPEN | userId=1 | patientId=2 | mode=EDIT
INFO - FormEntrySession.applyActions(698) |2026-06-19 08:49:48,646| AUDIT | action=ENCOUNTER_EDIT | userId=1 | patientId=2 | encounterId=3010 | formId=null
]]></system-out>
  </testcase>
  <testcase name="shouldTransitionToStateAfterCurrent" classname="org.openmrs.module.htmlformentry.WorkflowStateTagTest" time="0.318">
    <system-out><![CDATA[INFO - FormEntrySession.<init>(146) |2026-06-19 08:49:48,906| AUDIT | action=FORM_OPEN | userId=1 | patientId=2 | mode=ENTER
INFO - FormEntrySession.applyActions(575) |2026-06-19 08:49:48,934| AUDIT | action=ENCOUNTER_CREATE | userId=1 | patientId=2 | encounterId=3011 | formId=null
]]></system-out>
  </testcase>
  <testcase name="shouldFailIfNoStatesAndStateLabels" classname="org.openmrs.module.htmlformentry.WorkflowStateTagTest" time="0.266">
    <system-out><![CDATA[INFO - FormEntrySession.<init>(146) |2026-06-19 08:49:49,221| AUDIT | action=FORM_OPEN | userId=1 | patientId=2 | mode=ENTER
]]></system-out>
  </testcase>
  <testcase name="shouldNotDisplayRetiredStates" classname="org.openmrs.module.htmlformentry.WorkflowStateTagTest" time="0.28">
    <system-out><![CDATA[INFO - FormEntrySession.<init>(146) |2026-06-19 08:49:49,500| AUDIT | action=FORM_OPEN | userId=1 | patientId=2 | mode=ENTER
]]></system-out>
  </testcase>
  <testcase name="checkboxShouldNotAppearCheckedIfNotCurrentlyInSpecifiedState" classname="org.openmrs.module.htmlformentry.WorkflowStateTagTest" time="0.273">
    <system-out><![CDATA[INFO - FormEntrySession.<init>(146) |2026-06-19 08:49:49,769| AUDIT | action=FORM_OPEN | userId=1 | patientId=2 | mode=ENTER
]]></system-out>
  </testcase>
  <testcase name="shouldFailIfSpecifiedDifferentProgramState" classname="org.openmrs.module.htmlformentry.WorkflowStateTagTest" time="0.296">
    <system-out><![CDATA[INFO - FormEntrySession.<init>(146) |2026-06-19 08:49:50,057| AUDIT | action=FORM_OPEN | userId=1 | patientId=2 | mode=ENTER
]]></system-out>
  </testcase>
  <testcase name="shouldDisplayOnlySpecifiedStatesGivenIds" classname="org.openmrs.module.htmlformentry.WorkflowStateTagTest" time="0.274">
    <system-out><![CDATA[INFO - FormEntrySession.<init>(146) |2026-06-19 08:49:50,342| AUDIT | action=FORM_OPEN | userId=1 | patientId=2 | mode=ENTER
]]></system-out>
  </testcase>
  <testcase name="shouldDisplayLabel" classname="org.openmrs.module.htmlformentry.WorkflowStateTagTest" time="0.261">
    <system-out><![CDATA[INFO - FormEntrySession.<init>(146) |2026-06-19 08:49:50,604| AUDIT | action=FORM_OPEN | userId=1 | patientId=2 | mode=ENTER
]]></system-out>
  </testcase>
  <testcase name="shouldFailIfNoStateIdAndCheckboxStyle" classname="org.openmrs.module.htmlformentry.WorkflowStateTagTest" time="0.257">
    <system-out><![CDATA[INFO - FormEntrySession.<init>(146) |2026-06-19 08:49:50,866| AUDIT | action=FORM_OPEN | userId=1 | patientId=2 | mode=ENTER
]]></system-out>
  </testcase>
  <testcase name="shouldFailIfInvalidStyle" classname="org.openmrs.module.htmlformentry.WorkflowStateTagTest" time="0.263">
    <system-out><![CDATA[INFO - FormEntrySession.<init>(146) |2026-06-19 08:49:51,129| AUDIT | action=FORM_OPEN | userId=1 | patientId=2 | mode=ENTER
]]></system-out>
  </testcase>
  <testcase name="shouldFailIfNotEnoughStateLabels" classname="org.openmrs.module.htmlformentry.WorkflowStateTagTest" time="0.261">
    <system-out><![CDATA[INFO - FormEntrySession.<init>(146) |2026-06-19 08:49:51,391| AUDIT | action=FORM_OPEN | userId=1 | patientId=2 | mode=ENTER
]]></system-out>
  </testcase>
  <testcase name="checkboxShouldSetPatientInState" classname="org.openmrs.module.htmlformentry.WorkflowStateTagTest" time="0.332">
    <system-out><![CDATA[INFO - FormEntrySession.<init>(146) |2026-06-19 08:49:51,672| AUDIT | action=FORM_OPEN | userId=1 | patientId=2 | mode=ENTER
INFO - FormEntrySession.applyActions(575) |2026-06-19 08:49:51,707| AUDIT | action=ENCOUNTER_CREATE | userId=1 | patientId=2 | encounterId=3012 | formId=null
INFO - FormEntrySession.<init>(146) |2026-06-19 08:49:51,712| AUDIT | action=FORM_OPEN | userId=1 | patientId=2 | mode=VIEW
]]></system-out>
  </testcase>
  <testcase name="checkboxShouldAppearCheckedIfCurrentlyInSpecifiedState" classname="org.openmrs.module.htmlformentry.WorkflowStateTagTest" time="0.275">
    <system-out><![CDATA[INFO - FormEntrySession.<init>(146) |2026-06-19 08:49:51,989| AUDIT | action=FORM_OPEN | userId=1 | patientId=2 | mode=ENTER
]]></system-out>
  </testcase>
  <testcase name="shouldDisplayDropdownIfNoStyle" classname="org.openmrs.module.htmlformentry.WorkflowStateTagTest" time="0.262">
    <system-out><![CDATA[INFO - FormEntrySession.<init>(146) |2026-06-19 08:49:52,255| AUDIT | action=FORM_OPEN | userId=1 | patientId=2 | mode=ENTER
]]></system-out>
  </testcase>
  <testcase name="checkboxShouldNotRemovePatientInState" classname="org.openmrs.module.htmlformentry.WorkflowStateTagTest" time="0.303">
    <system-out><![CDATA[INFO - FormEntrySession.<init>(146) |2026-06-19 08:49:52,525| AUDIT | action=FORM_OPEN | userId=1 | patientId=2 | mode=ENTER
INFO - FormEntrySession.applyActions(575) |2026-06-19 08:49:52,551| AUDIT | action=ENCOUNTER_CREATE | userId=1 | patientId=2 | encounterId=3013 | formId=null
INFO - FormEntrySession.<init>(146) |2026-06-19 08:49:52,554| AUDIT | action=FORM_OPEN | userId=1 | patientId=2 | mode=VIEW
]]></system-out>
  </testcase>
  <testcase name="shouldFailIfAttemptingToShiftStateStartDatePastEndDate" classname="org.openmrs.module.htmlformentry.WorkflowStateTagTest" time="0.313">
    <system-out><![CDATA[INFO - FormEntrySession.<init>(146) |2026-06-19 08:49:52,831| AUDIT | action=FORM_OPEN | userId=1 | patientId=2 | mode=ENTER
INFO - FormEntrySession.applyActions(575) |2026-06-19 08:49:52,860| AUDIT | action=ENCOUNTER_CREATE | userId=1 | patientId=2 | encounterId=3014 | formId=null
INFO - FormEntrySession.<init>(146) |2026-06-19 08:49:52,860| AUDIT | action=FORM_OPEN | userId=1 | patientId=2 | mode=EDIT
]]></system-out>
  </testcase>
  <testcase name="shouldFailIfWorkflowIdMissing" classname="org.openmrs.module.htmlformentry.WorkflowStateTagTest" time="0.255">
    <system-out><![CDATA[INFO - FormEntrySession.<init>(146) |2026-06-19 08:49:53,132| AUDIT | action=FORM_OPEN | userId=1 | patientId=2 | mode=ENTER
]]></system-out>
  </testcase>
  <testcase name="shouldNotTransitionToSameState" classname="org.openmrs.module.htmlformentry.WorkflowStateTagTest" time="0.295">
    <system-out><![CDATA[INFO - FormEntrySession.<init>(146) |2026-06-19 08:49:53,402| AUDIT | action=FORM_OPEN | userId=1 | patientId=2 | mode=ENTER
INFO - FormEntrySession.applyActions(575) |2026-06-19 08:49:53,433| AUDIT | action=ENCOUNTER_CREATE | userId=1 | patientId=2 | encounterId=3015 | formId=null
]]></system-out>
  </testcase>
  <testcase name="shouldEndExistingStatesAsNeededWhenShiftingStateEarlier" classname="org.openmrs.module.htmlformentry.WorkflowStateTagTest" time="0.357">
    <system-out><![CDATA[INFO - FormEntrySession.<init>(146) |2026-06-19 08:49:53,688| AUDIT | action=FORM_OPEN | userId=1 | patientId=2 | mode=ENTER
INFO - FormEntrySession.applyActions(575) |2026-06-19 08:49:53,715| AUDIT | action=ENCOUNTER_CREATE | userId=1 | patientId=2 | encounterId=3016 | formId=null
INFO - FormEntrySession.<init>(146) |2026-06-19 08:49:53,719| AUDIT | action=FORM_OPEN | userId=1 | patientId=2 | mode=VIEW
INFO - FormEntrySession.<init>(146) |2026-06-19 08:49:53,740| AUDIT | action=FORM_OPEN | userId=1 | patientId=2 | mode=EDIT
INFO - FormEntrySession.applyActions(698) |2026-06-19 08:49:53,781| AUDIT | action=ENCOUNTER_EDIT | userId=1 | patientId=2 | encounterId=3016 | formId=null
]]></system-out>
  </testcase>
  <testcase name="hiddenTagShouldSetPatientInState" classname="org.openmrs.module.htmlformentry.WorkflowStateTagTest" time="0.307">
    <system-out><![CDATA[INFO - FormEntrySession.<init>(146) |2026-06-19 08:49:54,045| AUDIT | action=FORM_OPEN | userId=1 | patientId=2 | mode=ENTER
INFO - FormEntrySession.applyActions(575) |2026-06-19 08:49:54,072| AUDIT | action=ENCOUNTER_CREATE | userId=1 | patientId=2 | encounterId=3017 | formId=null
INFO - FormEntrySession.<init>(146) |2026-06-19 08:49:54,073| AUDIT | action=FORM_OPEN | userId=1 | patientId=2 | mode=EDIT
INFO - FormEntrySession.applyActions(698) |2026-06-19 08:49:54,097| AUDIT | action=ENCOUNTER_EDIT | userId=1 | patientId=2 | encounterId=3017 | formId=null
]]></system-out>
  </testcase>
  <testcase name="shouldNotTransitionIfNotAnswered" classname="org.openmrs.module.htmlformentry.WorkflowStateTagTest" time="0.321">
    <system-out><![CDATA[INFO - FormEntrySession.<init>(146) |2026-06-19 08:49:54,356| AUDIT | action=FORM_OPEN | userId=1 | patientId=2 | mode=ENTER
INFO - FormEntrySession.applyActions(575) |2026-06-19 08:49:54,384| AUDIT | action=ENCOUNTER_CREATE | userId=1 | patientId=2 | encounterId=3018 | formId=null
INFO - FormEntrySession.<init>(146) |2026-06-19 08:49:54,386| AUDIT | action=FORM_OPEN | userId=1 | patientId=2 | mode=VIEW
INFO - FormEntrySession.<init>(146) |2026-06-19 08:49:54,399| AUDIT | action=FORM_OPEN | userId=1 | patientId=2 | mode=EDIT
INFO - FormEntrySession.applyActions(698) |2026-06-19 08:49:54,421| AUDIT | action=ENCOUNTER_EDIT | userId=1 | patientId=2 | encounterId=3018 | formId=null
]]></system-out>
  </testcase>
  <testcase name="shouldFailIfSpecifiedInvalidStates" classname="org.openmrs.module.htmlformentry.WorkflowStateTagTest" time="0.259">
    <system-out><![CDATA[INFO - FormEntrySession.<init>(146) |2026-06-19 08:49:54,668| AUDIT | action=FORM_OPEN | userId=1 | patientId=2 | mode=ENTER
]]></system-out>
  </testcase>
  <testcase name="shouldDisplayOnlyInitialStateIfNotEnrolled" classname="org.openmrs.module.htmlformentry.WorkflowStateTagTest" time="0.261">
    <system-out><![CDATA[INFO - FormEntrySession.<init>(146) |2026-06-19 08:49:54,928| AUDIT | action=FORM_OPEN | userId=1 | patientId=2 | mode=ENTER
]]></system-out>
  </testcase>
  <testcase name="shouldAllowToEditStateWithSameDate" classname="org.openmrs.module.htmlformentry.WorkflowStateTagTest" time="0.335">
    <system-out><![CDATA[INFO - FormEntrySession.<init>(146) |2026-06-19 08:49:55,201| AUDIT | action=FORM_OPEN | userId=1 | patientId=2 | mode=ENTER
INFO - FormEntrySession.applyActions(575) |2026-06-19 08:49:55,232| AUDIT | action=ENCOUNTER_CREATE | userId=1 | patientId=2 | encounterId=3019 | formId=null
INFO - FormEntrySession.<init>(146) |2026-06-19 08:49:55,236| AUDIT | action=FORM_OPEN | userId=1 | patientId=2 | mode=VIEW
INFO - FormEntrySession.<init>(146) |2026-06-19 08:49:55,250| AUDIT | action=FORM_OPEN | userId=1 | patientId=2 | mode=EDIT
INFO - FormEntrySession.applyActions(698) |2026-06-19 08:49:55,273| AUDIT | action=ENCOUNTER_EDIT | userId=1 | patientId=2 | encounterId=3019 | formId=null
]]></system-out>
  </testcase>
  <testcase name="shouldMoveProgramEnrollmentAndProgramStateStartEarlier" classname="org.openmrs.module.htmlformentry.WorkflowStateTagTest" time="0.323">
    <system-out><![CDATA[INFO - FormEntrySession.<init>(146) |2026-06-19 08:49:55,525| AUDIT | action=FORM_OPEN | userId=1 | patientId=2 | mode=ENTER
INFO - FormEntrySession.applyActions(575) |2026-06-19 08:49:55,553| AUDIT | action=ENCOUNTER_CREATE | userId=1 | patientId=2 | encounterId=3020 | formId=null
INFO - FormEntrySession.<init>(146) |2026-06-19 08:49:55,556| AUDIT | action=FORM_OPEN | userId=1 | patientId=2 | mode=VIEW
INFO - FormEntrySession.<init>(146) |2026-06-19 08:49:55,570| AUDIT | action=FORM_OPEN | userId=1 | patientId=2 | mode=EDIT
INFO - FormEntrySession.applyActions(698) |2026-06-19 08:49:55,594| AUDIT | action=ENCOUNTER_EDIT | userId=1 | patientId=2 | encounterId=3020 | formId=null
]]></system-out>
  </testcase>
  <testcase name="shouldFailIfNoStateIdAndHiddenStyle" classname="org.openmrs.module.htmlformentry.WorkflowStateTagTest" time="0.257">
    <system-out><![CDATA[INFO - FormEntrySession.<init>(146) |2026-06-19 08:49:55,848| AUDIT | action=FORM_OPEN | userId=1 | patientId=2 | mode=ENTER
]]></system-out>
  </testcase>
  <testcase name="shouldFailIfStateIdAndStateLabels" classname="org.openmrs.module.htmlformentry.WorkflowStateTagTest" time="0.262">
    <system-out><![CDATA[INFO - FormEntrySession.<init>(146) |2026-06-19 08:49:56,109| AUDIT | action=FORM_OPEN | userId=1 | patientId=2 | mode=ENTER
]]></system-out>
  </testcase>
  <testcase name="shouldEnrollInProgramAndTransitionToState" classname="org.openmrs.module.htmlformentry.WorkflowStateTagTest" time="0.281">
    <system-out><![CDATA[INFO - FormEntrySession.<init>(146) |2026-06-19 08:49:56,367| AUDIT | action=FORM_OPEN | userId=1 | patientId=2 | mode=ENTER
INFO - FormEntrySession.applyActions(575) |2026-06-19 08:49:56,394| AUDIT | action=ENCOUNTER_CREATE | userId=1 | patientId=2 | encounterId=3021 | formId=null
]]></system-out>
  </testcase>
  <testcase name="shouldShiftExistingStateEndDateFowardAsNeededWhenShiftingStateLater" classname="org.openmrs.module.htmlformentry.WorkflowStateTagTest" time="0.314">
    <system-out><![CDATA[INFO - FormEntrySession.<init>(146) |2026-06-19 08:49:56,651| AUDIT | action=FORM_OPEN | userId=1 | patientId=2 | mode=ENTER
INFO - FormEntrySession.applyActions(575) |2026-06-19 08:49:56,676| AUDIT | action=ENCOUNTER_CREATE | userId=1 | patientId=2 | encounterId=3022 | formId=null
INFO - FormEntrySession.<init>(146) |2026-06-19 08:49:56,678| AUDIT | action=FORM_OPEN | userId=1 | patientId=2 | mode=EDIT
INFO - FormEntrySession.applyActions(698) |2026-06-19 08:49:56,703| AUDIT | action=ENCOUNTER_EDIT | userId=1 | patientId=2 | encounterId=3022 | formId=null
]]></system-out>
  </testcase>
  <testcase name="shouldTransitionToStateAfterCurrentOnTheSameDay" classname="org.openmrs.module.htmlformentry.WorkflowStateTagTest" time="0.39">
    <system-out><![CDATA[INFO - FormEntrySession.<init>(146) |2026-06-19 08:49:56,961| AUDIT | action=FORM_OPEN | userId=1 | patientId=2 | mode=ENTER
INFO - FormEntrySession.applyActions(575) |2026-06-19 08:49:56,987| AUDIT | action=ENCOUNTER_CREATE | userId=1 | patientId=2 | encounterId=3023 | formId=null
INFO - FormEntrySession.<init>(146) |2026-06-19 08:49:56,991| AUDIT | action=FORM_OPEN | userId=1 | patientId=2 | mode=VIEW
INFO - FormEntrySession.<init>(146) |2026-06-19 08:49:57,005| AUDIT | action=FORM_OPEN | userId=1 | patientId=2 | mode=EDIT
INFO - FormEntrySession.applyActions(698) |2026-06-19 08:49:57,029| AUDIT | action=ENCOUNTER_EDIT | userId=1 | patientId=2 | encounterId=3023 | formId=null
INFO - FormEntrySession.<init>(146) |2026-06-19 08:49:57,030| AUDIT | action=FORM_OPEN | userId=1 | patientId=2 | mode=ENTER
INFO - FormEntrySession.applyActions(575) |2026-06-19 08:49:57,053| AUDIT | action=ENCOUNTER_CREATE | userId=1 | patientId=2 | encounterId=3024 | formId=null
INFO - FormEntrySession.<init>(146) |2026-06-19 08:49:57,060| AUDIT | action=FORM_OPEN | userId=1 | patientId=2 | mode=VIEW
INFO - FormEntrySession.<init>(146) |2026-06-19 08:49:57,074| AUDIT | action=FORM_OPEN | userId=1 | patientId=2 | mode=EDIT
INFO - FormEntrySession.applyActions(698) |2026-06-19 08:49:57,102| AUDIT | action=ENCOUNTER_EDIT | userId=1 | patientId=2 | encounterId=3024 | formId=null
]]></system-out>
  </testcase>
  <testcase name="shouldTransitionFromNoStateToSelectedStateOnEdit" classname="org.openmrs.module.htmlformentry.WorkflowStateTagTest" time="0.331">
    <system-out><![CDATA[INFO - FormEntrySession.<init>(146) |2026-06-19 08:49:57,358| AUDIT | action=FORM_OPEN | userId=1 | patientId=2 | mode=ENTER
INFO - FormEntrySession.applyActions(575) |2026-06-19 08:49:57,393| AUDIT | action=ENCOUNTER_CREATE | userId=1 | patientId=2 | encounterId=3025 | formId=null
INFO - FormEntrySession.<init>(146) |2026-06-19 08:49:57,399| AUDIT | action=FORM_OPEN | userId=1 | patientId=2 | mode=EDIT
INFO - FormEntrySession.applyActions(698) |2026-06-19 08:49:57,432| AUDIT | action=ENCOUNTER_EDIT | userId=1 | patientId=2 | encounterId=3025 | formId=null
]]></system-out>
  </testcase>
  <testcase name="shouldDisplayIfSpecifiedStateAndHiddenStyle" classname="org.openmrs.module.htmlformentry.WorkflowStateTagTest" time="0.265">
    <system-out><![CDATA[INFO - FormEntrySession.<init>(146) |2026-06-19 08:49:57,688| AUDIT | action=FORM_OPEN | userId=1 | patientId=2 | mode=ENTER
]]></system-out>
  </testcase>
  <testcase name="shouldFailIfSpecifiedInvalidState" classname="org.openmrs.module.htmlformentry.WorkflowStateTagTest" time="0.263">
    <system-out><![CDATA[INFO - FormEntrySession.<init>(146) |2026-06-19 08:49:57,953| AUDIT | action=FORM_OPEN | userId=1 | patientId=2 | mode=ENTER
]]></system-out>
  </testcase>
  <testcase name="shouldFailIfStateLabelsAndStateLabel" classname="org.openmrs.module.htmlformentry.WorkflowStateTagTest" time="0.262">
    <system-out><![CDATA[INFO - FormEntrySession.<init>(146) |2026-06-19 08:49:58,217| AUDIT | action=FORM_OPEN | userId=1 | patientId=2 | mode=ENTER
]]></system-out>
  </testcase>
  <testcase name="shouldFailIfTooManyStateLabels" classname="org.openmrs.module.htmlformentry.WorkflowStateTagTest" time="0.272">
    <system-out><![CDATA[INFO - FormEntrySession.<init>(146) |2026-06-19 08:49:58,485| AUDIT | action=FORM_OPEN | userId=1 | patientId=2 | mode=ENTER
]]></system-out>
  </testcase>
  <testcase name="shouldDisplayOnlySpecifiedStates" classname="org.openmrs.module.htmlformentry.WorkflowStateTagTest" time="0.266">
    <system-out><![CDATA[INFO - FormEntrySession.<init>(146) |2026-06-19 08:49:58,751| AUDIT | action=FORM_OPEN | userId=1 | patientId=2 | mode=ENTER
]]></system-out>
  </testcase>
  <testcase name="shouldMoveProgramStateStartLater" classname="org.openmrs.module.htmlformentry.WorkflowStateTagTest" time="0.33">
    <system-out><![CDATA[INFO - FormEntrySession.<init>(146) |2026-06-19 08:49:59,013| AUDIT | action=FORM_OPEN | userId=1 | patientId=2 | mode=ENTER
INFO - FormEntrySession.applyActions(575) |2026-06-19 08:49:59,039| AUDIT | action=ENCOUNTER_CREATE | userId=1 | patientId=2 | encounterId=3026 | formId=null
INFO - FormEntrySession.<init>(146) |2026-06-19 08:49:59,042| AUDIT | action=FORM_OPEN | userId=1 | patientId=2 | mode=VIEW
INFO - FormEntrySession.<init>(146) |2026-06-19 08:49:59,062| AUDIT | action=FORM_OPEN | userId=1 | patientId=2 | mode=EDIT
INFO - FormEntrySession.applyActions(698) |2026-06-19 08:49:59,089| AUDIT | action=ENCOUNTER_EDIT | userId=1 | patientId=2 | encounterId=3026 | formId=null
]]></system-out>
  </testcase>
  <testcase name="shouldDisplayIfSpecifiedStateAndCheckboxStyle" classname="org.openmrs.module.htmlformentry.WorkflowStateTagTest" time="0.267">
    <system-out><![CDATA[INFO - FormEntrySession.<init>(146) |2026-06-19 08:49:59,346| AUDIT | action=FORM_OPEN | userId=1 | patientId=2 | mode=ENTER
]]></system-out>
  </testcase>
  <testcase name="shouldDisplayStateLabel" classname="org.openmrs.module.htmlformentry.WorkflowStateTagTest" time="0.258">
    <system-out><![CDATA[INFO - FormEntrySession.<init>(146) |2026-06-19 08:49:59,607| AUDIT | action=FORM_OPEN | userId=1 | patientId=2 | mode=ENTER
]]></system-out>
  </testcase>
  <testcase name="shouldTransitionToStateBeforeAnotherState" classname="org.openmrs.module.htmlformentry.WorkflowStateTagTest" time="0.298">
    <system-out><![CDATA[INFO - FormEntrySession.<init>(146) |2026-06-19 08:49:59,871| AUDIT | action=FORM_OPEN | userId=1 | patientId=2 | mode=ENTER
INFO - FormEntrySession.applyActions(575) |2026-06-19 08:49:59,897| AUDIT | action=ENCOUNTER_CREATE | userId=1 | patientId=2 | encounterId=3027 | formId=null
INFO - FormEntrySession.<init>(146) |2026-06-19 08:49:59,902| AUDIT | action=FORM_OPEN | userId=1 | patientId=2 | mode=VIEW
]]></system-out>
  </testcase>
  <testcase name="shouldRemoveExistingStatesAsNeededWhenShiftingStateEarlier" classname="org.openmrs.module.htmlformentry.WorkflowStateTagTest" time="0.327">
    <system-out><![CDATA[INFO - FormEntrySession.<init>(146) |2026-06-19 08:50:00,177| AUDIT | action=FORM_OPEN | userId=1 | patientId=2 | mode=ENTER
INFO - FormEntrySession.applyActions(575) |2026-06-19 08:50:00,206| AUDIT | action=ENCOUNTER_CREATE | userId=1 | patientId=2 | encounterId=3028 | formId=null
INFO - FormEntrySession.<init>(146) |2026-06-19 08:50:00,208| AUDIT | action=FORM_OPEN | userId=1 | patientId=2 | mode=EDIT
INFO - FormEntrySession.applyActions(698) |2026-06-19 08:50:00,236| AUDIT | action=ENCOUNTER_EDIT | userId=1 | patientId=2 | encounterId=3028 | formId=null
]]></system-out>
  </testcase>
  <testcase name="shouldDisplaySpecifiedStateWithWhitespaces" classname="org.openmrs.module.htmlformentry.WorkflowStateTagTest" time="0.254">
    <system-out><![CDATA[INFO - FormEntrySession.<init>(146) |2026-06-19 08:50:00,494| AUDIT | action=FORM_OPEN | userId=1 | patientId=2 | mode=ENTER
]]></system-out>
  </testcase>
  <testcase name="shouldTransitionToStateAfterAnotherState" classname="org.openmrs.module.htmlformentry.WorkflowStateTagTest" time="0.288">
    <system-out><![CDATA[INFO - FormEntrySession.<init>(146) |2026-06-19 08:50:00,751| AUDIT | action=FORM_OPEN | userId=1 | patientId=2 | mode=ENTER
INFO - FormEntrySession.applyActions(575) |2026-06-19 08:50:00,776| AUDIT | action=ENCOUNTER_CREATE | userId=1 | patientId=2 | encounterId=3029 | formId=null
]]></system-out>
  </testcase>
  <testcase name="shouldFailIfSpecifiedStateAndRadioStyle" classname="org.openmrs.module.htmlformentry.WorkflowStateTagTest" time="0.26">
    <system-out><![CDATA[INFO - FormEntrySession.<init>(146) |2026-06-19 08:50:01,038| AUDIT | action=FORM_OPEN | userId=1 | patientId=2 | mode=ENTER
]]></system-out>
  </testcase>
  <testcase name="shouldDisplayStateLabels" classname="org.openmrs.module.htmlformentry.WorkflowStateTagTest" time="0.264">
    <system-out><![CDATA[INFO - FormEntrySession.<init>(146) |2026-06-19 08:50:01,298| AUDIT | action=FORM_OPEN | userId=1 | patientId=2 | mode=ENTER
]]></system-out>
  </testcase>
  <testcase name="shouldFailIfSpecifiedDifferentProgramStates" classname="org.openmrs.module.htmlformentry.WorkflowStateTagTest" time="0.259">
    <system-out><![CDATA[INFO - FormEntrySession.<init>(146) |2026-06-19 08:50:01,558| AUDIT | action=FORM_OPEN | userId=1 | patientId=2 | mode=ENTER
]]></system-out>
  </testcase>
  <testcase name="shouldDisplayOnlySpecifiedStateAndDefaultToCheckbox" classname="org.openmrs.module.htmlformentry.WorkflowStateTagTest" time="0.264">
    <system-out><![CDATA[INFO - FormEntrySession.<init>(146) |2026-06-19 08:50:01,822| AUDIT | action=FORM_OPEN | userId=1 | patientId=2 | mode=ENTER
]]></system-out>
  </testcase>
  <testcase name="shouldDisplayRadioIfRadioStyle" classname="org.openmrs.module.htmlformentry.WorkflowStateTagTest" time="0.262">
    <system-out><![CDATA[INFO - FormEntrySession.<init>(146) |2026-06-19 08:50:02,082| AUDIT | action=FORM_OPEN | userId=1 | patientId=2 | mode=ENTER
]]></system-out>
  </testcase>
  <testcase name="shouldNotEnrollInProgramTwiceIfTwoWorkflowStateSelectorsOnForm" classname="org.openmrs.module.htmlformentry.WorkflowStateTagTest" time="0.292">
    <system-out><![CDATA[INFO - FormEntrySession.<init>(146) |2026-06-19 08:50:02,345| AUDIT | action=FORM_OPEN | userId=1 | patientId=2 | mode=ENTER
INFO - FormEntrySession.applyActions(575) |2026-06-19 08:50:02,378| AUDIT | action=ENCOUNTER_CREATE | userId=1 | patientId=2 | encounterId=3030 | formId=null
]]></system-out>
  </testcase>
  <testcase name="shouldNotEnrollInProgramAgainIfPatientAlreadyEnrolledInProgram" classname="org.openmrs.module.htmlformentry.WorkflowStateTagTest" time="0.297">
    <system-out><![CDATA[INFO - FormEntrySession.<init>(146) |2026-06-19 08:50:02,649| AUDIT | action=FORM_OPEN | userId=1 | patientId=2 | mode=ENTER
INFO - FormEntrySession.applyActions(575) |2026-06-19 08:50:02,680| AUDIT | action=ENCOUNTER_CREATE | userId=1 | patientId=2 | encounterId=3031 | formId=null
]]></system-out>
  </testcase>
  <testcase name="shouldFailIfSpecifiedStateAndDropdownStyle" classname="org.openmrs.module.htmlformentry.WorkflowStateTagTest" time="0.258">
    <system-out><![CDATA[INFO - FormEntrySession.<init>(146) |2026-06-19 08:50:02,935| AUDIT | action=FORM_OPEN | userId=1 | patientId=2 | mode=ENTER
]]></system-out>
  </testcase>
  <testcase name="shouldCreateNewProgramIfEncounterDateNotDuringProgramEnrollmentOnEdit" classname="org.openmrs.module.htmlformentry.WorkflowStateTagTest" time="0.312">
    <system-out><![CDATA[INFO - FormEntrySession.<init>(146) |2026-06-19 08:50:03,196| AUDIT | action=FORM_OPEN | userId=1 | patientId=2 | mode=ENTER
INFO - FormEntrySession.applyActions(575) |2026-06-19 08:50:03,219| AUDIT | action=ENCOUNTER_CREATE | userId=1 | patientId=2 | encounterId=3032 | formId=null
INFO - FormEntrySession.<init>(146) |2026-06-19 08:50:03,220| AUDIT | action=FORM_OPEN | userId=1 | patientId=2 | mode=EDIT
INFO - FormEntrySession.applyActions(698) |2026-06-19 08:50:03,246| AUDIT | action=ENCOUNTER_EDIT | userId=1 | patientId=2 | encounterId=3032 | formId=null
]]></system-out>
  </testcase>
</testsuite>