<?xml version="1.0" encoding="UTF-8"?>
<testsuite xmlns:xsi="http://www.w3.org/2001/XMLSchema-instance" xsi:noNamespaceSchemaLocation="https://maven.apache.org/surefire/maven-surefire-plugin/xsd/surefire-test-report.xsd" version="3.0.2" name="org.openmrs.htmlformentry.element.ConditionElementTest" time="1.802" tests="7" errors="0" skipped="0" failures="0">
  <properties>
[...]
</properties>
  <testcase name="handleSubmission_shouldCreateNewCondition" classname="org.openmrs.htmlformentry.element.ConditionElementTest" time="0.922">
    <system-err><![CDATA[SLF4J: Class path contains multiple SLF4J bindings.
SLF4J: Found binding in [jar:file:/home/runner/.m2/repository/org/slf4j/slf4j-log4j12/1.6.0/slf4j-log4j12-1.6.0.jar!/org/slf4j/impl/StaticLoggerBinder.class]
SLF4J: Found binding in [jar:file:/home/runner/.m2/repository/org/slf4j/slf4j-log4j12/1.6.0/slf4j-log4j12-1.6.0.jar!/org/slf4j/impl/StaticLoggerBinder.class]
SLF4J: See http://www.slf4j.org/codes.html#multiple_bindings for an explanation.
]]></system-err>
  </testcase>
  <testcase name="handleSubmission_shouldCreateInactiveCondition" classname="org.openmrs.htmlformentry.element.ConditionElementTest" time="0.007"/>
  <testcase name="handleSubmission_shouldSupportNoneCodedConceptValues" classname="org.openmrs.htmlformentry.element.ConditionElementTest" time="0.01"/>
  <testcase name="handleSubmission_shouldNotAttemptSavingWhenNoConditionWasGivenAndIsNotRequired" classname="org.openmrs.htmlformentry.element.ConditionElementTest" time="0.004"/>
  <testcase name="handleSubmission_shouldNotCreateConditionInViewMode" classname="org.openmrs.htmlformentry.element.ConditionElementTest" time="0.005"/>
  <testcase name="validateSubmission_shouldFailValidationWhenConditionIsNotGivenAndIsRequired" classname="org.openmrs.htmlformentry.element.ConditionElementTest" time="0.01"/>
  <testcase name="validateSubmission_shouldFailValidationWhenOnsetDateIsGreaterThanEnddate" classname="org.openmrs.htmlformentry.element.ConditionElementTest" time="0.0"/>
</testsuite>